<?xml version="1.0" encoding="utf-8"?><testsuites name="pytest tests"><testsuite name="pytest" errors="0" failures="0" skipped="0" tests="8" time="0.020" timestamp="2026-07-10T10:20:26.521680-04:00" hostname="Jamess-MacBook-Pro.local"><testcase classname="tests.test_cli.OpenSolarCliTests" name="test_help_contains_install_commands_examples_and_warnings" time="0.000" /><testcase classname="tests.test_cli.OpenSolarCliTests" name="test_missing_installed_solar_has_clear_error_for_lifecycle_commands" time="0.002" /></testsuite></testsuites>