<?xml version="1.0" encoding="utf-8"?><testsuites name="pytest tests"><testsuite name="pytest" errors="1" failures="0" skipped="0" tests="1" time="0.090" timestamp="2026-07-10T10:14:45.784251-04:00" hostname="Jamess-MacBook-Pro.local"><testcase classname="" name="harness.tests.test_youtube_migration" time="0.000"><error message="collection failure">ImportError while importing test module '/Users/jamesyuan/Developer/Github Repos (On Git)/BetterSolar/docs/testing/test-runs/20260710-0121-qa-full-audit/tmp/checkout/harness/tests/test_youtube_migration.py'.
Hint: make sure your test modules/packages have valid Python names.
Traceback:
/Users/jamesyuan/.local/share/mise/installs/python/3.14.2/lib/python3.14/importlib/__init__.py:88: in import_module
    return _bootstrap._gcd_import(name[level:], package, level)
           ^^^^^^^^^^^^^^^^^^^^^^^^^^^^^^^^^^^^^^^^^^^^^^^^^^^^
harness/tests/test_youtube_migration.py:11: in &lt;module&gt;
    import youtube_001_subtitle_tracks as migration
E   ModuleNotFoundError: No module named 'youtube_001_subtitle_tracks'</error></testcase></testsuite></testsuites>