<?xml version="1.0" encoding="utf-8"?><testsuites name="pytest tests"><testsuite name="pytest" errors="0" failures="0" skipped="0" tests="4" time="40.435" timestamp="2026-07-10T10:13:30.664466-04:00" hostname="Jamess-MacBook-Pro.local"><testcase classname="harness.tests.evaluators.scientific.test_scientific_lifecycle_runtime_smoke" name="test_scientific_lifecycle_smoke_blocks_configured_publication_tail_without_external_evidence" time="11.660" /><testcase classname="harness.tests.evaluators.scientific.test_scientific_lifecycle_runtime_smoke" name="test_scientific_lifecycle_smoke_strict_production_dispatch_rejects_smoke_boundary" time="8.099" /><testcase classname="harness.tests.evaluators.scientific.test_scientific_lifecycle_runtime_smoke" name="test_scientific_lifecycle_smoke_can_record_external_blocked_nodes" time="8.686" /><testcase classname="harness.tests.evaluators.scientific.test_scientific_lifecycle_runtime_smoke" name="test_scientific_lifecycle_smoke_can_resume_external_blocked_nodes" time="11.873" /></testsuite></testsuites>