<?xml version="1.0" encoding="utf-8"?><testsuites name="pytest tests"><testsuite name="pytest" errors="0" failures="0" skipped="0" tests="3" time="0.031" timestamp="2026-07-10T10:14:41.114943-04:00" hostname="Jamess-MacBook-Pro.local"><testcase classname="harness.tests.test_pane_handoff_evidence.TestPureClaimKeywordRejection" name="test_claim_with_nearby_ref_is_ok" time="0.001" /><testcase classname="harness.tests.test_pane_handoff_evidence.TestPureClaimKeywordRejection" name="test_all_claim_keywords_detected" time="0.001" /><testcase classname="harness.tests.test_pane_handoff_evidence.TestExtractRefs" name="test_no_refs_returns_empty_lists" time="0.000" /></testsuite></testsuites>