<?xml version="1.0" encoding="utf-8"?><testsuites name="pytest tests"><testsuite name="pytest" errors="0" failures="2" skipped="0" tests="3" time="0.084" timestamp="2026-07-10T10:13:29.614241-04:00" hostname="Jamess-MacBook-Pro.local"><testcase classname="harness.tests.data_plane.test_mineru_canonical_sources.TestWorkerIdleBackground" name="test_manifest_yaml_declares_idle_mode" time="0.001" /><testcase classname="harness.tests.data_plane.test_mineru_canonical_sources.TestWorkerIdleBackground" name="test_queue_papers_is_background_only" time="0.000"><failure message="AssertionError: False is not true : queue failed: {'ok': False, 'error': 'manifest not found: /Users/jamesyuan/Developer/Github Repos (On Git)/BetterSolar/docs/testing/test-runs/20260710-0121-qa-full-audit/tmp/final-home/Knowledge/_meta/source-manifest.jsonl', 'papers': [], 'total': 0, 'resolvable': 0, 'unresolved': 0}">harness/tests/data_plane/test_mineru_canonical_sources.py:134: in test_queue_papers_is_background_only
    self.assertTrue(result.get("ok"), f"queue failed: {result}")
E   AssertionError: False is not true : queue failed: {'ok': False, 'error': 'manifest not found: /Users/jamesyuan/Developer/Github Repos (On Git)/BetterSolar/docs/testing/test-runs/20260710-0121-qa-full-audit/tmp/final-home/Knowledge/_meta/source-manifest.jsonl', 'papers': [], 'total': 0, 'resolvable': 0, 'unresolved': 0}</failure></testcase><testcase classname="harness.tests.data_plane.test_mineru_canonical_sources.TestNoForegroundBlocking" name="test_extract_single_pdf_without_background_flag" time="0.001"><failure message="AssertionError: None != 'idle_background'">harness/tests/data_plane/test_mineru_canonical_sources.py:194: in test_extract_single_pdf_without_background_flag
    self.assertEqual(result.get("mode"), "idle_background")
E   AssertionError: None != 'idle_background'</failure></testcase></testsuite></testsuites>