<?xml version="1.0" encoding="utf-8"?><testsuites name="pytest tests"><testsuite name="pytest" errors="0" failures="0" skipped="0" tests="3" time="0.050" timestamp="2026-07-10T10:14:38.332012-04:00" hostname="Jamess-MacBook-Pro.local"><testcase classname="harness.tests.test_hf_paper_insight_scoring.TestCanonicalizer" name="test_dedup_by_arxiv_id" time="0.005" /><testcase classname="harness.tests.test_hf_paper_insight_scoring.TestCanonicalizer" name="test_dedup_by_title_hash" time="0.005" /><testcase classname="harness.tests.test_hf_paper_insight_scoring.TestCanonicalizer" name="test_no_dedup_different_papers" time="0.006" /></testsuite></testsuites>