<?xml version="1.0" encoding="utf-8"?><testsuites name="pytest tests"><testsuite name="pytest" errors="0" failures="0" skipped="0" tests="2" time="0.036" timestamp="2026-07-10T10:12:29.986892-04:00" hostname="Jamess-MacBook-Pro.local"><testcase classname="harness.lib.capabilities.gemini_deep_research.tests.test_core.TestPersistence" name="test_read_missing_run_empty" time="0.001" /><testcase classname="harness.lib.capabilities.gemini_deep_research.tests.test_core.TestControllerPaths" name="test_done_but_incomplete_marks_failed" time="0.003" /></testsuite></testsuites>