<?xml version="1.0" encoding="utf-8"?><testsuites name="pytest tests"><testsuite name="pytest" errors="0" failures="0" skipped="0" tests="3" time="0.050" timestamp="2026-07-10T10:14:42.025283-04:00" hostname="Jamess-MacBook-Pro.local"><testcase classname="harness.tests.test_pm_dispatch" name="test_cmd_submit_canonicalizes_analysis_audit_node_before_submit" time="0.013" /><testcase classname="harness.tests.test_pm_dispatch" name="test_cmd_compile_request_rejects_invalid_compiled_package" time="0.002" /><testcase classname="harness.tests.test_pm_dispatch" name="test_drain_builder_ready_submits_and_marks_graph" time="0.009" /></testsuite></testsuites>