<?xml version="1.0" encoding="utf-8"?><testsuites name="pytest tests"><testsuite name="pytest" errors="0" failures="0" skipped="0" tests="2" time="0.107" timestamp="2026-07-10T10:13:29.137718-04:00" hostname="Jamess-MacBook-Pro.local"><testcase classname="harness.tests.control_plane.test-autopilot-builder-ready-drain" name="test_drain_builder_ready_backlog_invokes_pm_dispatch" time="0.035" /><testcase classname="harness.tests.control_plane.test-autopilot-builder-ready-drain" name="test_scan_once_drains_builder_ready_when_apply_dispatch" time="0.003" /></testsuite></testsuites>