<?xml version="1.0" encoding="utf-8"?><testsuites name="pytest tests"><testsuite name="pytest" errors="0" failures="0" skipped="0" tests="2" time="0.115" timestamp="2026-07-10T10:14:27.215111-04:00" hostname="Jamess-MacBook-Pro.local"><testcase classname="harness.tests.orchestration.test_orchestration_routes.TestGetSprint" name="test_sprint_degraded_when_no_task_graph" time="0.025" /><testcase classname="harness.tests.orchestration.test_orchestration_routes.TestGetEvents" name="test_returns_capability_events" time="0.003" /></testsuite></testsuites>