<?xml version="1.0" encoding="utf-8"?><testsuites name="pytest tests"><testsuite name="pytest" errors="0" failures="1" skipped="0" tests="1" time="0.041" timestamp="2026-07-10T10:14:38.742006-04:00" hostname="Jamess-MacBook-Pro.local"><testcase classname="harness.tests.test_knowledge_semantic_extract_health" name="test_thunderomlx_health_resolves_legacy_mini_alias_to_loaded_qwen" time="0.005"><failure message="AssertionError: assert False is True&#10; +  where False = &lt;function thunderomlx_healthy at 0x10b88b270&gt;(Namespace(endpoint='http://127.0.0.1:8002', proxy_model='mini-thunderomlx-qwen36-knowledge', local_model='Qwen3.6-35b-a3b'))&#10; +    where &lt;function thunderomlx_healthy at 0x10b88b270&gt; = &lt;module 'knowledge_semantic_extract' from '/Users/jamesyuan/Developer/Github Repos (On Git)/BetterSolar/docs/testing/test-runs/20260710-0121-qa-full-audit/tmp/checkout/harness/lib/knowledge-semantic-extract.py'&gt;.thunderomlx_healthy">harness/tests/test_knowledge_semantic_extract_health.py:52: in test_thunderomlx_health_resolves_legacy_mini_alias_to_loaded_qwen
    assert mod.thunderomlx_healthy(args) is True
E   AssertionError: assert False is True
E    +  where False = &lt;function thunderomlx_healthy at 0x10b88b270&gt;(Namespace(endpoint='http://127.0.0.1:8002', proxy_model='mini-thunderomlx-qwen36-knowledge', local_model='Qwen3.6-35b-a3b'))
E    +    where &lt;function thunderomlx_healthy at 0x10b88b270&gt; = &lt;module 'knowledge_semantic_extract' from '/Users/jamesyuan/Developer/Github Repos (On Git)/BetterSolar/docs/testing/test-runs/20260710-0121-qa-full-audit/tmp/checkout/harness/lib/knowledge-semantic-extract.py'&gt;.thunderomlx_healthy</failure></testcase></testsuite></testsuites>