<?xml version="1.0" encoding="utf-8"?><testsuites name="pytest tests"><testsuite name="pytest" errors="0" failures="2" skipped="0" tests="31" time="37.444" timestamp="2026-07-10T10:12:30.582741-04:00" hostname="Jamess-MacBook-Pro.local"><testcase classname="harness.plugins.autosci.tests.test_autosci_skill_shim" name="test_autosci_skill_shim_ingest_final_source_registration_boundary_ready_with_wiki_state" time="1.170" /><testcase classname="harness.plugins.autosci.tests.test_autosci_skill_shim" name="test_autosci_skill_shim_accepts_discover_from_wiki_limit" time="0.514" /><testcase classname="harness.plugins.autosci.tests.test_autosci_skill_shim" name="test_autosci_skill_shim_research_scheduler_strict_workflow_config_alignment_fails" time="8.525" /><testcase classname="harness.plugins.autosci.tests.test_autosci_skill_shim" name="test_autosci_skill_shim_research_scheduler_strict_production_dispatch_fails" time="8.506" /><testcase classname="harness.plugins.autosci.tests.test_autosci_skill_shim" name="test_autosci_skill_shim_exp_pilot_run_parity_demo_auto_executes_local_command" time="0.449"><failure message="AssertionError: assert 'inconclusive' == 'completed'&#10;  &#10;  - completed&#10;  + inconclusive">harness/plugins/autosci/tests/test_autosci_skill_shim.py:2866: in test_autosci_skill_shim_exp_pilot_run_parity_demo_auto_executes_local_command
    assert result["status"] == "completed"
E   AssertionError: assert 'inconclusive' == 'completed'
E     
E     - completed
E     + inconclusive</failure></testcase><testcase classname="harness.plugins.autosci.tests.test_autosci_skill_shim" name="test_autosci_skill_shim_exp_status_reads_persistent_session_registry" time="4.141" /><testcase classname="harness.plugins.autosci.tests.test_autosci_skill_shim" name="test_autosci_skill_shim_exp_collect_writes_multiseed_metric_aggregate_report" time="0.484" /><testcase classname="harness.plugins.autosci.tests.test_autosci_skill_shim" name="test_autosci_skill_shim_accepts_paper_plan_title_without_topic_fallback" time="0.425" /><testcase classname="harness.plugins.autosci.tests.test_autosci_skill_shim" name="test_autosci_skill_shim_paper_plan_blocks_final_acceptance_without_compile" time="0.442" /><testcase classname="harness.plugins.autosci.tests.test_autosci_skill_shim" name="test_autosci_skill_shim_paper_plan_rejects_weak_review_llm_boundary" time="0.402" /><testcase classname="harness.plugins.autosci.tests.test_autosci_skill_shim" name="test_autosci_skill_shim_paper_plan_attaches_verified_compile_handoff" time="0.455" /><testcase classname="harness.plugins.autosci.tests.test_autosci_skill_shim" name="test_autosci_skill_shim_paper_draft_includes_verified_compile_pdf_handoff" time="0.435" /><testcase classname="harness.plugins.autosci.tests.test_autosci_skill_shim" name="test_autosci_skill_shim_survey_completes_with_citation_evidence" time="0.418" /><testcase classname="harness.plugins.autosci.tests.test_autosci_skill_shim" name="test_autosci_skill_shim_check_uses_model_command_for_quality_review" time="0.520" /><testcase classname="harness.plugins.autosci.tests.test_autosci_skill_shim" name="test_autosci_skill_shim_visualize_projects_action_graph_update_into_workspace_graph" time="0.676" /><testcase classname="harness.plugins.autosci.tests.test_autosci_skill_shim" name="test_autosci_skill_shim_visualize_accepts_native_focus_and_filters" time="0.590" /><testcase classname="harness.plugins.autosci.tests.test_autosci_skill_shim" name="test_autosci_web_visualization_compatibility_tools_generate_graph_artifacts" time="0.214" /><testcase classname="harness.plugins.autosci.tests.test_autosci_skill_shim" name="test_autosci_skill_shim_poster_builds_native_content_from_paper_dir" time="0.682" /><testcase classname="harness.plugins.autosci.tests.test_autosci_skill_shim" name="test_autosci_skill_shim_rejects_invalid_paper_compile_pdf" time="1.416" /><testcase classname="harness.plugins.autosci.tests.test_autosci_skill_shim" name="test_autosci_skill_shim_paper_compile_missing_tool_inconclusive" time="0.433" /><testcase classname="harness.plugins.autosci.tests.test_autosci_skill_shim" name="test_autosci_skill_shim_paper_compile_pdf_inspection_satisfies_venue_readiness" time="0.429" /><testcase classname="harness.plugins.autosci.tests.test_autosci_skill_shim" name="test_autosci_skill_shim_ideate_promotes_with_model_novelty_and_review_evidence" time="0.850" /><testcase classname="harness.plugins.autosci.tests.test_autosci_skill_shim" name="test_autosci_skill_shim_ideate_pilot_handoff_closes_phase5_and_allows_projection" time="0.826" /><testcase classname="harness.plugins.autosci.tests.test_autosci_skill_shim" name="test_autosci_skill_shim_ideate_without_sources_is_inconclusive_not_fixture" time="0.725" /><testcase classname="harness.plugins.autosci.tests.test_autosci_skill_shim" name="test_autosci_skill_shim_novelty_write_skips_without_review_llm_evidence" time="0.419" /><testcase classname="harness.plugins.autosci.tests.test_autosci_skill_shim" name="test_autosci_skill_shim_novelty_write_updates_with_external_and_review_llm_evidence" time="0.401" /><testcase classname="harness.plugins.autosci.tests.test_autosci_skill_shim" name="test_autosci_skill_shim_novelty_write_uses_review_llm_command_bridge" time="0.457" /><testcase classname="harness.plugins.autosci.tests.test_autosci_skill_shim" name="test_autosci_skill_shim_novelty_write_skips_external_without_provenance" time="0.450" /><testcase classname="harness.plugins.autosci.tests.test_autosci_skill_shim" name="test_autosci_skill_shim_runs_review_as_artifact_review" time="0.412" /><testcase classname="harness.plugins.autosci.tests.test_autosci_skill_shim" name="test_autosci_skill_shim_review_resolves_harness_prefixed_workspace_path" time="0.449" /><testcase classname="harness.plugins.autosci.tests.test_autosci_skill_shim" name="test_autosci_skill_shim_setup_autosci_native_writes_explicit_dotenv_without_secret_leakage" time="0.404"><failure message="AssertionError: &#10;assert 2 == 0&#10; +  where 2 = CompletedProcess(args=['/Users/jamesyuan/Developer/Github Repos (On Git)/BetterSolar/docs/testing/test-runs/20260710-0...etup&quot;,\n  &quot;status&quot;: &quot;failed&quot;,\n  &quot;work_dir&quot;: &quot;artifacts/autosci/runs/shim-setup-autosci-native-write&quot;\n}\n', stderr='').returncode">harness/plugins/autosci/tests/test_autosci_skill_shim.py:12623: in test_autosci_skill_shim_setup_autosci_native_writes_explicit_dotenv_without_secret_leakage
    assert proc.returncode == 0, proc.stderr
E   AssertionError: 
E   assert 2 == 0
E    +  where 2 = CompletedProcess(args=['/Users/jamesyuan/Developer/Github Repos (On Git)/BetterSolar/docs/testing/test-runs/20260710-0...etup",\n  "status": "failed",\n  "work_dir": "artifacts/autosci/runs/shim-setup-autosci-native-write"\n}\n', stderr='').returncode</failure></testcase></testsuite></testsuites>