<?xml version="1.0" encoding="utf-8"?><testsuites name="pytest tests"><testsuite name="pytest" errors="0" failures="0" skipped="0" tests="3" time="0.031" timestamp="2026-07-10T10:14:43.615467-04:00" hostname="Jamess-MacBook-Pro.local"><testcase classname="harness.tests.test_social_account_registry" name="test_registry_get_returns_none_for_missing" time="0.000" /><testcase classname="harness.tests.test_social_account_registry" name="test_registry_import_manual_string_handles" time="0.001" /><testcase classname="harness.tests.test_social_account_registry" name="test_registry_import_manual_dict_entries" time="0.000" /></testsuite></testsuites>