<?xml version="1.0" encoding="utf-8"?><testsuites name="pytest tests"><testsuite name="pytest" errors="0" failures="0" skipped="0" tests="3" time="0.458" timestamp="2026-07-10T10:14:31.443021-04:00" hostname="Jamess-MacBook-Pro.local"><testcase classname="harness.tests.test_apo_dynamic_planner" name="test_expand_workflow_stages_have_operators" time="0.001" /><testcase classname="harness.tests.test_apo_dynamic_planner" name="test_compile_emits_logical_workflow" time="0.210" /><testcase classname="harness.tests.test_apo_dynamic_planner" name="test_compile_mcp_plan_has_required_capabilities_for_flashmlx" time="0.210" /></testsuite></testsuites>