<?xml version="1.0" encoding="utf-8"?><testsuites name="pytest tests"><testsuite name="pytest" errors="0" failures="0" skipped="0" tests="5" time="0.032" timestamp="2026-07-10T10:14:27.029739-04:00" hostname="Jamess-MacBook-Pro.local"><testcase classname="harness.tests.livework.test_state_aggregator.TestAggregatePaneStateIdle" name="test_idle_heartbeat_no_active_panes" time="0.000" /><testcase classname="harness.tests.livework.test_state_aggregator.TestAggregatePaneStateIdle" name="test_idle_heartbeat_pane_details_populated" time="0.000" /><testcase classname="harness.tests.livework.test_state_aggregator.TestResolveRole" name="test_next_action_builder_working" time="0.000" /><testcase classname="harness.tests.livework.test_state_aggregator.TestDeterminism" name="test_aggregate_pane_state_idempotent" time="0.000" /><testcase classname="harness.tests.livework.test_state_aggregator.TestDeterminism" name="test_aggregate_pane_state_deterministic_order" time="0.000" /></testsuite></testsuites>