<?xml version="1.0" encoding="utf-8"?><testsuites name="pytest tests"><testsuite name="pytest" errors="0" failures="0" skipped="0" tests="2" time="0.100" timestamp="2026-07-10T10:14:29.183382-04:00" hostname="Jamess-MacBook-Pro.local"><testcase classname="harness.tests.research_unit.test_cli.TestTechnicalArchitectureProfile" name="test_continue_pipeline_rewrites_sections_when_claims_already_exist" time="0.043" /><testcase classname="harness.tests.research_unit.test_cli.TestPolicyCli" name="test_policy_explain_scores_arxiv_paper" time="0.006" /></testsuite></testsuites>