<?xml version="1.0" encoding="utf-8"?><testsuites name="pytest tests"><testsuite name="pytest" errors="0" failures="0" skipped="0" tests="3" time="0.116" timestamp="2026-07-10T10:13:18.018747-04:00" hostname="Jamess-MacBook-Pro.local"><testcase classname="harness.plugins.autosci.tests.test_literature_discover" name="test_from_wiki_uses_recent_arxiv_anchors_and_honors_limit" time="0.055" /><testcase classname="harness.plugins.autosci.tests.test_literature_discover" name="test_topic_discovery_retries_semantic_scholar_429_then_returns_candidates" time="0.001" /><testcase classname="harness.plugins.autosci.tests.test_literature_discover" name="test_topic_discovery_exhausted_semantic_scholar_429_is_inconclusive" time="0.000" /></testsuite></testsuites>