<?xml version="1.0" encoding="utf-8"?><testsuites name="pytest tests"><testsuite name="pytest" errors="0" failures="0" skipped="0" tests="3" time="0.030" timestamp="2026-07-10T10:14:17.902531-04:00" hostname="Jamess-MacBook-Pro.local"><testcase classname="harness.tests.graph.test_graph_scheduler_external_deps" name="test_external_depends_on_blocks_ready_nodes" time="0.001" /><testcase classname="harness.tests.graph.test_graph_scheduler_external_deps" name="test_ready_nodes_does_not_raise_parallelism_quality_during_inflight" time="0.001" /><testcase classname="harness.tests.graph.test_graph_scheduler_external_deps" name="test_ready_nodes_still_raises_structural_validation_errors" time="0.000" /></testsuite></testsuites>