<?xml version="1.0" encoding="utf-8"?><testsuites name="pytest tests"><testsuite name="pytest" errors="0" failures="0" skipped="0" tests="3" time="0.023" timestamp="2026-07-10T10:14:46.056509-04:00" hostname="Jamess-MacBook-Pro.local"><testcase classname="skills.email-to-calendar.scripts.tests.test_activity_ops.TestStartSession" name="test_start_session_output" time="0.001" /><testcase classname="skills.email-to-calendar.scripts.tests.test_activity_ops.TestLogSkip" name="test_log_skip_without_session_raises_error" time="0.000" /><testcase classname="skills.email-to-calendar.scripts.tests.test_activity_ops.TestLogEvent" name="test_log_event_without_session_raises_error" time="0.000" /></testsuite></testsuites>