<?xml version="1.0" encoding="utf-8"?><testsuites name="pytest tests"><testsuite name="pytest" errors="0" failures="0" skipped="0" tests="17" time="0.169" timestamp="2026-07-10T10:14:17.558366-04:00" hostname="Jamess-MacBook-Pro.local"><testcase classname="harness.tests.graph.test_graph_dispatch_submit.TestSendToPaneLiteral" name="test_sprint_level_handoff_does_not_reconcile_before_dependencies_pass" time="0.016" /><testcase classname="harness.tests.graph.test_graph_dispatch_submit.TestSendToPaneLiteral" name="test_sprint_level_handoff_reconciles_owner_node_after_dependencies_pass" time="0.002" /><testcase classname="harness.tests.graph.test_graph_dispatch_submit.TestSendToPaneLiteral" name="test_eval_sidecar_does_not_reconcile_before_dependencies_pass" time="0.001" /><testcase classname="harness.tests.graph.test_graph_dispatch_submit.TestSendToPaneLiteral" name="test_stale_submit_ack_without_live_lease_does_not_resurrect_dispatch" time="0.015" /><testcase classname="harness.tests.graph.test_graph_dispatch_submit.TestSendToPaneLiteral" name="test_active_dispatch_without_live_lease_requeues_pending" time="0.001" /><testcase classname="harness.tests.graph.test_graph_dispatch_submit.TestSendToPaneLiteral" name="test_reconcile_accepts_lowercase_passed_eval_sidecar" time="0.002" /><testcase classname="harness.tests.graph.test_graph_dispatch_submit.TestSendToPaneLiteral" name="test_reconcile_blocks_self_graded_pass_eval_sidecar" time="0.001" /><testcase classname="harness.tests.graph.test_graph_dispatch_submit.TestSendToPaneLiteral" name="test_eval_fail_requests_graph_node_repair_round" time="0.003" /><testcase classname="harness.tests.graph.test_graph_dispatch_submit.TestSendToPaneLiteral" name="test_repair_handoff_newer_than_eval_sidecar_gets_fresh_review" time="0.001" /><testcase classname="harness.tests.graph.test_graph_dispatch_submit.TestSendToPaneLiteral" name="test_late_pre_repair_eval_output_is_archived_even_if_old_dispatch_sidecar_was_touched" time="0.002" /><testcase classname="harness.tests.graph.test_graph_dispatch_submit.TestSendToPaneLiteral" name="test_direct_node_verdict_fail_requests_graph_node_repair_round" time="0.003" /><testcase classname="harness.tests.graph.test_graph_dispatch_submit.TestSendToPaneLiteral" name="test_direct_node_verdict_fail_after_repair_limit_marks_terminal_failed" time="0.002" /><testcase classname="harness.tests.graph.test_graph_dispatch_submit.TestSendToPaneLiteral" name="test_failed_review_nodes_are_ready_for_repair_dispatch" time="0.005" /><testcase classname="harness.tests.graph.test_graph_dispatch_submit.TestSendToPaneLiteral" name="test_clears_line_before_send" time="0.005" /><testcase classname="harness.tests.graph.test_graph_dispatch_submit.TestSubmitFailureRecovery" name="test_dispatch_releases_lease_on_send_failure" time="0.070" /><testcase classname="harness.tests.graph.test_graph_dispatch_submit.TestSubmitFailureRecovery" name="test_dispatch_success_no_lease_release" time="0.002" /><testcase classname="harness.tests.graph.test_graph_dispatch_submit.TestQueueStateSemantics" name="test_enqueue_ready_marks_assigned_not_dispatched" time="0.003" /></testsuite></testsuites>