<?xml version="1.0" encoding="utf-8"?><testsuites name="pytest tests"><testsuite name="pytest" errors="0" failures="1" skipped="0" tests="1" time="0.043" timestamp="2026-07-10T10:14:18.279047-04:00" hostname="Jamess-MacBook-Pro.local"><testcase classname="harness.tests.graph.test_multi_task_runner_reuse" name="test_compact_tmux_session_creates_anchor_when_no_reusable_target" time="0.001"><failure message="AttributeError: &lt;module 'multi_task_runner' from '/Users/jamesyuan/Developer/Github Repos (On Git)/BetterSolar/docs/testing/test-runs/20260710-0121-qa-full-audit/tmp/checkout/harness/lib/multi_task_runner.py'&gt; has no attribute 'tmux_window_records'">harness/tests/graph/test_multi_task_runner_reuse.py:219: in test_compact_tmux_session_creates_anchor_when_no_reusable_target
    monkeypatch.setattr(multi_task_runner, "tmux_window_records", lambda: windows)
E   AttributeError: &lt;module 'multi_task_runner' from '/Users/jamesyuan/Developer/Github Repos (On Git)/BetterSolar/docs/testing/test-runs/20260710-0121-qa-full-audit/tmp/checkout/harness/lib/multi_task_runner.py'&gt; has no attribute 'tmux_window_records'</failure></testcase></testsuite></testsuites>