<?xml version="1.0" encoding="utf-8"?><testsuites name="pytest tests"><testsuite name="pytest" errors="0" failures="0" skipped="0" tests="27" time="0.052" timestamp="2026-07-10T10:14:19.082909-04:00" hostname="Jamess-MacBook-Pro.local"><testcase classname="harness.tests.graph.test_task_graph_state_io" name="test_state_path" time="0.001" /><testcase classname="harness.tests.graph.test_task_graph_state_io" name="test_closure_path" time="0.000" /><testcase classname="harness.tests.graph.test_task_graph_state_io" name="test_spec_path" time="0.000" /><testcase classname="harness.tests.graph.test_task_graph_state_io" name="test_make_empty_state" time="0.001" /><testcase classname="harness.tests.graph.test_task_graph_state_io" name="test_make_empty_closure" time="0.000" /><testcase classname="harness.tests.graph.test_task_graph_state_io" name="test_save_and_load_state" time="0.001" /><testcase classname="harness.tests.graph.test_task_graph_state_io" name="test_load_state_missing_returns_none" time="0.000" /><testcase classname="harness.tests.graph.test_task_graph_state_io" name="test_atomic_write_no_tmp_leftover" time="0.001" /><testcase classname="harness.tests.graph.test_task_graph_state_io" name="test_save_and_load_closure" time="0.001" /><testcase classname="harness.tests.graph.test_task_graph_state_io" name="test_load_closure_missing_returns_none" time="0.000" /><testcase classname="harness.tests.graph.test_task_graph_state_io" name="test_backfill_state_from_legacy" time="0.001" /><testcase classname="harness.tests.graph.test_task_graph_state_io" name="test_backfill_state_does_not_overwrite" time="0.001" /><testcase classname="harness.tests.graph.test_task_graph_state_io" name="test_backfill_state_force_overwrites" time="0.002" /><testcase classname="harness.tests.graph.test_task_graph_state_io" name="test_backfill_state_raises_on_missing_sprint_id" time="0.000" /><testcase classname="harness.tests.graph.test_task_graph_state_io" name="test_backfill_closure_from_legacy_not_closed" time="0.001" /><testcase classname="harness.tests.graph.test_task_graph_state_io" name="test_backfill_closure_from_legacy_closed" time="0.001" /><testcase classname="harness.tests.graph.test_task_graph_state_io" name="test_backfill_closure_does_not_overwrite" time="0.001" /><testcase classname="harness.tests.graph.test_task_graph_state_io" name="test_backfill_closure_force_overwrites" time="0.001" /><testcase classname="harness.tests.graph.test_task_graph_state_io" name="test_load_three_face_with_backfill" time="0.001" /><testcase classname="harness.tests.graph.test_task_graph_state_io" name="test_load_three_face_no_spec" time="0.000" /><testcase classname="harness.tests.graph.test_task_graph_state_io" name="test_load_three_face_preexisting_state" time="0.001" /><testcase classname="harness.tests.graph.test_task_graph_state_io" name="test_record_event" time="0.001" /><testcase classname="harness.tests.graph.test_task_graph_state_io" name="test_set_node_result" time="0.001" /><testcase classname="harness.tests.graph.test_task_graph_state_io" name="test_state_operations_do_not_touch_spec" time="0.001" /><testcase classname="harness.tests.graph.test_task_graph_state_io" name="test_sprint_id_from_graph_field" time="0.000" /><testcase classname="harness.tests.graph.test_task_graph_state_io" name="test_sprint_id_from_id_field" time="0.000" /><testcase classname="harness.tests.graph.test_task_graph_state_io" name="test_sprint_id_from_path" time="0.000" /></testsuite></testsuites>