<?xml version="1.0" encoding="utf-8"?><testsuites name="pytest tests"><testsuite name="pytest" errors="0" failures="0" skipped="0" tests="3" time="3.751" timestamp="2026-07-10T10:14:11.670324-04:00" hostname="Jamess-MacBook-Pro.local"><testcase classname="harness.tests.graph.test_autosci_eval_dispatch" name="test_dispatch_node_evals_routes_autosci_contract_to_autosci_evaluator_green" time="1.348" /><testcase classname="harness.tests.graph.test_autosci_eval_dispatch" name="test_normal_intake_autosci_dispatch_ready_uses_exact_autosci_operator" time="1.032" /><testcase classname="harness.tests.graph.test_autosci_eval_dispatch" name="test_dispatch_node_evals_autosci_fail_blocks_stage_red" time="1.339" /></testsuite></testsuites>