<?xml version="1.0" encoding="utf-8"?><testsuites name="pytest tests"><testsuite name="pytest" errors="0" failures="0" skipped="0" tests="2" time="0.047" timestamp="2026-07-10T10:14:18.653360-04:00" hostname="Jamess-MacBook-Pro.local"><testcase classname="harness.tests.graph.test_node_proof_obligations.TestHandoffOnlyPassReportsReviewing" name="test_doctor_detects_passed_missing_eval" time="0.001" /><testcase classname="harness.tests.graph.test_node_proof_obligations.TestHandoffOnlyPassReportsReviewing" name="test_doctor_repairs_passed_missing_eval" time="0.001" /></testsuite></testsuites>