<?xml version="1.0" encoding="utf-8"?><testsuites name="pytest tests"><testsuite name="pytest" errors="0" failures="0" skipped="0" tests="17" time="0.123" timestamp="2026-07-10T10:14:36.523562-04:00" hostname="Jamess-MacBook-Pro.local"><testcase classname="harness.tests.test_context_store_schema.TestContextStoreSchemaDefinitions" name="test_schema_defines_task_envelope" time="0.001" /><testcase classname="harness.tests.test_context_store_schema.TestContextStoreSchemaDefinitions" name="test_task_envelope_requires_envelope_id" time="0.000" /><testcase classname="harness.tests.test_context_store_schema.TestContextStoreSchemaDefinitions" name="test_task_envelope_requires_task_id" time="0.000" /><testcase classname="harness.tests.test_context_store_schema.TestContextStoreSchemaDefinitions" name="test_task_envelope_requires_criticality" time="0.000" /><testcase classname="harness.tests.test_context_store_schema.TestContextStoreSchemaDefinitions" name="test_task_envelope_requires_assigned_actor_id" time="0.000" /><testcase classname="harness.tests.test_context_store_schema.TestCriticalTaskEnvelopeEnforcement" name="test_critical_envelope_without_context_fails" time="0.007" /><testcase classname="harness.tests.test_context_store_schema.TestCriticalTaskEnvelopeEnforcement" name="test_critical_envelope_with_null_context_packet_ref_fails" time="0.007" /><testcase classname="harness.tests.test_context_store_schema.TestTaskPacketConstraints" name="test_task_packet_with_sprint_and_node_passes" time="0.006" /><testcase classname="harness.tests.test_context_store_schema.TestTaskPacketConstraints" name="test_task_packet_without_sprint_id_fails" time="0.007" /><testcase classname="harness.tests.test_context_store_schema.TestTaskPacketConstraints" name="test_task_packet_without_node_id_fails" time="0.007" /><testcase classname="harness.tests.test_context_store_schema.TestTaskPacketConstraints" name="test_project_packet_without_sprint_and_node_passes" time="0.007" /><testcase classname="harness.tests.test_context_store_schema.TestTaskPacketConstraints" name="test_memory_packet_without_sprint_and_node_passes" time="0.007" /><testcase classname="harness.tests.test_context_store_schema.TestTaskPacketConstraints" name="test_packet_type_rejects_unknown_type" time="0.007" /><testcase classname="harness.tests.test_context_store_schema.TestContextStoreFixture" name="test_all_envelope_ids_match_their_keys" time="0.003" /><testcase classname="harness.tests.test_context_store_schema.TestContextStoreFixture" name="test_task_packets_have_sprint_and_node" time="0.000" /><testcase classname="harness.tests.test_context_store_schema.TestContextStoreSchemaValidation" name="test_schema_rejects_missing_packets" time="0.006" /><testcase classname="harness.tests.test_context_store_schema.TestContextStoreSchemaValidation" name="test_schema_rejects_missing_version" time="0.006" /></testsuite></testsuites>