<?xml version="1.0" encoding="utf-8"?><testsuites name="pytest tests"><testsuite name="pytest" errors="0" failures="0" skipped="0" tests="2" time="0.028" timestamp="2026-07-10T10:14:36.822886-04:00" hostname="Jamess-MacBook-Pro.local"><testcase classname="harness.tests.test_dispatcher_env_passthrough.TestGraphSchedulerSignatureUnchanged" name="test_graph_scheduler_signature_load_graph" time="0.001" /><testcase classname="harness.tests.test_dispatcher_env_passthrough.TestGraphSchedulerSignatureUnchanged" name="test_graph_scheduler_signature_ready_nodes" time="0.000" /></testsuite></testsuites>