<?xml version="1.0" encoding="utf-8"?><testsuites name="pytest tests"><testsuite name="pytest" errors="0" failures="0" skipped="0" tests="10" time="9.720" timestamp="2026-07-10T10:13:08.157361-04:00" hostname="Jamess-MacBook-Pro.local"><testcase classname="harness.plugins.autosci.tests.test_bridge_smoke" name="test_smoke_writes_result_and_evidence_jsonl" time="0.475" /><testcase classname="harness.plugins.autosci.tests.test_bridge_smoke" name="test_phase9_ingest_writes_foundation_sidecars" time="0.463" /><testcase classname="harness.plugins.autosci.tests.test_bridge_smoke" name="test_phase9_analyze_paper_preserves_analysis" time="0.479" /><testcase classname="harness.plugins.autosci.tests.test_bridge_smoke" name="test_phase10_claim_method_and_code_actions_write_canonical_evidence" time="1.186" /><testcase classname="harness.plugins.autosci.tests.test_bridge_smoke" name="test_phase10_claims_and_methods_use_input_paper_anchors" time="0.922" /><testcase classname="harness.plugins.autosci.tests.test_bridge_smoke" name="test_phase10_code_mapping_marks_missing_repo_unknown" time="0.287" /><testcase classname="harness.plugins.autosci.tests.test_bridge_smoke" name="test_phase11_generate_and_evaluate_ideas_write_native_evidence" time="1.992" /><testcase classname="harness.plugins.autosci.tests.test_bridge_smoke" name="test_phase12_design_without_target_does_not_default_to_idea_001" time="0.283" /><testcase classname="harness.plugins.autosci.tests.test_bridge_smoke" name="test_phase13_verify_claim_maps_experiment_outcomes_to_verdicts" time="1.917" /><testcase classname="harness.plugins.autosci.tests.test_bridge_smoke" name="test_phase14_write_report_outputs_report_and_publication_bundle" time="1.677" /></testsuite></testsuites>