<?xml version="1.0" encoding="utf-8"?><testsuites name="pytest tests"><testsuite name="pytest" errors="0" failures="0" skipped="0" tests="3" time="0.033" timestamp="2026-07-10T10:14:26.820695-04:00" hostname="Jamess-MacBook-Pro.local"><testcase classname="harness.tests.livework.test_dispatch_visibility.TestPartialReady" name="test_partial_ready_nodes" time="0.001" /><testcase classname="harness.tests.livework.test_dispatch_visibility.TestAllBlocked" name="test_all_nodes_blocked_by_unmet_deps" time="0.001" /><testcase classname="harness.tests.livework.test_dispatch_visibility.TestAllBlocked" name="test_passed_nodes_excluded_from_ready_and_blocked" time="0.001" /></testsuite></testsuites>