<?xml version="1.0" encoding="utf-8"?><testsuites name="pytest tests"><testsuite name="pytest" errors="0" failures="0" skipped="0" tests="2" time="0.119" timestamp="2026-07-10T10:14:39.970686-04:00" hostname="Jamess-MacBook-Pro.local"><testcase classname="harness.tests.test_operator_router.TestDispatchFallback" name="test_primary_fails_fallback_succeeds" time="0.043" /><testcase classname="harness.tests.test_operator_router.TestDispatchWithControl" name="test_dual_run_primary_fails_control_succeeds" time="0.043" /></testsuite></testsuites>