<?xml version="1.0" encoding="utf-8"?><testsuites name="pytest tests"><testsuite name="pytest" errors="0" failures="0" skipped="0" tests="3" time="0.051" timestamp="2026-07-10T10:14:18.463514-04:00" hostname="Jamess-MacBook-Pro.local"><testcase classname="harness.tests.graph.test_multi_task_runner_stale_schedulers" name="test_all_graphs_terminal_accepts_only_terminal_states" time="0.006" /><testcase classname="harness.tests.graph.test_multi_task_runner_stale_schedulers" name="test_all_graphs_terminal_rejects_reviewing_and_pending" time="0.001" /><testcase classname="harness.tests.graph.test_multi_task_runner_stale_schedulers" name="test_start_loop_exits_when_explicit_graphs_terminal" time="0.012" /></testsuite></testsuites>