<?xml version="1.0" encoding="utf-8"?><testsuites name="pytest tests"><testsuite name="pytest" errors="0" failures="0" skipped="0" tests="6" time="0.082" timestamp="2026-07-10T10:14:19.323025-04:00" hostname="Jamess-MacBook-Pro.local"><testcase classname="harness.tests.graph.test_worker_assignment_reasons" name="test_skill_short_worker_is_assignable_but_capability_short_strands" time="0.011" /><testcase classname="harness.tests.graph.test_worker_assignment_reasons" name="test_enriched_dag_capabilities_are_assignable" time="0.001" /><testcase classname="harness.tests.graph.test_worker_assignment_reasons" name="test_skill_labels_can_satisfy_required_capabilities" time="0.001" /><testcase classname="harness.tests.graph.test_worker_assignment_reasons" name="test_capability_match_accepts_any_alias_per_required_label" time="0.001" /><testcase classname="harness.tests.graph.test_worker_assignment_reasons" name="test_enqueue_ready_marks_no_matching_worker_nodes_as_worker_blocked" time="0.018" /><testcase classname="harness.tests.graph.test_worker_assignment_reasons" name="test_worker_blocked_nodes_are_retryable_after_capability_fix" time="0.018" /></testsuite></testsuites>