<?xml version="1.0" encoding="utf-8"?><testsuites name="pytest tests"><testsuite name="pytest" errors="0" failures="0" skipped="0" tests="2" time="0.039" timestamp="2026-07-10T10:12:30.195736-04:00" hostname="Jamess-MacBook-Pro.local"><testcase classname="harness.lib.social_browser_backend_x.test_extract_dedup.TestPostExtractorPlaceholders" name="test_missing_url_falls_back_to_na" time="0.001" /><testcase classname="harness.lib.social_browser_backend_x.test_extract_dedup.TestDedupQueueSha256Fallback" name="test_check_uses_sha256_when_url_unavailable" time="0.001" /></testsuite></testsuites>