<?xml version="1.0" encoding="utf-8"?><testsuites name="pytest tests"><testsuite name="pytest" errors="0" failures="0" skipped="0" tests="10" time="0.068" timestamp="2026-07-10T10:14:40.869951-04:00" hostname="Jamess-MacBook-Pro.local"><testcase classname="harness.tests.test_pane_doctor" name="test_diagnose_missing_runtime_marks_needs_recover" time="0.024" /><testcase classname="harness.tests.test_pane_doctor" name="test_repair_all_transitions_registry_without_respawn" time="0.002" /><testcase classname="harness.tests.test_pane_doctor" name="test_repair_all_skips_protected_panes_by_default" time="0.001" /><testcase classname="harness.tests.test_pane_doctor" name="test_repair_all_does_not_downgrade_more_severe_state" time="0.001" /><testcase classname="harness.tests.test_pane_doctor" name="test_repair_all_clears_stale_needs_respawn_when_pane_is_clean" time="0.002" /><testcase classname="harness.tests.test_pane_doctor" name="test_repair_all_clears_idle_recover_cooldown_even_from_needs_respawn" time="0.002" /><testcase classname="harness.tests.test_pane_doctor" name="test_repair_all_clears_stale_title_active_cooldown_when_idle" time="0.003" /><testcase classname="harness.tests.test_pane_doctor" name="test_repair_all_marks_stale_title_active_lab_pane_for_respawn_when_not_idle" time="0.002" /><testcase classname="harness.tests.test_pane_doctor" name="test_repair_all_allows_running_to_clean_when_visibly_idle" time="0.002" /><testcase classname="harness.tests.test_pane_doctor" name="test_repair_all_marks_unleased_lab_tui_residue_for_respawn" time="0.002" /></testsuite></testsuites>