<?xml version="1.0" encoding="utf-8"?><testsuites name="pytest tests"><testsuite name="pytest" errors="0" failures="0" skipped="0" tests="4" time="0.038" timestamp="2026-07-10T10:14:41.296725-04:00" hostname="Jamess-MacBook-Pro.local"><testcase classname="harness.tests.test_pane_hygiene_registry.TestRegisterUnregister" name="test_unregister_missing_raises" time="0.003" /><testcase classname="harness.tests.test_pane_hygiene_registry.TestRegisterUnregister" name="test_get_missing_raises" time="0.002" /><testcase classname="harness.tests.test_pane_hygiene_registry.TestAtomicWrite" name="test_load_from_existing_file" time="0.001" /><testcase classname="harness.tests.test_pane_hygiene_registry.TestSeedFixture" name="test_seed_loads_into_registry" time="0.001" /></testsuite></testsuites>