<?xml version="1.0" encoding="utf-8"?><testsuites name="pytest tests"><testsuite name="pytest" errors="0" failures="0" skipped="0" tests="5" time="0.030" timestamp="2026-07-10T10:14:27.695275-04:00" hostname="Jamess-MacBook-Pro.local"><testcase classname="harness.tests.research.unit.test_schemas.TestSourceConnector" name="test_rejects_empty_capabilities" time="0.000" /><testcase classname="harness.tests.research.unit.test_schemas.TestSourceConnector" name="test_rejects_unknown_capabilities" time="0.000" /><testcase classname="harness.tests.research.unit.test_schemas.TestClaim" name="test_rejects_unknown_claim_type" time="0.000" /><testcase classname="harness.tests.research.unit.test_schemas.TestClaim" name="test_confidence_bounds" time="0.000" /><testcase classname="harness.tests.research.unit.test_schemas.TestClaim" name="test_rejects_confidence_out_of_range" time="0.000" /></testsuite></testsuites>