<?xml version="1.0" encoding="utf-8"?><testsuites name="pytest tests"><testsuite name="pytest" errors="0" failures="0" skipped="0" tests="3" time="0.380" timestamp="2026-07-10T10:13:25.537754-04:00" hostname="Jamess-MacBook-Pro.local"><testcase classname="harness.plugins.autosci.tests.test_phase19_parity_bridge" name="test_route_promotes_coverage_when_all_full_parity_proofs_are_verified" time="0.144" /><testcase classname="harness.plugins.autosci.tests.test_phase19_parity_bridge" name="test_research_route_promotes_to_e4_when_lifecycle_proofs_are_verified" time="0.183" /><testcase classname="harness.plugins.autosci.tests.test_phase19_parity_bridge" name="test_overclaimed_smoke_routes_are_marked_partial" time="0.000" /></testsuite></testsuites>