<?xml version="1.0" encoding="utf-8"?><testsuites name="pytest tests"><testsuite name="pytest" errors="0" failures="0" skipped="1" tests="4" time="0.046" timestamp="2026-07-10T10:14:38.949116-04:00" hostname="Jamess-MacBook-Pro.local"><testcase classname="harness.tests.test_knowledge_v2.TestV1Schema" name="test_migration_log_version_ge_2" time="0.000"><skipped type="pytest.skip" message="DB not found: /Users/jamesyuan/Developer/Github Repos (On Git)/BetterSolar/docs/testing/test-runs/20260710-0121-qa-full-audit/tmp/final-home/Knowledge/_registry/knowledge_ingest.sqlite">/Users/jamesyuan/Developer/Github Repos (On Git)/BetterSolar/docs/testing/test-runs/20260710-0121-qa-full-audit/tmp/checkout/harness/tests/test_knowledge_v2.py:64: DB not found: /Users/jamesyuan/Developer/Github Repos (On Git)/BetterSolar/docs/testing/test-runs/20260710-0121-qa-full-audit/tmp/final-home/Knowledge/_registry/knowledge_ingest.sqlite</skipped></testcase><testcase classname="harness.tests.test_knowledge_v2.TestV5GroundingHook" name="test_missing_span_claim_kept_with_low_confidence" time="0.008" /><testcase classname="harness.tests.test_knowledge_v2.TestV5GroundingHook" name="test_no_span_confidence_05_semantic" time="0.005" /><testcase classname="harness.tests.test_knowledge_v2.TestV7NegativeControls" name="test_validator_error_codes_count" time="0.001" /></testsuite></testsuites>