<?xml version="1.0" encoding="utf-8"?><testsuites name="pytest tests"><testsuite name="pytest" errors="0" failures="1" skipped="0" tests="4" time="0.792" timestamp="2026-07-10T10:14:35.387297-04:00" hostname="Jamess-MacBook-Pro.local"><testcase classname="harness.tests.test_codex_pm_router" name="test_build_pm_intake_emits_capsule_plan_for_standard_request" time="0.340" /><testcase classname="harness.tests.test_codex_pm_router" name="test_build_pm_intake_emits_capsule_plan_for_research_request" time="0.002"><failure message="KeyError: 'capability_capsule_id'">harness/tests/test_codex_pm_router.py:92: in test_build_pm_intake_emits_capsule_plan_for_research_request
    assert by_id["R1"]["capability_capsule_id"] == "cap.requirement-research-scout"
           ^^^^^^^^^^^^^^^^^^^^^^^^^^^^^^^^^^^^
E   KeyError: 'capability_capsule_id'</failure></testcase><testcase classname="harness.tests.test_codex_pm_router" name="test_plain_paper_research_request_still_uses_research_dag" time="0.002" /><testcase classname="harness.tests.test_codex_pm_router" name="test_solar_handoff_view_uses_sprint_root_artifacts_for_sprint_packages" time="0.395" /></testsuite></testsuites>