<?xml version="1.0" encoding="utf-8"?><testsuites name="pytest tests"><testsuite name="pytest" errors="0" failures="2" skipped="0" tests="15" time="0.169" timestamp="2026-07-10T10:14:31.038219-04:00" hostname="Jamess-MacBook-Pro.local"><testcase classname="harness.tests.test_agent_actor_schema.TestActorSchemaDefinitions" name="test_schema_defines_capability" time="0.001" /><testcase classname="harness.tests.test_agent_actor_schema.TestOperatorAliasMapping" name="test_all_actor_operator_aliases_match_physical_operators" time="0.002"><failure message="AssertionError: mini-reasonix-deepseek-v4-pro-prd-evaluator: operator_alias='mini-reasonix-deepseek-v4-pro-prd-evaluator' not found in physical-operators.json&#10;assert 'mini-reasonix-deepseek-v4-pro-prd-evaluator' in {'autosci-artifact-review-worker', 'autosci-claim-extract-worker', 'autosci-claim-verify-worker', 'autosci-code-evidence-map-worker', 'autosci-evaluator-worker', 'autosci-experiment-design-worker', ...}">harness/tests/test_agent_actor_schema.py:351: in test_all_actor_operator_aliases_match_physical_operators
    assert alias in known_op_ids, (
E   AssertionError: mini-reasonix-deepseek-v4-pro-prd-evaluator: operator_alias='mini-reasonix-deepseek-v4-pro-prd-evaluator' not found in physical-operators.json
E   assert 'mini-reasonix-deepseek-v4-pro-prd-evaluator' in {'autosci-artifact-review-worker', 'autosci-claim-extract-worker', 'autosci-claim-verify-worker', 'autosci-code-evidence-map-worker', 'autosci-evaluator-worker', 'autosci-experiment-design-worker', ...}</failure></testcase><testcase classname="harness.tests.test_agent_actor_schema.TestOperatorAliasMapping" name="test_all_physical_operator_ids_appear_as_actor_aliases" time="0.001"><failure message="AssertionError: physical operator 'mini-codex-gpt55-medium-evaluator-1' has no corresponding actor (operator_alias)&#10;assert 'mini-codex-gpt55-medium-evaluator-1' in {'mini-antigravity-gemini31-pro', 'mini-antigravity-gemini31-pro-image', 'mini-antigravity-gemini35-flash-builder-1', ...ravity-gemini35-flash-builder-2', 'mini-antigravity-gemini35-flash-high', 'mini-antigravity-gemini35-flash-image', ...}">harness/tests/test_agent_actor_schema.py:360: in test_all_physical_operator_ids_appear_as_actor_aliases
    assert op_id in actor_aliases, (
E   AssertionError: physical operator 'mini-codex-gpt55-medium-evaluator-1' has no corresponding actor (operator_alias)
E   assert 'mini-codex-gpt55-medium-evaluator-1' in {'mini-antigravity-gemini31-pro', 'mini-antigravity-gemini31-pro-image', 'mini-antigravity-gemini35-flash-builder-1', ...ravity-gemini35-flash-builder-2', 'mini-antigravity-gemini35-flash-high', 'mini-antigravity-gemini35-flash-image', ...}</failure></testcase><testcase classname="harness.tests.test_agent_actor_schema.TestSchemaValidation" name="test_schema_rejects_actor_missing_host_id" time="0.012" /><testcase classname="harness.tests.test_agent_actor_schema.TestSchemaValidation" name="test_schema_rejects_actor_missing_actor_id" time="0.011" /><testcase classname="harness.tests.test_agent_actor_schema.TestSchemaValidation" name="test_schema_rejects_host_missing_host_type" time="0.006" /><testcase classname="harness.tests.test_agent_actor_schema.TestCapabilityProfileSchema" name="test_schema_defines_capability_profile" time="0.000" /><testcase classname="harness.tests.test_agent_actor_schema.TestCapabilityProfileSchema" name="test_capability_profile_has_all_12_fields" time="0.000" /><testcase classname="harness.tests.test_agent_actor_schema.TestCapabilityProfileSchema" name="test_capability_profile_fields_are_integers_0_to_5" time="0.000" /><testcase classname="harness.tests.test_agent_actor_schema.TestCapabilityProfileSchema" name="test_capability_profile_rejects_score_out_of_range" time="0.015" /><testcase classname="harness.tests.test_agent_actor_schema.TestCapabilityProfileSchema" name="test_capability_profile_accepts_valid_scores" time="0.016" /><testcase classname="harness.tests.test_agent_actor_schema.TestRiskProfileSchema" name="test_risk_profile_rejects_unknown_write_scope" time="0.012" /><testcase classname="harness.tests.test_agent_actor_schema.TestActorProfileFixtures" name="test_all_actors_have_capability_profile" time="0.001" /><testcase classname="harness.tests.test_agent_actor_schema.TestActorProfileFixtures" name="test_all_actors_capability_profile_has_all_12_fields" time="0.001" /><testcase classname="harness.tests.test_agent_actor_schema.TestActorProfileFixtures" name="test_all_actors_capability_profile_scores_in_range" time="0.001" /></testsuite></testsuites>