<?xml version="1.0" encoding="utf-8"?><testsuites name="pytest tests"><testsuite name="pytest" errors="0" failures="0" skipped="0" tests="3" time="0.113" timestamp="2026-07-10T10:13:18.445920-04:00" hostname="Jamess-MacBook-Pro.local"><testcase classname="harness.plugins.autosci.tests.test_paper_prepare" name="test_extract_pdf_text_uses_pypdf_fallback_when_pymupdf_unavailable" time="0.001" /><testcase classname="harness.plugins.autosci.tests.test_paper_prepare" name="test_guess_title_combines_wrapped_pdf_title_lines" time="0.000" /><testcase classname="harness.plugins.autosci.tests.test_paper_prepare" name="test_prepare_pdf_prefers_arxiv_source_when_recovered" time="0.019" /></testsuite></testsuites>