<?xml version="1.0" encoding="utf-8"?><testsuites name="pytest tests"><testsuite name="pytest" errors="0" failures="6" skipped="0" tests="8" time="0.940" timestamp="2026-07-10T10:12:28.741924-04:00" hostname="Jamess-MacBook-Pro.local"><testcase classname="tests.test_cli.OpenSolarCliTests" name="test_help_contains_install_commands_examples_and_warnings" time="0.000" /><testcase classname="tests.test_cli.OpenSolarCliTests" name="test_missing_installed_solar_has_clear_error_for_lifecycle_commands" time="0.920"><failure message="AssertionError: 0 == 0">distribution/pipx/tests/test_cli.py:200: in test_missing_installed_solar_has_clear_error_for_lifecycle_commands
    self.assertNotEqual(code, 0)
E   AssertionError: 0 == 0</failure><failure message="AssertionError: 0 == 0">distribution/pipx/tests/test_cli.py:200: in test_missing_installed_solar_has_clear_error_for_lifecycle_commands
    self.assertNotEqual(code, 0)
E   AssertionError: 0 == 0</failure><failure message="AssertionError: 0 == 0">distribution/pipx/tests/test_cli.py:200: in test_missing_installed_solar_has_clear_error_for_lifecycle_commands
    self.assertNotEqual(code, 0)
E   AssertionError: 0 == 0</failure><failure message="AssertionError: '/Users/jamesyuan/Developer/Github Repos (On Git)/BetterSolar/docs/testing/test-runs/20260710-0121-qa-full-audit/tmp/eligible-full-phase-v3/temp/eligible-0001/tmpakgvt1us/home/.solar/bin/solar' not found in ''">distribution/pipx/tests/test_cli.py:202: in test_missing_installed_solar_has_clear_error_for_lifecycle_commands
    self.assertIn(str(home / ".solar" / "bin" / "solar"), text)
E   AssertionError: '/Users/jamesyuan/Developer/Github Repos (On Git)/BetterSolar/docs/testing/test-runs/20260710-0121-qa-full-audit/tmp/eligible-full-phase-v3/temp/eligible-0001/tmpakgvt1us/home/.solar/bin/solar' not found in ''</failure><failure message="AssertionError: '/Users/jamesyuan/Developer/Github Repos (On Git)/BetterSolar/docs/testing/test-runs/20260710-0121-qa-full-audit/tmp/eligible-full-phase-v3/temp/eligible-0001/tmp06o_jnen/home/.solar/bin/solar' not found in ''">distribution/pipx/tests/test_cli.py:202: in test_missing_installed_solar_has_clear_error_for_lifecycle_commands
    self.assertIn(str(home / ".solar" / "bin" / "solar"), text)
E   AssertionError: '/Users/jamesyuan/Developer/Github Repos (On Git)/BetterSolar/docs/testing/test-runs/20260710-0121-qa-full-audit/tmp/eligible-full-phase-v3/temp/eligible-0001/tmp06o_jnen/home/.solar/bin/solar' not found in ''</failure><failure message="AssertionError: '/Users/jamesyuan/Developer/Github Repos (On Git)/BetterSolar/docs/testing/test-runs/20260710-0121-qa-full-audit/tmp/eligible-full-phase-v3/temp/eligible-0001/tmpgqjm4y0v/home/.solar/bin/solar' not found in ''">distribution/pipx/tests/test_cli.py:202: in test_missing_installed_solar_has_clear_error_for_lifecycle_commands
    self.assertIn(str(home / ".solar" / "bin" / "solar"), text)
E   AssertionError: '/Users/jamesyuan/Developer/Github Repos (On Git)/BetterSolar/docs/testing/test-runs/20260710-0121-qa-full-audit/tmp/eligible-full-phase-v3/temp/eligible-0001/tmpgqjm4y0v/home/.solar/bin/solar' not found in ''</failure></testcase></testsuite></testsuites>