<?xml version="1.0" encoding="utf-8"?><testsuites name="pytest tests"><testsuite name="pytest" errors="0" failures="0" skipped="0" tests="4" time="0.063" timestamp="2026-07-10T10:13:29.958665-04:00" hostname="Jamess-MacBook-Pro.local"><testcase classname="harness.tests.data_plane.test_source_migration.TestDryRun" name="test_plan_no_files_written" time="0.002" /><testcase classname="harness.tests.data_plane.test_source_migration.TestDryRun" name="test_plan_shows_canonical_paths" time="0.002" /><testcase classname="harness.tests.data_plane.test_source_migration.TestDryRun" name="test_plan_shows_mode" time="0.001" /><testcase classname="harness.tests.data_plane.test_source_migration.TestDryRun" name="test_plan_skips_already_migrated" time="0.002" /></testsuite></testsuites>