<?xml version="1.0" encoding="utf-8"?><testsuites name="pytest tests"><testsuite name="pytest" errors="0" failures="0" skipped="0" tests="7" time="0.258" timestamp="2026-07-10T10:14:34.675995-04:00" hostname="Jamess-MacBook-Pro.local"><testcase classname="harness.tests.test_capability_capsules" name="test_normalize_legacy_execution_capsule_maps_to_capability_shape" time="0.000" /><testcase classname="harness.tests.test_capability_capsules" name="test_validate_sample_capability_capsule_manifest_has_no_errors" time="0.030" /><testcase classname="harness.tests.test_capability_capsules" name="test_validate_audit_capability_capsule_manifest_has_no_errors" time="0.004" /><testcase classname="harness.tests.test_capability_capsules" name="test_registry_loader_and_query_skip_non_stable_by_default" time="0.004" /><testcase classname="harness.tests.test_capability_capsules" name="test_default_capability_plan_for_logical_operator_maps_requirement_nodes" time="0.125" /><testcase classname="harness.tests.test_capability_capsules" name="test_read_only_audit_nodes_use_audit_capsule_not_patch_capsule" time="0.012" /><testcase classname="harness.tests.test_capability_capsules" name="test_read_only_analysis_scope_node_canonicalizes_to_admitted_audit_type" time="0.047" /></testsuite></testsuites>