<?xml version="1.0" encoding="utf-8"?><testsuites name="pytest tests"><testsuite name="pytest" errors="0" failures="0" skipped="0" tests="4" time="0.045" timestamp="2026-07-10T10:14:11.296662-04:00" hostname="Jamess-MacBook-Pro.local"><testcase classname="harness.tests.gemini_deep_research.control.test_negative_and_activation.TestNegativeControl" name="test_done_but_incomplete_is_failure_not_silent_pass" time="0.002" /><testcase classname="harness.tests.gemini_deep_research.control.test_negative_and_activation.TestNegativeControl" name="test_dr_failure_retries_to_limit_then_explicit_fail" time="0.001" /><testcase classname="harness.tests.gemini_deep_research.control.test_negative_and_activation.TestActivationProof" name="test_join_node_waits_for_all_parents" time="0.000" /><testcase classname="harness.tests.gemini_deep_research.control.test_negative_and_activation.TestActivationProof" name="test_only_dep_satisfied_nodes_are_ready" time="0.000" /></testsuite></testsuites>