<?xml version="1.0" encoding="utf-8"?><testsuites name="pytest tests"><testsuite name="pytest" errors="0" failures="0" skipped="0" tests="7" time="0.055" timestamp="2026-07-10T10:14:18.864796-04:00" hostname="Jamess-MacBook-Pro.local"><testcase classname="harness.tests.graph.test_parent_ready_closeout.TestParentReadyCloseout" name="test_parent_not_passed_when_nodes_still_open" time="0.017" /><testcase classname="harness.tests.graph.test_parent_ready_closeout.TestParentReadyCloseout" name="test_parent_passed_when_all_nodes_done" time="0.002" /><testcase classname="harness.tests.graph.test_parent_ready_closeout.TestParentReadyCloseout" name="test_node_verdict_delegates_to_parent_ready_check" time="0.002" /><testcase classname="harness.tests.graph.test_parent_ready_closeout.TestParentReadyCheckIntegration" name="test_open_nodes_means_not_ready" time="0.001" /><testcase classname="harness.tests.graph.test_parent_ready_closeout.TestParentReadyCheckIntegration" name="test_failed_node_means_not_ready" time="0.001" /><testcase classname="harness.tests.graph.test_parent_ready_closeout.TestParentReadyCheckIntegration" name="test_newer_inline_passed_overrides_stale_node_result_reviewing" time="0.001" /><testcase classname="harness.tests.graph.test_parent_ready_closeout.TestParentReadyCheckIntegration" name="test_doctor_repairs_stale_node_result_reviewing" time="0.001" /></testsuite></testsuites>