<?xml version="1.0" encoding="utf-8"?><testsuites name="pytest tests"><testsuite name="pytest" errors="0" failures="0" skipped="0" tests="10" time="0.050" timestamp="2026-07-10T10:14:29.440249-04:00" hostname="Jamess-MacBook-Pro.local"><testcase classname="harness.tests.research_unit.test_evaluator" name="test_evaluate_artifacts_fails_missing_claims" time="0.002" /><testcase classname="harness.tests.research_unit.test_evaluator" name="test_evaluate_artifacts_fails_final_without_citations" time="0.002" /><testcase classname="harness.tests.research_unit.test_evaluator" name="test_evaluate_artifacts_fails_metadata_noise" time="0.002" /><testcase classname="harness.tests.research_unit.test_evaluator" name="test_evaluate_artifacts_fails_section_without_citation" time="0.002" /><testcase classname="harness.tests.research_unit.test_evaluator" name="test_evaluate_artifacts_warns_on_single_source_type" time="0.001" /><testcase classname="harness.tests.research_unit.test_evaluator" name="test_evaluate_artifacts_technical_architecture_profile_warns_without_strict" time="0.002" /><testcase classname="harness.tests.research_unit.test_evaluator" name="test_evaluate_artifacts_technical_architecture_profile_fails_when_strict_and_source_poor" time="0.002" /><testcase classname="harness.tests.research_unit.test_evaluator" name="test_evaluate_artifacts_strict_profile_fails_invalid_source_type_label" time="0.002" /><testcase classname="harness.tests.research_unit.test_evaluator" name="test_evaluate_artifacts_strict_profile_fails_low_authority_source_mix" time="0.001" /><testcase classname="harness.tests.research_unit.test_evaluator" name="test_evaluate_artifacts_fails_expert_synthesis_that_only_repeats_source_claims" time="0.004" /></testsuite></testsuites>