<?xml version="1.0" encoding="utf-8"?><testsuites name="pytest tests"><testsuite name="pytest" errors="0" failures="0" skipped="0" tests="2" time="1.651" timestamp="2026-07-10T10:14:32.297550-04:00" hostname="Jamess-MacBook-Pro.local"><testcase classname="harness.tests.test_autosci_priority_a_contracts" name="test_autosci_product_entrypoint_writes_to_unified_artifact_root" time="0.796" /><testcase classname="harness.tests.test_autosci_priority_a_contracts" name="test_scientific_workflow_runner_uses_scientific_artifact_root" time="0.824" /></testsuite></testsuites>