<?xml version="1.0" encoding="utf-8"?><testsuites name="pytest tests"><testsuite name="pytest" errors="0" failures="3" skipped="0" tests="102" time="0.169" timestamp="2026-07-10T10:14:39.171810-04:00" hostname="Jamess-MacBook-Pro.local"><testcase classname="harness.tests.test_logical_operator_schema.TestLogicalOperatorSchemaEnum" name="test_schema_defines_logical_operator_type_enum" time="0.001" /><testcase classname="harness.tests.test_logical_operator_schema.TestLogicalOperatorSchemaEnum" name="test_enum_contains_all_16_types" time="0.000" /><testcase classname="harness.tests.test_logical_operator_schema.TestLogicalOperatorSchemaEnum" name="test_enum_has_exactly_24_entries" time="0.000" /><testcase classname="harness.tests.test_logical_operator_schema.TestLogicalOperatorSchemaEnum" name="test_each_type_in_enum[DeepArchitect]" time="0.000" /><testcase classname="harness.tests.test_logical_operator_schema.TestLogicalOperatorSchemaEnum" name="test_each_type_in_enum[RootCauseDebugger]" time="0.000" /><testcase classname="harness.tests.test_logical_operator_schema.TestLogicalOperatorSchemaEnum" name="test_each_type_in_enum[ImplementationWorker]" time="0.000" /><testcase classname="harness.tests.test_logical_operator_schema.TestLogicalOperatorSchemaEnum" name="test_each_type_in_enum[PatchWorker]" time="0.000" /><testcase classname="harness.tests.test_logical_operator_schema.TestLogicalOperatorSchemaEnum" name="test_each_type_in_enum[TestDesigner]" time="0.000" /><testcase classname="harness.tests.test_logical_operator_schema.TestLogicalOperatorSchemaEnum" name="test_each_type_in_enum[TestRunner]" time="0.000" /><testcase classname="harness.tests.test_logical_operator_schema.TestLogicalOperatorSchemaEnum" name="test_each_type_in_enum[BenchmarkRunner]" time="0.000" /><testcase classname="harness.tests.test_logical_operator_schema.TestLogicalOperatorSchemaEnum" name="test_each_type_in_enum[ParallelExplorer]" time="0.000" /><testcase classname="harness.tests.test_logical_operator_schema.TestLogicalOperatorSchemaEnum" name="test_each_type_in_enum[ResearchScout]" time="0.000" /><testcase classname="harness.tests.test_logical_operator_schema.TestLogicalOperatorSchemaEnum" name="test_each_type_in_enum[ResearchSynthesizer]" time="0.000" /><testcase classname="harness.tests.test_logical_operator_schema.TestLogicalOperatorSchemaEnum" name="test_each_type_in_enum[Critic]" time="0.000" /><testcase classname="harness.tests.test_logical_operator_schema.TestLogicalOperatorSchemaEnum" name="test_each_type_in_enum[Verifier]" time="0.000" /><testcase classname="harness.tests.test_logical_operator_schema.TestLogicalOperatorSchemaEnum" name="test_each_type_in_enum[VerifierLite]" time="0.000" /><testcase classname="harness.tests.test_logical_operator_schema.TestLogicalOperatorSchemaEnum" name="test_each_type_in_enum[SecurityGate]" time="0.000" /><testcase classname="harness.tests.test_logical_operator_schema.TestLogicalOperatorSchemaEnum" name="test_each_type_in_enum[QuotaBroker]" time="0.000" /><testcase classname="harness.tests.test_logical_operator_schema.TestLogicalOperatorSchemaEnum" name="test_each_type_in_enum[ContextCompressor]" time="0.000" /><testcase classname="harness.tests.test_logical_operator_schema.TestLogicalOperatorSchemaEnum" name="test_each_type_in_enum[ArtifactCurator]" time="0.000" /><testcase classname="harness.tests.test_logical_operator_schema.TestLogicalOperatorSchemaEnum" name="test_each_type_in_enum[DeepResearchBrowser]" time="0.000" /><testcase classname="harness.tests.test_logical_operator_schema.TestLogicalOperatorSchemaEnum" name="test_each_type_in_enum[DeepResearchGemini]" time="0.000" /><testcase classname="harness.tests.test_logical_operator_schema.TestLogicalOperatorSchemaEnum" name="test_each_type_in_enum[DeepResearchChatGPT]" time="0.000" /><testcase classname="harness.tests.test_logical_operator_schema.TestLogicalOperatorSchemaEnum" name="test_each_type_in_enum[WebwrightPlaywright]" time="0.000" /><testcase classname="harness.tests.test_logical_operator_schema.TestLogicalOperatorSchemaEnum" name="test_each_type_in_enum[BrowserUseMcp]" time="0.000" /><testcase classname="harness.tests.test_logical_operator_schema.TestLogicalOperatorSchemaEnum" name="test_each_type_in_enum[YoutubeTranscriptExtractor]" time="0.000" /><testcase classname="harness.tests.test_logical_operator_schema.TestLogicalOperatorSchemaEnum" name="test_each_type_in_enum[TechnologyDiagramPainter]" time="0.000" /><testcase classname="harness.tests.test_logical_operator_schema.TestLogicalOperatorSchemaDefinitions" name="test_schema_defines_logical_operator_def" time="0.000" /><testcase classname="harness.tests.test_logical_operator_schema.TestLogicalOperatorSchemaDefinitions" name="test_schema_defines_binding_entry" time="0.000" /><testcase classname="harness.tests.test_logical_operator_schema.TestLogicalOperatorSchemaDefinitions" name="test_schema_defines_dag_node" time="0.000" /><testcase classname="harness.tests.test_logical_operator_schema.TestLogicalOperatorSchemaDefinitions" name="test_logical_operator_def_requires_operator_type" time="0.000" /><testcase classname="harness.tests.test_logical_operator_schema.TestLogicalOperatorSchemaDefinitions" name="test_logical_operator_def_requires_description" time="0.000" /><testcase classname="harness.tests.test_logical_operator_schema.TestLogicalOperatorSchemaDefinitions" name="test_binding_entry_requires_operator_type_and_candidates" time="0.000" /><testcase classname="harness.tests.test_logical_operator_schema.TestDAGNodePhysicalIdRejection" name="test_dag_node_accepts_logical_operator" time="0.006" /><testcase classname="harness.tests.test_logical_operator_schema.TestDAGNodePhysicalIdRejection" name="test_dag_node_rejects_physical_actor_id_without_compatibility" time="0.005" /><testcase classname="harness.tests.test_logical_operator_schema.TestDAGNodePhysicalIdRejection" name="test_dag_node_rejects_physical_operator_id_without_compatibility" time="0.006" /><testcase classname="harness.tests.test_logical_operator_schema.TestDAGNodePhysicalIdRejection" name="test_dag_node_rejects_physical_model_id_without_compatibility" time="0.006" /><testcase classname="harness.tests.test_logical_operator_schema.TestDAGNodePhysicalIdRejection" name="test_dag_node_accepts_physical_actor_id_with_compatibility_true" time="0.009" /><testcase classname="harness.tests.test_logical_operator_schema.TestDAGNodePhysicalIdRejection" name="test_dag_node_accepts_physical_operator_id_with_compatibility_true" time="0.005" /><testcase classname="harness.tests.test_logical_operator_schema.TestLogicalOperatorFixture" name="test_fixture_has_logical_operators_section" time="0.000" /><testcase classname="harness.tests.test_logical_operator_schema.TestLogicalOperatorFixture" name="test_fixture_has_bindings_section" time="0.000" /><testcase classname="harness.tests.test_logical_operator_schema.TestLogicalOperatorFixture" name="test_fixture_defines_all_operator_types" time="0.000" /><testcase classname="harness.tests.test_logical_operator_schema.TestLogicalOperatorFixture" name="test_each_operator_type_has_definition[DeepArchitect]" time="0.000" /><testcase classname="harness.tests.test_logical_operator_schema.TestLogicalOperatorFixture" name="test_each_operator_type_has_definition[RootCauseDebugger]" time="0.000" /><testcase classname="harness.tests.test_logical_operator_schema.TestLogicalOperatorFixture" name="test_each_operator_type_has_definition[ImplementationWorker]" time="0.000" /><testcase classname="harness.tests.test_logical_operator_schema.TestLogicalOperatorFixture" name="test_each_operator_type_has_definition[PatchWorker]" time="0.000" /><testcase classname="harness.tests.test_logical_operator_schema.TestLogicalOperatorFixture" name="test_each_operator_type_has_definition[TestDesigner]" time="0.000" /><testcase classname="harness.tests.test_logical_operator_schema.TestLogicalOperatorFixture" name="test_each_operator_type_has_definition[TestRunner]" time="0.000" /><testcase classname="harness.tests.test_logical_operator_schema.TestLogicalOperatorFixture" name="test_each_operator_type_has_definition[BenchmarkRunner]" time="0.000" /><testcase classname="harness.tests.test_logical_operator_schema.TestLogicalOperatorFixture" name="test_each_operator_type_has_definition[ParallelExplorer]" time="0.000" /><testcase classname="harness.tests.test_logical_operator_schema.TestLogicalOperatorFixture" name="test_each_operator_type_has_definition[ResearchScout]" time="0.000" /><testcase classname="harness.tests.test_logical_operator_schema.TestLogicalOperatorFixture" name="test_each_operator_type_has_definition[ResearchSynthesizer]" time="0.000" /><testcase classname="harness.tests.test_logical_operator_schema.TestLogicalOperatorFixture" name="test_each_operator_type_has_definition[Critic]" time="0.000" /><testcase classname="harness.tests.test_logical_operator_schema.TestLogicalOperatorFixture" name="test_each_operator_type_has_definition[Verifier]" time="0.000" /><testcase classname="harness.tests.test_logical_operator_schema.TestLogicalOperatorFixture" name="test_each_operator_type_has_definition[VerifierLite]" time="0.000" /><testcase classname="harness.tests.test_logical_operator_schema.TestLogicalOperatorFixture" name="test_each_operator_type_has_definition[SecurityGate]" time="0.000" /><testcase classname="harness.tests.test_logical_operator_schema.TestLogicalOperatorFixture" name="test_each_operator_type_has_definition[QuotaBroker]" time="0.000" /><testcase classname="harness.tests.test_logical_operator_schema.TestLogicalOperatorFixture" name="test_each_operator_type_has_definition[ContextCompressor]" time="0.000" /><testcase classname="harness.tests.test_logical_operator_schema.TestLogicalOperatorFixture" name="test_each_operator_type_has_definition[ArtifactCurator]" time="0.000" /><testcase classname="harness.tests.test_logical_operator_schema.TestLogicalOperatorFixture" name="test_each_operator_type_has_definition[DeepResearchBrowser]" time="0.000" /><testcase classname="harness.tests.test_logical_operator_schema.TestLogicalOperatorFixture" name="test_each_operator_type_has_definition[DeepResearchGemini]" time="0.000" /><testcase classname="harness.tests.test_logical_operator_schema.TestLogicalOperatorFixture" name="test_each_operator_type_has_definition[DeepResearchChatGPT]" time="0.000" /><testcase classname="harness.tests.test_logical_operator_schema.TestLogicalOperatorFixture" name="test_each_operator_type_has_definition[WebwrightPlaywright]" time="0.000" /><testcase classname="harness.tests.test_logical_operator_schema.TestLogicalOperatorFixture" name="test_each_operator_type_has_definition[BrowserUseMcp]" time="0.000" /><testcase classname="harness.tests.test_logical_operator_schema.TestLogicalOperatorFixture" name="test_each_operator_type_has_definition[YoutubeTranscriptExtractor]" time="0.000" /><testcase classname="harness.tests.test_logical_operator_schema.TestLogicalOperatorFixture" name="test_each_operator_type_has_definition[TechnologyDiagramPainter]" time="0.000" /><testcase classname="harness.tests.test_logical_operator_schema.TestLogicalOperatorFixture" name="test_each_operator_has_operator_type_field" time="0.000" /><testcase classname="harness.tests.test_logical_operator_schema.TestLogicalOperatorFixture" name="test_each_operator_has_description" time="0.000" /><testcase classname="harness.tests.test_logical_operator_schema.TestLogicalOperatorFixture" name="test_each_operator_has_primary_role" time="0.000"><failure message="AssertionError: ScientificLiteratureDiscoverer: primary_role='scientific-literature-discoverer' not in {'auditor', 'router', 'builder', 'knowledge-extractor', 'evaluator', 'planner'}&#10;assert 'scientific-literature-discoverer' in {'auditor', 'builder', 'evaluator', 'knowledge-extractor', 'planner', 'router'}">harness/tests/test_logical_operator_schema.py:245: in test_each_operator_has_primary_role
    assert op_def["primary_role"] in valid_roles, (
E   AssertionError: ScientificLiteratureDiscoverer: primary_role='scientific-literature-discoverer' not in {'auditor', 'router', 'builder', 'knowledge-extractor', 'evaluator', 'planner'}
E   assert 'scientific-literature-discoverer' in {'auditor', 'builder', 'evaluator', 'knowledge-extractor', 'planner', 'router'}</failure></testcase><testcase classname="harness.tests.test_logical_operator_schema.TestBindingFixture" name="test_binding_table_covers_all_types" time="0.000" /><testcase classname="harness.tests.test_logical_operator_schema.TestBindingFixture" name="test_each_type_has_binding[DeepArchitect]" time="0.000" /><testcase classname="harness.tests.test_logical_operator_schema.TestBindingFixture" name="test_each_type_has_binding[RootCauseDebugger]" time="0.000" /><testcase classname="harness.tests.test_logical_operator_schema.TestBindingFixture" name="test_each_type_has_binding[ImplementationWorker]" time="0.000" /><testcase classname="harness.tests.test_logical_operator_schema.TestBindingFixture" name="test_each_type_has_binding[PatchWorker]" time="0.000" /><testcase classname="harness.tests.test_logical_operator_schema.TestBindingFixture" name="test_each_type_has_binding[TestDesigner]" time="0.000" /><testcase classname="harness.tests.test_logical_operator_schema.TestBindingFixture" name="test_each_type_has_binding[TestRunner]" time="0.000" /><testcase classname="harness.tests.test_logical_operator_schema.TestBindingFixture" name="test_each_type_has_binding[BenchmarkRunner]" time="0.000" /><testcase classname="harness.tests.test_logical_operator_schema.TestBindingFixture" name="test_each_type_has_binding[ParallelExplorer]" time="0.000" /><testcase classname="harness.tests.test_logical_operator_schema.TestBindingFixture" name="test_each_type_has_binding[ResearchScout]" time="0.000" /><testcase classname="harness.tests.test_logical_operator_schema.TestBindingFixture" name="test_each_type_has_binding[ResearchSynthesizer]" time="0.000" /><testcase classname="harness.tests.test_logical_operator_schema.TestBindingFixture" name="test_each_type_has_binding[Critic]" time="0.000" /><testcase classname="harness.tests.test_logical_operator_schema.TestBindingFixture" name="test_each_type_has_binding[Verifier]" time="0.000" /><testcase classname="harness.tests.test_logical_operator_schema.TestBindingFixture" name="test_each_type_has_binding[VerifierLite]" time="0.000" /><testcase classname="harness.tests.test_logical_operator_schema.TestBindingFixture" name="test_each_type_has_binding[SecurityGate]" time="0.000" /><testcase classname="harness.tests.test_logical_operator_schema.TestBindingFixture" name="test_each_type_has_binding[QuotaBroker]" time="0.000" /><testcase classname="harness.tests.test_logical_operator_schema.TestBindingFixture" name="test_each_type_has_binding[ContextCompressor]" time="0.000" /><testcase classname="harness.tests.test_logical_operator_schema.TestBindingFixture" name="test_each_type_has_binding[ArtifactCurator]" time="0.000" /><testcase classname="harness.tests.test_logical_operator_schema.TestBindingFixture" name="test_each_type_has_binding[DeepResearchBrowser]" time="0.000" /><testcase classname="harness.tests.test_logical_operator_schema.TestBindingFixture" name="test_each_type_has_binding[DeepResearchGemini]" time="0.000" /><testcase classname="harness.tests.test_logical_operator_schema.TestBindingFixture" name="test_each_type_has_binding[DeepResearchChatGPT]" time="0.000" /><testcase classname="harness.tests.test_logical_operator_schema.TestBindingFixture" name="test_each_type_has_binding[WebwrightPlaywright]" time="0.000" /><testcase classname="harness.tests.test_logical_operator_schema.TestBindingFixture" name="test_each_type_has_binding[BrowserUseMcp]" time="0.000" /><testcase classname="harness.tests.test_logical_operator_schema.TestBindingFixture" name="test_each_type_has_binding[YoutubeTranscriptExtractor]" time="0.000" /><testcase classname="harness.tests.test_logical_operator_schema.TestBindingFixture" name="test_each_type_has_binding[TechnologyDiagramPainter]" time="0.000" /><testcase classname="harness.tests.test_logical_operator_schema.TestBindingFixture" name="test_each_binding_has_at_least_one_candidate" time="0.000" /><testcase classname="harness.tests.test_logical_operator_schema.TestBindingFixture" name="test_all_binding_candidates_exist_in_actor_registry" time="0.001"><failure message="AssertionError: ScientificLiteratureDiscoverer.candidates[0]: actor_id='autosci-literature-discover-worker' not found in agent-actors.json&#10;assert 'autosci-literature-discover-worker' in {'browser_agent_session', 'mini-antigravity-gemini31-pro', 'mini-antigravity-gemini31-pro-image', 'mini-antigravity-gemini35-flash-builder-1', 'mini-antigravity-gemini35-flash-builder-2', 'mini-antigravity-gemini35-flash-high', ...}">harness/tests/test_logical_operator_schema.py:283: in test_all_binding_candidates_exist_in_actor_registry
    assert actor_id in known_actor_ids, (
E   AssertionError: ScientificLiteratureDiscoverer.candidates[0]: actor_id='autosci-literature-discover-worker' not found in agent-actors.json
E   assert 'autosci-literature-discover-worker' in {'browser_agent_session', 'mini-antigravity-gemini31-pro', 'mini-antigravity-gemini31-pro-image', 'mini-antigravity-gemini35-flash-builder-1', 'mini-antigravity-gemini35-flash-builder-2', 'mini-antigravity-gemini35-flash-high', ...}</failure></testcase><testcase classname="harness.tests.test_logical_operator_schema.TestBindingFixture" name="test_each_binding_has_operator_type_field" time="0.000" /><testcase classname="harness.tests.test_logical_operator_schema.TestBindingFixture" name="test_each_candidate_has_actor_id" time="0.000" /><testcase classname="harness.tests.test_logical_operator_schema.TestLogicalOperatorFixtureSchemaValidation" name="test_fixture_validates_against_schema" time="0.010"><failure message="jsonschema.exceptions.ValidationError: 'artifact_curation', 'scientific_evidence' do not match any of the regexes: '^(architecture_reasoning|code_impl|root_cause_debug|test_generation|test_execution|research_synthesis|academic_critique|browser_use|gui_use|long_context|multi_agent_coordination|speed|data_extraction)$'&#10;&#10;Failed validating 'additionalProperties' in schema['properties']['logical_operators']['additionalProperties']['properties']['required_capabilities']:&#10;    {'type': 'object',&#10;     'description': 'Minimum capability_profile scores required for actor '&#10;                    'assignment.',&#10;     'additionalProperties': False,&#10;     'patternProperties': {'^(architecture_reasoning|code_impl|root_cause_debug|test_generation|test_execution|research_synthesis|academic_critique|browser_use|gui_use|long_context|multi_agent_coordination|speed|data_extraction)$': {'type': 'integer',&#10;                                                                                                                                                                                                                                         'minimum': 0,&#10;                                                                                                                                                                                                                                         'maximum': 5}}}&#10;&#10;On instance['logical_operators']['ScientificWorkflowEvolver']['required_capabilities']:&#10;    {'scientific_evidence': 3, 'artifact_curation': 2}">harness/tests/test_logical_operator_schema.py:313: in test_fixture_validates_against_schema
    jsonschema.validate(instance=lo, schema=schema)
.venv/lib/python3.14/site-packages/jsonschema/validators.py:1332: in validate
    raise error
E   jsonschema.exceptions.ValidationError: 'artifact_curation', 'scientific_evidence' do not match any of the regexes: '^(architecture_reasoning|code_impl|root_cause_debug|test_generation|test_execution|research_synthesis|academic_critique|browser_use|gui_use|long_context|multi_agent_coordination|speed|data_extraction)$'
E   
E   Failed validating 'additionalProperties' in schema['properties']['logical_operators']['additionalProperties']['properties']['required_capabilities']:
E       {'type': 'object',
E        'description': 'Minimum capability_profile scores required for actor '
E                       'assignment.',
E        'additionalProperties': False,
E        'patternProperties': {'^(architecture_reasoning|code_impl|root_cause_debug|test_generation|test_execution|research_synthesis|academic_critique|browser_use|gui_use|long_context|multi_agent_coordination|speed|data_extraction)$': {'type': 'integer',
E                                                                                                                                                                                                                                            'minimum': 0,
E                                                                                                                                                                                                                                            'maximum': 5}}}
E   
E   On instance['logical_operators']['ScientificWorkflowEvolver']['required_capabilities']:
E       {'scientific_evidence': 3, 'artifact_curation': 2}</failure></testcase><testcase classname="harness.tests.test_logical_operator_schema.TestLogicalOperatorFixtureSchemaValidation" name="test_fixture_version_is_integer" time="0.000" /><testcase classname="harness.tests.test_logical_operator_schema.TestLogicalOperatorFixtureSchemaValidation" name="test_schema_rejects_fixture_missing_bindings" time="0.005" /><testcase classname="harness.tests.test_logical_operator_schema.TestLogicalOperatorFixtureSchemaValidation" name="test_schema_rejects_fixture_missing_logical_operators" time="0.005" /></testsuite></testsuites>