<?xml version="1.0" encoding="utf-8"?><testsuites name="pytest tests"><testsuite name="pytest" errors="0" failures="0" skipped="0" tests="7" time="0.037" timestamp="2026-07-10T10:14:39.776128-04:00" hostname="Jamess-MacBook-Pro.local"><testcase classname="harness.tests.test_operator_registry.TestNormalLoad" name="test_load_valid_registry" time="0.001" /><testcase classname="harness.tests.test_operator_registry.TestValidationErrors" name="test_missing_schema_version" time="0.001" /><testcase classname="harness.tests.test_operator_registry.TestValidationErrors" name="test_missing_lines" time="0.001" /><testcase classname="harness.tests.test_operator_registry.TestValidationErrors" name="test_missing_primary_in_line" time="0.001" /><testcase classname="harness.tests.test_operator_registry.TestValidationErrors" name="test_missing_executors_in_line" time="0.001" /><testcase classname="harness.tests.test_operator_registry.TestValidationErrors" name="test_missing_fallback_in_line" time="0.001" /><testcase classname="harness.tests.test_operator_registry.TestFileExistenceAudit" name="test_missing_file_marked_false" time="0.001" /></testsuite></testsuites>