<?xml version="1.0" encoding="utf-8"?><testsuites name="pytest tests"><testsuite name="pytest" errors="0" failures="0" skipped="0" tests="6" time="0.026" timestamp="2026-07-10T10:07:12.956485-04:00" hostname="Jamess-MacBook-Pro.local"><testcase classname="harness.tests.test_claude_surface.TestClassifySurface" name="test_explicit_surface_type_print" time="0.000" /><testcase classname="harness.tests.test_claude_surface.TestClassifySurface" name="test_explicit_surface_type_interactive" time="0.000" /><testcase classname="harness.tests.test_claude_surface.TestBooleanHelpers" name="test_is_claude_print_false_for_interactive" time="0.000" /><testcase classname="harness.tests.test_claude_surface.TestBooleanHelpers" name="test_is_claude_interactive_false_for_print" time="0.000" /><testcase classname="harness.tests.test_claude_surface.TestBooleanHelpers" name="test_is_claude_print_false_for_unknown" time="0.000" /><testcase classname="harness.tests.test_claude_surface.TestBooleanHelpers" name="test_is_claude_interactive_false_for_unknown" time="0.000" /></testsuite></testsuites>