<?xml version="1.0" encoding="utf-8"?><testsuites name="pytest tests"><testsuite name="pytest" errors="0" failures="0" skipped="0" tests="4" time="0.031" timestamp="2026-07-10T10:06:54.290648-04:00" hostname="Jamess-MacBook-Pro.local"><testcase classname="harness.tests.research_unit.test_schemas.TestExports" name="test_eight_core_models_present" time="0.000" /><testcase classname="harness.tests.research_unit.test_schemas.TestExports" name="test_five_nested_models_present" time="0.000" /><testcase classname="harness.tests.research_unit.test_schemas.TestSourceConnectorInvariants" name="test_rejects_unknown_capability" time="0.000" /><testcase classname="harness.tests.research_unit.test_schemas.TestSourceHitInvariants" name="test_rejects_empty_query" time="0.000" /></testsuite></testsuites>