<?xml version="1.0" encoding="utf-8"?><testsuites name="pytest tests"><testsuite name="pytest" errors="0" failures="0" skipped="0" tests="2" time="0.026" timestamp="2026-07-10T10:07:32.376295-04:00" hostname="Jamess-MacBook-Pro.local"><testcase classname="skills.email-to-calendar.scripts.tests.test_pending_ops.TestAutoDismiss" name="test_auto_dismiss_after_max_reminders" time="0.001" /><testcase classname="skills.email-to-calendar.scripts.tests.test_pending_ops.TestAutoDismiss" name="test_no_auto_dismiss_below_max_reminders" time="0.007" /></testsuite></testsuites>