<?xml version="1.0" encoding="utf-8"?><testsuites name="pytest tests"><testsuite name="pytest" errors="0" failures="0" skipped="0" tests="20" time="0.084" timestamp="2026-07-10T10:05:15.569351-04:00" hostname="Jamess-MacBook-Pro.local"><testcase classname="harness.tests.data_plane.test_source_migration.TestDryRun" name="test_plan_no_files_written" time="0.002" /><testcase classname="harness.tests.data_plane.test_source_migration.TestDryRun" name="test_plan_shows_canonical_paths" time="0.002" /><testcase classname="harness.tests.data_plane.test_source_migration.TestDryRun" name="test_plan_shows_mode" time="0.001" /><testcase classname="harness.tests.data_plane.test_source_migration.TestDryRun" name="test_plan_skips_already_migrated" time="0.002" /><testcase classname="harness.tests.data_plane.test_source_migration.TestApplyCopy" name="test_copy_creates_canonical_files" time="0.003" /><testcase classname="harness.tests.data_plane.test_source_migration.TestApplyCopy" name="test_originals_never_deleted" time="0.004" /><testcase classname="harness.tests.data_plane.test_source_migration.TestApplyCopy" name="test_copy_preserves_content" time="0.004" /><testcase classname="harness.tests.data_plane.test_source_migration.TestApplyCopy" name="test_copy_idempotent" time="0.004" /><testcase classname="harness.tests.data_plane.test_source_migration.TestApplyLink" name="test_link_creates_symlinks" time="0.003" /><testcase classname="harness.tests.data_plane.test_source_migration.TestApplyLink" name="test_link_originals_still_exist" time="0.003" /><testcase classname="harness.tests.data_plane.test_source_migration.TestAliasPreservation" name="test_alias_link_created_on_copy" time="0.004" /><testcase classname="harness.tests.data_plane.test_source_migration.TestAliasPreservation" name="test_manifest_updated_with_migration_status" time="0.004" /><testcase classname="harness.tests.data_plane.test_source_migration.TestChecksumVerification" name="test_verify_after_copy" time="0.004" /><testcase classname="harness.tests.data_plane.test_source_migration.TestChecksumVerification" name="test_verify_after_link" time="0.003" /><testcase classname="harness.tests.data_plane.test_source_migration.TestChecksumVerification" name="test_verify_detects_corruption" time="0.004" /><testcase classname="harness.tests.data_plane.test_source_migration.TestChecksumVerification" name="test_verify_before_migration" time="0.001" /><testcase classname="harness.tests.data_plane.test_source_migration.TestChecksumVerification" name="test_checksum_mismatch_on_copy_detected" time="0.004" /><testcase classname="harness.tests.data_plane.test_source_migration.TestManifestLoading" name="test_load_valid_manifest" time="0.001" /><testcase classname="harness.tests.data_plane.test_source_migration.TestManifestLoading" name="test_load_missing_manifest" time="0.000" /><testcase classname="harness.tests.data_plane.test_source_migration.TestManifestLoading" name="test_load_manifest_skips_bad_lines" time="0.000" /></testsuite></testsuites>