<?xml version="1.0" encoding="utf-8"?><testsuites name="pytest tests"><testsuite name="pytest" errors="0" failures="0" skipped="0" tests="2" time="0.032" timestamp="2026-07-10T10:06:34.832179-04:00" hostname="Jamess-MacBook-Pro.local"><testcase classname="harness.tests.graph.test_multi_task_runner_quota_guard" name="test_output_log_auth_takes_precedence_over_quota_text" time="0.001" /><testcase classname="harness.tests.graph.test_multi_task_runner_quota_guard" name="test_quota_fallback_skips_profile_with_recent_auth_failure" time="0.001" /></testsuite></testsuites>