<?xml version="1.0" encoding="utf-8"?><testsuites name="pytest tests"><testsuite name="pytest" errors="0" failures="0" skipped="0" tests="2" time="0.034" timestamp="2026-07-10T10:06:58.382385-04:00" hostname="Jamess-MacBook-Pro.local"><testcase classname="harness.tests.test_actor_observability" name="test_logical_operator_binding_summary" time="0.001" /><testcase classname="harness.tests.test_actor_observability" name="test_capability_token_summary_no_raw" time="0.001" /></testsuite></testsuites>