<?xml version="1.0" encoding="utf-8"?><testsuites name="pytest tests"><testsuite name="pytest" errors="0" failures="0" skipped="0" tests="7" time="0.056" timestamp="2026-07-10T10:06:35.736411-04:00" hostname="Jamess-MacBook-Pro.local"><testcase classname="harness.tests.graph.test_node_proof_obligations.TestHandoffOnlyPassReportsReviewing" name="test_doctor_detects_passed_missing_eval" time="0.001" /><testcase classname="harness.tests.graph.test_node_proof_obligations.TestHandoffOnlyPassReportsReviewing" name="test_doctor_repairs_passed_missing_eval" time="0.001" /><testcase classname="harness.tests.graph.test_node_proof_obligations.TestNodeVerdictBlocksPassWithoutEval" name="test_verdict_pass_blocked_without_eval_json" time="0.001" /><testcase classname="harness.tests.graph.test_node_proof_obligations.TestNodeVerdictBlocksPassWithoutEval" name="test_verdict_pass_blocked_with_nonexistent_eval_path" time="0.001" /><testcase classname="harness.tests.graph.test_node_proof_obligations.TestEvalPassAllowsPassed" name="test_verdict_pass_with_eval_json_succeeds" time="0.004" /><testcase classname="harness.tests.graph.test_node_proof_obligations.TestEvalPassAllowsPassed" name="test_verdict_fail_does_not_require_eval_json" time="0.001" /><testcase classname="harness.tests.graph.test_node_proof_obligations.TestEvalPassAllowsPassed" name="test_verdict_pass_with_handoff_and_eval_succeeds" time="0.004" /></testsuite></testsuites>