<?xml version="1.0" encoding="utf-8"?><testsuites name="pytest tests"><testsuite name="pytest" errors="0" failures="0" skipped="0" tests="17" time="0.032" timestamp="2026-07-10T10:06:47.932821-04:00" hostname="Jamess-MacBook-Pro.local"><testcase classname="harness.tests.livework.test_state_aggregator.TestAggregatePaneStateIdle" name="test_empty_events_returns_idle" time="0.000" /><testcase classname="harness.tests.livework.test_state_aggregator.TestAggregatePaneStateIdle" name="test_idle_heartbeat_no_active_panes" time="0.000" /><testcase classname="harness.tests.livework.test_state_aggregator.TestAggregatePaneStateIdle" name="test_idle_heartbeat_pane_details_populated" time="0.000" /><testcase classname="harness.tests.livework.test_state_aggregator.TestAggregatePaneStateActive" name="test_active_heartbeat_not_idle" time="0.000" /><testcase classname="harness.tests.livework.test_state_aggregator.TestAggregatePaneStateActive" name="test_multiple_heartbeats_uses_latest" time="0.000" /><testcase classname="harness.tests.livework.test_state_aggregator.TestAggregatePaneStateMixed" name="test_irrelevant_events_ignored" time="0.000" /><testcase classname="harness.tests.livework.test_state_aggregator.TestResolveRole" name="test_empty_events_returns_unknown_phase" time="0.000" /><testcase classname="harness.tests.livework.test_state_aggregator.TestResolveRole" name="test_no_matching_sprint_returns_unknown" time="0.000" /><testcase classname="harness.tests.livework.test_state_aggregator.TestResolveRole" name="test_latest_transition_determines_phase" time="0.000" /><testcase classname="harness.tests.livework.test_state_aggregator.TestResolveRole" name="test_pm_drafted_sets_pm_analysis_phase" time="0.000" /><testcase classname="harness.tests.livework.test_state_aggregator.TestResolveRole" name="test_nodes_from_task_graph" time="0.000" /><testcase classname="harness.tests.livework.test_state_aggregator.TestResolveRole" name="test_next_action_builder_working" time="0.000" /><testcase classname="harness.tests.livework.test_state_aggregator.TestResolveRole" name="test_next_action_all_passed" time="0.000" /><testcase classname="harness.tests.livework.test_state_aggregator.TestDeterminism" name="test_aggregate_pane_state_idempotent" time="0.000" /><testcase classname="harness.tests.livework.test_state_aggregator.TestDeterminism" name="test_resolve_role_idempotent" time="0.000" /><testcase classname="harness.tests.livework.test_state_aggregator.TestDeterminism" name="test_aggregate_pane_state_deterministic_order" time="0.000" /><testcase classname="harness.tests.livework.test_state_aggregator.TestDeterminism" name="test_resolve_role_deterministic_order" time="0.000" /></testsuite></testsuites>