<?xml version="1.0" encoding="utf-8"?><testsuites name="pytest tests"><testsuite name="pytest" errors="0" failures="1" skipped="0" tests="1" time="0.054" timestamp="2026-07-10T10:07:16.740193-04:00" hostname="Jamess-MacBook-Pro.local"><testcase classname="harness.tests.test_dispatcher_integration.TestDualRunComparison" name="test_contracts_reflect_node_metadata" time="0.016"><failure message="assert '&lt;path&gt;r1.py&lt;/path&gt;' in '&lt;!-- SOLAR_STATE_READ_PREFLIGHT --&gt;\n## 必须先读状态 (防写入 hook 卡死)\n\n在任何 Write/Edit/handoff/eval/status 更新之前，必须先用 Claude/C...ll-audit/tmp/checkout/harness/sprints/sprint-meta.task_graph.json&quot; --node &quot;N3&quot; --status reviewing --in-place\n   ```\n'">harness/tests/test_dispatcher_integration.py:210: in test_contracts_reflect_node_metadata
    assert "&lt;path&gt;r1.py&lt;/path&gt;" in text
E   assert '&lt;path&gt;r1.py&lt;/path&gt;' in '&lt;!-- SOLAR_STATE_READ_PREFLIGHT --&gt;\n## 必须先读状态 (防写入 hook 卡死)\n\n在任何 Write/Edit/handoff/eval/status 更新之前，必须先用 Claude/C...ll-audit/tmp/checkout/harness/sprints/sprint-meta.task_graph.json" --node "N3" --status reviewing --in-place\n   ```\n'</failure></testcase></testsuite></testsuites>