<?xml version="1.0" encoding="utf-8"?><testsuites name="pytest tests"><testsuite name="pytest" errors="0" failures="1" skipped="0" tests="3" time="0.062" timestamp="2026-07-10T10:07:23.928409-04:00" hostname="Jamess-MacBook-Pro.local"><testcase classname="harness.tests.test_physical_operator_schema.TestSurfaceTypeExamples" name="test_interactive_operators_use_subscription_billing" time="0.001" /><testcase classname="harness.tests.test_physical_operator_schema.TestSurfaceTypeExamples" name="test_print_operators_use_agent_sdk_billing" time="0.001"><failure message="AssertionError: mini-glm51-builder-1: print operator should use anthropic_agent_sdk_credit billing&#10;assert None == 'anthropic_agent_sdk_credit'&#10; +  where None = &lt;built-in method get of dict object at 0x109404200&gt;('billing_surface')&#10; +    where &lt;built-in method get of dict object at 0x109404200&gt; = {'display_name': 'Mac mini GLM-5.1 builder pool slot 1', 'plane': 'headless', 'owner_host': 'solar@example-host', 'pane': 'solar-harness-multi-task:*', ...}.get">harness/tests/test_physical_operator_schema.py:105: in test_print_operators_use_agent_sdk_billing
    assert op.get("billing_surface") == "anthropic_agent_sdk_credit", (
E   AssertionError: mini-glm51-builder-1: print operator should use anthropic_agent_sdk_credit billing
E   assert None == 'anthropic_agent_sdk_credit'
E    +  where None = &lt;built-in method get of dict object at 0x109404200&gt;('billing_surface')
E    +    where &lt;built-in method get of dict object at 0x109404200&gt; = {'display_name': 'Mac mini GLM-5.1 builder pool slot 1', 'plane': 'headless', 'owner_host': 'solar@example-host', 'pane': 'solar-harness-multi-task:*', ...}.get</failure></testcase><testcase classname="harness.tests.test_physical_operator_schema.TestNoRawSecrets" name="test_key_refs_use_reference_format" time="0.001" /></testsuite></testsuites>