<?xml version="1.0" encoding="utf-8"?><testsuites name="pytest tests"><testsuite name="pytest" errors="0" failures="0" skipped="0" tests="3" time="0.040" timestamp="2026-07-10T10:06:55.540255-04:00" hostname="Jamess-MacBook-Pro.local"><testcase classname="harness.tests.runtime.test_browser_agent_operator" name="test_build_frontdoor_research_job_envelope" time="0.001" /><testcase classname="harness.tests.runtime.test_browser_agent_operator" name="test_build_frontdoor_research_artifact_preserves_whole_messages" time="0.000" /><testcase classname="harness.tests.runtime.test_browser_agent_operator" name="test_submit_frontdoor_research_job_writes_monthly_project_to_state" time="0.001" /></testsuite></testsuites>