<?xml version="1.0" encoding="utf-8"?><testsuites name="pytest tests"><testsuite name="pytest" errors="0" failures="0" skipped="0" tests="2" time="0.021" timestamp="2026-07-10T10:05:04.646726-04:00" hostname="Jamess-MacBook-Pro.local"><testcase classname="harness.plugins.autosci.tests.test_conversion_to_solar_evidence" name="test_raw_claims_convert_to_unverified_solar_claims" time="0.000" /><testcase classname="harness.plugins.autosci.tests.test_conversion_to_solar_evidence" name="test_research_paper_converter_does_not_fixture_fill_failed_parse" time="0.000" /></testsuite></testsuites>