<?xml version="1.0" encoding="utf-8"?><testsuites name="pytest tests"><testsuite name="pytest" errors="0" failures="0" skipped="0" tests="2" time="0.041" timestamp="2026-07-10T10:07:22.135312-04:00" hostname="Jamess-MacBook-Pro.local"><testcase classname="harness.tests.test_operator_status_observability.TestLoadOperatorFleet" name="test_fleet_empty_on_missing_registry" time="0.001" /><testcase classname="harness.tests.test_operator_status_observability.TestMonitorBridgeSnapshot" name="test_snapshot_fleet_billing_pool_reflects_registry" time="0.009" /></testsuite></testsuites>