<?xml version="1.0" encoding="utf-8"?><testsuites name="pytest tests"><testsuite name="pytest" errors="0" failures="0" skipped="0" tests="3" time="0.140" timestamp="2026-07-10T10:05:13.059474-04:00" hostname="Jamess-MacBook-Pro.local"><testcase classname="harness.plugins.autosci.tests.test_semantic_parity_audit_matrix" name="test_default_generation_writes_partial_semantic_audit_without_promotion" time="0.045" /><testcase classname="harness.plugins.autosci.tests.test_semantic_parity_audit_matrix" name="test_full_assessment_with_nonpassing_check_is_blocked_and_downgraded" time="0.038" /><testcase classname="harness.plugins.autosci.tests.test_semantic_parity_audit_matrix" name="test_full_assessment_resolves_configured_native_and_evidence_roots" time="0.038" /></testsuite></testsuites>