<?xml version="1.0" encoding="utf-8"?><testsuites name="pytest tests"><testsuite name="pytest" errors="0" failures="0" skipped="0" tests="14" time="0.119" timestamp="2026-07-10T10:06:35.927094-04:00" hostname="Jamess-MacBook-Pro.local"><testcase classname="harness.tests.graph.test_parent_ready_closeout.TestParentReadyCloseout" name="test_parent_not_passed_when_nodes_still_open" time="0.016" /><testcase classname="harness.tests.graph.test_parent_ready_closeout.TestParentReadyCloseout" name="test_parent_passed_when_all_nodes_done" time="0.002" /><testcase classname="harness.tests.graph.test_parent_ready_closeout.TestParentReadyCloseout" name="test_parent_not_passed_in_dry_run" time="0.001" /><testcase classname="harness.tests.graph.test_parent_ready_closeout.TestParentReadyCloseout" name="test_parent_not_passed_when_gates_missing" time="0.001" /><testcase classname="harness.tests.graph.test_parent_ready_closeout.TestParentReadyCloseout" name="test_node_verdict_delegates_to_parent_ready_check" time="0.002" /><testcase classname="harness.tests.graph.test_parent_ready_closeout.TestParentReadyCloseout" name="test_events_appended_on_parent_pass" time="0.002" /><testcase classname="harness.tests.graph.test_parent_ready_closeout.TestParentReadyCheckIntegration" name="test_standard_graph_auto_assigns_default_gates_for_closeout" time="0.004" /><testcase classname="harness.tests.graph.test_parent_ready_closeout.TestParentReadyCheckIntegration" name="test_all_passed_means_ready" time="0.001" /><testcase classname="harness.tests.graph.test_parent_ready_closeout.TestParentReadyCheckIntegration" name="test_open_nodes_means_not_ready" time="0.001" /><testcase classname="harness.tests.graph.test_parent_ready_closeout.TestParentReadyCheckIntegration" name="test_failed_node_means_not_ready" time="0.001" /><testcase classname="harness.tests.graph.test_parent_ready_closeout.TestParentReadyCheckIntegration" name="test_newer_inline_passed_overrides_stale_node_result_reviewing" time="0.001" /><testcase classname="harness.tests.graph.test_parent_ready_closeout.TestParentReadyCheckIntegration" name="test_doctor_repairs_stale_node_result_reviewing" time="0.001" /><testcase classname="harness.tests.graph.test_parent_ready_closeout.TestGraphStatusProjection" name="test_graph_scheduler_mark_syncs_legacy_status_when_parent_ready" time="0.055" /><testcase classname="harness.tests.graph.test_parent_ready_closeout.TestGraphStatusProjection" name="test_epic_child_status_falls_back_to_passed_child_graph" time="0.003" /></testsuite></testsuites>