<?xml version="1.0" encoding="utf-8"?><testsuites name="pytest tests"><testsuite name="pytest" errors="0" failures="0" skipped="0" tests="12" time="2.059" timestamp="2026-07-10T10:07:27.896858-04:00" hostname="Jamess-MacBook-Pro.local"><testcase classname="harness.tests.test_tech_hotspot_browser_agent_cmd" name="test_browser_agent_chatgpt_cmd_falls_back_to_bundled_wrapper" time="0.214" /><testcase classname="harness.tests.test_tech_hotspot_browser_agent_cmd" name="test_browser_agent_notebooklm_cmd_falls_back_to_bundled_wrapper" time="0.156" /><testcase classname="harness.tests.test_tech_hotspot_browser_agent_cmd" name="test_hf_normalize_report_plan_assigns_unassigned_papers" time="0.159" /><testcase classname="harness.tests.test_tech_hotspot_browser_agent_cmd" name="test_hf_write_public_report_prefers_grouped_flow_outputs" time="0.152" /><testcase classname="harness.tests.test_tech_hotspot_browser_agent_cmd" name="test_hf_weekly_priority_score_prefers_persistent_high_rank_signals" time="0.148" /><testcase classname="harness.tests.test_tech_hotspot_browser_agent_cmd" name="test_hf_candidate_reasoning_plan_defaults_weekly_to_grouped_sections" time="0.191" /><testcase classname="harness.tests.test_tech_hotspot_browser_agent_cmd" name="test_hf_candidate_reasoning_plan_allows_weekly_per_paper_override" time="0.149" /><testcase classname="harness.tests.test_tech_hotspot_browser_agent_cmd" name="test_hf_missing_value_handles_lists_without_typeerror" time="0.157" /><testcase classname="harness.tests.test_tech_hotspot_browser_agent_cmd" name="test_hf_clean_public_text_scrubs_internal_ids" time="0.156" /><testcase classname="harness.tests.test_tech_hotspot_browser_agent_cmd" name="test_grouped_report_render_hides_internal_ids_and_labels" time="0.166" /><testcase classname="harness.tests.test_tech_hotspot_browser_agent_cmd" name="test_notebooklm_bundle_and_request_are_built" time="0.165" /><testcase classname="harness.tests.test_tech_hotspot_browser_agent_cmd" name="test_ai_influence_validation_rejects_raw_video_id_leak" time="0.212" /></testsuite></testsuites>