<?xml version="1.0" encoding="utf-8"?><testsuites name="pytest tests"><testsuite name="pytest" errors="0" failures="0" skipped="0" tests="2" time="0.036" timestamp="2026-07-10T10:06:34.423775-04:00" hostname="Jamess-MacBook-Pro.local"><testcase classname="harness.tests.graph.test_graph_status_sync" name="test_sync_status_cache_repairs_stale_task_graph_status_for_passed_parent" time="0.005" /><testcase classname="harness.tests.graph.test_graph_status_sync" name="test_sync_status_cache_revokes_passed_status_when_graph_parent_not_ready" time="0.002" /></testsuite></testsuites>