<?xml version="1.0" encoding="utf-8"?><testsuites name="pytest tests"><testsuite name="pytest" errors="0" failures="0" skipped="0" tests="18" time="0.078" timestamp="2026-07-10T10:07:16.307026-04:00" hostname="Jamess-MacBook-Pro.local"><testcase classname="harness.tests.test_dispatch_scheduler.TestSelectPane" name="test_select_clean_pane" time="0.003" /><testcase classname="harness.tests.test_dispatch_scheduler.TestSelectPane" name="test_no_clean_panes" time="0.004" /><testcase classname="harness.tests.test_dispatch_scheduler.TestSelectPane" name="test_inject_failure_skips_pane" time="0.005" /><testcase classname="harness.tests.test_dispatch_scheduler.TestSpilloverSelect" name="test_three_tasks_three_panes" time="0.008" /><testcase classname="harness.tests.test_dispatch_scheduler.TestSpilloverSelect" name="test_dedup_no_same_pane" time="0.010" /><testcase classname="harness.tests.test_dispatch_scheduler.TestSpilloverSelect" name="test_insufficient_panes" time="0.003" /><testcase classname="harness.tests.test_dispatch_scheduler.TestSpilloverSelect" name="test_max_items_limits" time="0.002" /><testcase classname="harness.tests.test_dispatch_scheduler.TestMarkBusyIdle" name="test_mark_idle_transitions_to_dirty" time="0.002" /><testcase classname="harness.tests.test_dispatch_scheduler.TestMarkBusyIdle" name="test_mark_idle_raises_on_non_running" time="0.002" /><testcase classname="harness.tests.test_dispatch_scheduler.TestSafetyGuard" name="test_kill_main_pane_blocked" time="0.000" /><testcase classname="harness.tests.test_dispatch_scheduler.TestSafetyGuard" name="test_lab_pane_allowed" time="0.000" /><testcase classname="harness.tests.test_dispatch_scheduler.TestSafetyGuard" name="test_protected_panes_include_main_and_spillover" time="0.000" /><testcase classname="harness.tests.test_dispatch_scheduler.TestSafetyGuard" name="test_respawn_protected_pane_blocked" time="0.000" /><testcase classname="harness.tests.test_dispatch_scheduler.TestSafetyGuard" name="test_respawn_max_concurrent_zero_blocks" time="0.002" /><testcase classname="harness.tests.test_dispatch_scheduler.TestSafetyGuard" name="test_begin_respawn_records_rejection" time="0.002" /><testcase classname="harness.tests.test_dispatch_scheduler.TestSafetyGuard" name="test_begin_finish_respawn_tracks_concurrency" time="0.002" /><testcase classname="harness.tests.test_dispatch_scheduler.TestSafetyGuard" name="test_forbidden_command_pattern" time="0.000" /><testcase classname="harness.tests.test_dispatch_scheduler.TestSafetyGuard" name="test_safe_command_passes" time="0.000" /></testsuite></testsuites>