<?xml version="1.0" encoding="utf-8"?><testsuites name="pytest tests"><testsuite name="pytest" errors="0" failures="7" skipped="0" tests="119" time="135.775" timestamp="2026-07-10T10:02:37.782775-04:00" hostname="Jamess-MacBook-Pro.local"><testcase classname="harness.plugins.autosci.tests.test_autosci_skill_shim" name="test_autosci_skill_shim_lists_configured_skills" time="0.060" /><testcase classname="harness.plugins.autosci.tests.test_autosci_skill_shim" name="test_autosci_skill_shim_lists_skills_with_dollar_alias" time="0.060" /><testcase classname="harness.plugins.autosci.tests.test_autosci_skill_shim" name="test_autosci_skill_shim_runs_ingest_with_dollar_skill_alias" time="1.210" /><testcase classname="harness.plugins.autosci.tests.test_autosci_skill_shim" name="test_autosci_skill_shim_runs_direct_dollar_skill" time="1.066" /><testcase classname="harness.plugins.autosci.tests.test_autosci_skill_shim" name="test_autosci_skill_shim_runs_single_token_dollar_command_with_flags" time="4.799" /><testcase classname="harness.plugins.autosci.tests.test_autosci_skill_shim" name="test_autosci_skill_shim_runs_text_dollar_command" time="1.135" /><testcase classname="harness.plugins.autosci.tests.test_autosci_skill_shim" name="test_autosci_skill_shim_maps_positional_ingest_source" time="1.174" /><testcase classname="harness.plugins.autosci.tests.test_autosci_skill_shim" name="test_autosci_skill_shim_ingests_pdf_with_extracted_text_and_no_fixture_leakage" time="1.165"><failure message="AssertionError: assert 'ingest_sourc...on_incomplete' == 'ingest_sourc...tration_ready'&#10;  &#10;  - ingest_source_registration_ready&#10;  ?                            ^ ^^^&#10;  + ingest_source_registration_incomplete&#10;  ?                            ^^^^^^^ ^^">harness/plugins/autosci/tests/test_autosci_skill_shim.py:456: in test_autosci_skill_shim_ingests_pdf_with_extracted_text_and_no_fixture_leakage
    assert boundary["status"] == "ingest_source_registration_ready"
E   AssertionError: assert 'ingest_sourc...on_incomplete' == 'ingest_sourc...tration_ready'
E     
E     - ingest_source_registration_ready
E     ?                            ^ ^^^
E     + ingest_source_registration_incomplete
E     ?                            ^^^^^^^ ^^</failure></testcase><testcase classname="harness.plugins.autosci.tests.test_autosci_skill_shim" name="test_autosci_skill_shim_ingest_final_source_registration_boundary_ready_with_wiki_state" time="1.456" /><testcase classname="harness.plugins.autosci.tests.test_autosci_skill_shim" name="test_autosci_skill_shim_accepts_original_ingest_followup_flags" time="1.067" /><testcase classname="harness.plugins.autosci.tests.test_autosci_skill_shim" name="test_autosci_skill_shim_accepts_discover_from_wiki_limit" time="0.466" /><testcase classname="harness.plugins.autosci.tests.test_autosci_skill_shim" name="test_autosci_skill_shim_runs_research_pipeline" time="6.167" /><testcase classname="harness.plugins.autosci.tests.test_autosci_skill_shim" name="test_autosci_skill_shim_research_start_from_writes_pipeline_artifacts" time="0.367" /><testcase classname="harness.plugins.autosci.tests.test_autosci_skill_shim" name="test_autosci_skill_shim_research_lifecycle_completes_from_verified_stage_evidence" time="0.377" /><testcase classname="harness.plugins.autosci.tests.test_autosci_skill_shim" name="test_autosci_skill_shim_research_lifecycle_ignores_weak_scheduler_summary" time="0.366" /><testcase classname="harness.plugins.autosci.tests.test_autosci_skill_shim" name="test_autosci_skill_shim_research_lifecycle_completes_from_strict_scheduler_summary" time="0.416" /><testcase classname="harness.plugins.autosci.tests.test_autosci_skill_shim" name="test_autosci_skill_shim_research_scheduler_run_attaches_blocked_summary" time="1.196" /><testcase classname="harness.plugins.autosci.tests.test_autosci_skill_shim" name="test_autosci_skill_shim_research_scheduler_demo_uses_multi_node_preset" time="3.261" /><testcase classname="harness.plugins.autosci.tests.test_autosci_skill_shim" name="test_autosci_skill_shim_research_legacy_scheduler_run_attaches_blocked_summary" time="8.346" /><testcase classname="harness.plugins.autosci.tests.test_autosci_skill_shim" name="test_autosci_skill_shim_research_scheduler_strict_workflow_config_alignment_fails" time="8.387" /><testcase classname="harness.plugins.autosci.tests.test_autosci_skill_shim" name="test_autosci_skill_shim_research_scheduler_strict_production_dispatch_fails" time="8.338" /><testcase classname="harness.plugins.autosci.tests.test_autosci_skill_shim" name="test_autosci_skill_shim_research_scheduler_online_uses_source_runtime_evidence" time="8.379" /><testcase classname="harness.plugins.autosci.tests.test_autosci_skill_shim" name="test_autosci_skill_shim_research_scheduler_uses_experiment_runtime_evidence" time="8.375" /><testcase classname="harness.plugins.autosci.tests.test_autosci_skill_shim" name="test_autosci_skill_shim_research_scheduler_records_truthful_legacy_publication_compile_boundary" time="9.867" /><testcase classname="harness.plugins.autosci.tests.test_autosci_skill_shim" name="test_autosci_skill_shim_accepts_exp_run_native_options_without_fixture_fallback" time="0.374" /><testcase classname="harness.plugins.autosci.tests.test_autosci_skill_shim" name="test_autosci_skill_shim_exp_run_full_routes_deploy_and_collect_actions" time="1.003" /><testcase classname="harness.plugins.autosci.tests.test_autosci_skill_shim" name="test_autosci_skill_shim_exp_status_pipeline_runs_monitor_action" time="0.373" /><testcase classname="harness.plugins.autosci.tests.test_autosci_skill_shim" name="test_autosci_skill_shim_exp_status_pipeline_reads_wiki_experiment_state" time="0.390" /><testcase classname="harness.plugins.autosci.tests.test_autosci_skill_shim" name="test_autosci_skill_shim_exp_status_normalizes_native_wiki_states[collected-completed]" time="0.359" /><testcase classname="harness.plugins.autosci.tests.test_autosci_skill_shim" name="test_autosci_skill_shim_exp_status_normalizes_native_wiki_states[collect-ready-running]" time="0.356" /><testcase classname="harness.plugins.autosci.tests.test_autosci_skill_shim" name="test_autosci_skill_shim_exp_status_normalizes_native_wiki_states[ready-running]" time="0.356" /><testcase classname="harness.plugins.autosci.tests.test_autosci_skill_shim" name="test_autosci_skill_shim_blocks_unapproved_exp_run_deploy_without_fixture_support" time="3.134" /><testcase classname="harness.plugins.autosci.tests.test_autosci_skill_shim" name="test_autosci_skill_shim_exp_design_attaches_review_llm_validation" time="0.361" /><testcase classname="harness.plugins.autosci.tests.test_autosci_skill_shim" name="test_autosci_skill_shim_exp_run_uses_verified_runtime_evidence_and_mutates_wiki" time="3.272" /><testcase classname="harness.plugins.autosci.tests.test_autosci_skill_shim" name="test_autosci_skill_shim_exp_run_parity_demo_auto_executes_local_command" time="3.376"><failure message="AssertionError: assert 'schema_only' == 'passed'&#10;  &#10;  - passed&#10;  + schema_only">harness/plugins/autosci/tests/test_autosci_skill_shim.py:2631: in test_autosci_skill_shim_exp_run_parity_demo_auto_executes_local_command
    assert action["status"] == "passed"
E   AssertionError: assert 'schema_only' == 'passed'
E     
E     - passed
E     + schema_only</failure></testcase><testcase classname="harness.plugins.autosci.tests.test_autosci_skill_shim" name="test_autosci_skill_shim_exp_pilot_run_parity_demo_auto_executes_local_command" time="0.411"><failure message="AssertionError: assert 'inconclusive' == 'completed'&#10;  &#10;  - completed&#10;  + inconclusive">harness/plugins/autosci/tests/test_autosci_skill_shim.py:2866: in test_autosci_skill_shim_exp_pilot_run_parity_demo_auto_executes_local_command
    assert result["status"] == "completed"
E   AssertionError: assert 'inconclusive' == 'completed'
E     
E     - completed
E     + inconclusive</failure></testcase><testcase classname="harness.plugins.autosci.tests.test_autosci_skill_shim" name="test_autosci_skill_shim_exp_status_reads_persistent_session_registry" time="3.649" /><testcase classname="harness.plugins.autosci.tests.test_autosci_skill_shim" name="test_autosci_skill_shim_exp_collect_uses_verified_runtime_evidence" time="0.387" /><testcase classname="harness.plugins.autosci.tests.test_autosci_skill_shim" name="test_autosci_skill_shim_exp_collect_writes_multiseed_metric_aggregate_report" time="0.436" /><testcase classname="harness.plugins.autosci.tests.test_autosci_skill_shim" name="test_autosci_skill_shim_exp_collect_reuses_exactly_once_collection_ledger" time="0.842" /><testcase classname="harness.plugins.autosci.tests.test_autosci_skill_shim" name="test_autosci_skill_shim_accepts_paper_plan_title_without_topic_fallback" time="0.365" /><testcase classname="harness.plugins.autosci.tests.test_autosci_skill_shim" name="test_autosci_skill_shim_paper_plan_blocks_final_acceptance_without_compile" time="0.362" /><testcase classname="harness.plugins.autosci.tests.test_autosci_skill_shim" name="test_autosci_skill_shim_paper_plan_rejects_weak_review_llm_boundary" time="0.363" /><testcase classname="harness.plugins.autosci.tests.test_autosci_skill_shim" name="test_autosci_skill_shim_paper_plan_attaches_verified_compile_handoff" time="0.365" /><testcase classname="harness.plugins.autosci.tests.test_autosci_skill_shim" name="test_autosci_skill_shim_paper_draft_writes_latex_source" time="0.374" /><testcase classname="harness.plugins.autosci.tests.test_autosci_skill_shim" name="test_autosci_skill_shim_paper_draft_includes_verified_compile_pdf_handoff" time="0.388" /><testcase classname="harness.plugins.autosci.tests.test_autosci_skill_shim" name="test_autosci_skill_shim_runs_paper_compile_fix_diagnostics" time="0.391" /><testcase classname="harness.plugins.autosci.tests.test_autosci_skill_shim" name="test_autosci_skill_shim_runs_survey_rebuttal_and_poster_native_sidecars" time="1.147" /><testcase classname="harness.plugins.autosci.tests.test_autosci_skill_shim" name="test_autosci_skill_shim_survey_completes_with_citation_evidence" time="0.365" /><testcase classname="harness.plugins.autosci.tests.test_autosci_skill_shim" name="test_autosci_skill_shim_rebuttal_maps_review_llm_findings" time="0.364" /><testcase classname="harness.plugins.autosci.tests.test_autosci_skill_shim" name="test_autosci_skill_shim_rebuttal_ingests_reviewer_thread_and_submission_audit" time="0.385" /><testcase classname="harness.plugins.autosci.tests.test_autosci_skill_shim" name="test_autosci_skill_shim_rebuttal_atomizes_comma_separated_review_files" time="0.363" /><testcase classname="harness.plugins.autosci.tests.test_autosci_skill_shim" name="test_autosci_skill_shim_accepts_survey_format_latex" time="0.361" /><testcase classname="harness.plugins.autosci.tests.test_autosci_skill_shim" name="test_autosci_skill_shim_runs_wiki_and_control_proposal_actions" time="1.093"><failure message="AssertionError: &#10;assert 2 == 0&#10; +  where 2 = CompletedProcess(args=['/Users/jamesyuan/Developer/Github Repos (On Git)/BetterSolar/docs/testing/test-runs/20260710-0...n  &quot;skill&quot;: &quot;setup&quot;,\n  &quot;status&quot;: &quot;failed&quot;,\n  &quot;work_dir&quot;: &quot;artifacts/autosci/runs/shim-setup_status&quot;\n}\n', stderr='').returncode">harness/plugins/autosci/tests/test_autosci_skill_shim.py:5114: in test_autosci_skill_shim_runs_wiki_and_control_proposal_actions
    assert proc.returncode == 0, proc.stderr
E   AssertionError: 
E   assert 2 == 0
E    +  where 2 = CompletedProcess(args=['/Users/jamesyuan/Developer/Github Repos (On Git)/BetterSolar/docs/testing/test-runs/20260710-0...n  "skill": "setup",\n  "status": "failed",\n  "work_dir": "artifacts/autosci/runs/shim-setup_status"\n}\n', stderr='').returncode</failure></testcase><testcase classname="harness.plugins.autosci.tests.test_autosci_skill_shim" name="test_autosci_skill_shim_prefill_parity_demo_auto_applies_local_writeback" time="0.377" /><testcase classname="harness.plugins.autosci.tests.test_autosci_skill_shim" name="test_autosci_skill_shim_prefill_add_mode_records_catalog_plan_without_mutation" time="0.361" /><testcase classname="harness.plugins.autosci.tests.test_autosci_skill_shim" name="test_autosci_skill_shim_prefill_renders_supplied_source_evidence" time="0.362" /><testcase classname="harness.plugins.autosci.tests.test_autosci_skill_shim" name="test_autosci_skill_shim_reset_accepts_native_scope_and_keeps_dry_run_non_destructive" time="0.454" /><testcase classname="harness.plugins.autosci.tests.test_autosci_skill_shim" name="test_autosci_skill_shim_reset_autosci_native_auto_executes_scoped_reset" time="0.520" /><testcase classname="harness.plugins.autosci.tests.test_autosci_skill_shim" name="test_autosci_skill_shim_edit_parity_demo_auto_applies_after_artifact" time="0.388" /><testcase classname="harness.plugins.autosci.tests.test_autosci_skill_shim" name="test_autosci_skill_shim_edit_blocks_existing_raw_add" time="0.372" /><testcase classname="harness.plugins.autosci.tests.test_autosci_skill_shim" name="test_autosci_skill_shim_runs_ask_check_and_init_diagnostics" time="1.532" /><testcase classname="harness.plugins.autosci.tests.test_autosci_skill_shim" name="test_autosci_skill_shim_init_uses_verified_runtime_source_manifest" time="0.358" /><testcase classname="harness.plugins.autosci.tests.test_autosci_skill_shim" name="test_autosci_skill_shim_init_parity_demo_auto_fans_runtime_sources_into_wiki" time="0.362" /><testcase classname="harness.plugins.autosci.tests.test_autosci_skill_shim" name="test_autosci_skill_shim_daily_arxiv_uses_verified_runtime_digest" time="0.368" /><testcase classname="harness.plugins.autosci.tests.test_autosci_skill_shim" name="test_autosci_skill_shim_daily_arxiv_runs_native_local_feed_pipeline" time="0.584" /><testcase classname="harness.plugins.autosci.tests.test_autosci_skill_shim" name="test_autosci_skill_shim_daily_arxiv_write_creates_ingest_handoff" time="0.386" /><testcase classname="harness.plugins.autosci.tests.test_autosci_skill_shim" name="test_autosci_skill_shim_ask_and_check_read_workspace_wiki" time="0.812" /><testcase classname="harness.plugins.autosci.tests.test_autosci_skill_shim" name="test_autosci_skill_shim_ask_respects_native_format_modes" time="0.704" /><testcase classname="harness.plugins.autosci.tests.test_autosci_skill_shim" name="test_autosci_skill_shim_ask_uses_model_command_with_retrieved_sources" time="0.380" /><testcase classname="harness.plugins.autosci.tests.test_autosci_skill_shim" name="test_autosci_skill_shim_ask_crystallize_parity_demo_auto_writes_output" time="0.386" /><testcase classname="harness.plugins.autosci.tests.test_autosci_skill_shim" name="test_autosci_skill_shim_ask_crystallize_writes_typed_target" time="0.394" /><testcase classname="harness.plugins.autosci.tests.test_autosci_skill_shim" name="test_autosci_skill_shim_check_uses_model_command_for_quality_review" time="0.427" /><testcase classname="harness.plugins.autosci.tests.test_autosci_skill_shim" name="test_autosci_skill_shim_visualize_projects_action_graph_update_into_workspace_graph" time="0.575" /><testcase classname="harness.plugins.autosci.tests.test_autosci_skill_shim" name="test_autosci_skill_shim_accepts_visualize_serve_flag_without_server_execution" time="0.558" /><testcase classname="harness.plugins.autosci.tests.test_autosci_skill_shim" name="test_autosci_skill_shim_visualize_parity_demo_auto_runs_server_probe" time="0.674"><failure message="assert 0 == 1">harness/plugins/autosci/tests/test_autosci_skill_shim.py:7579: in test_autosci_skill_shim_visualize_parity_demo_auto_runs_server_probe
    assert summary["passed_count"] == 1
E   assert 0 == 1</failure></testcase><testcase classname="harness.plugins.autosci.tests.test_autosci_skill_shim" name="test_autosci_skill_shim_visualize_accepts_native_focus_and_filters" time="0.543" /><testcase classname="harness.plugins.autosci.tests.test_autosci_skill_shim" name="test_autosci_skill_shim_refine_parity_demo_auto_applies_after_artifact" time="0.380" /><testcase classname="harness.plugins.autosci.tests.test_autosci_skill_shim" name="test_autosci_skill_shim_pilot_eval_uses_runtime_evidence" time="0.342" /><testcase classname="harness.plugins.autosci.tests.test_autosci_skill_shim" name="test_autosci_skill_shim_pilot_eval_parity_demo_auto_writes_wiki" time="0.355" /><testcase classname="harness.plugins.autosci.tests.test_autosci_skill_shim" name="test_autosci_skill_shim_exp_eval_merges_experiment_code_and_review_llm_evidence" time="0.374" /><testcase classname="harness.plugins.autosci.tests.test_autosci_skill_shim" name="test_autosci_skill_shim_exp_eval_parity_demo_auto_writes_wiki" time="0.358" /><testcase classname="harness.plugins.autosci.tests.test_autosci_skill_shim" name="test_autosci_web_visualization_compatibility_tools_generate_graph_artifacts" time="0.188" /><testcase classname="harness.plugins.autosci.tests.test_autosci_skill_shim" name="test_autosci_skill_shim_accepts_poster_render_flag_without_execution" time="0.363" /><testcase classname="harness.plugins.autosci.tests.test_autosci_skill_shim" name="test_autosci_skill_shim_poster_builds_native_content_from_paper_dir" time="0.602" /><testcase classname="harness.plugins.autosci.tests.test_autosci_skill_shim" name="test_autosci_skill_shim_poster_attaches_review_llm_critique_boundary" time="0.582" /><testcase classname="harness.plugins.autosci.tests.test_autosci_skill_shim" name="test_autosci_skill_shim_paper_compile_parity_demo_auto_executes_executor" time="0.873" /><testcase classname="harness.plugins.autosci.tests.test_autosci_skill_shim" name="test_autosci_skill_shim_rejects_invalid_paper_compile_pdf" time="0.614" /><testcase classname="harness.plugins.autosci.tests.test_autosci_skill_shim" name="test_autosci_skill_shim_paper_compile_missing_tool_inconclusive" time="0.384" /><testcase classname="harness.plugins.autosci.tests.test_autosci_skill_shim" name="test_autosci_skill_shim_poster_parity_demo_auto_executes_renderer" time="0.967" /><testcase classname="harness.plugins.autosci.tests.test_autosci_skill_shim" name="test_autosci_skill_shim_accepts_paper_compile_checklist_without_bundle_fallback" time="0.366" /><testcase classname="harness.plugins.autosci.tests.test_autosci_skill_shim" name="test_autosci_skill_shim_paper_compile_checklist_records_submission_checks" time="0.377" /><testcase classname="harness.plugins.autosci.tests.test_autosci_skill_shim" name="test_autosci_skill_shim_paper_compile_submission_boundary_accepts_cli_evidence" time="0.364" /><testcase classname="harness.plugins.autosci.tests.test_autosci_skill_shim" name="test_autosci_skill_shim_paper_compile_submission_profile_supplies_venue_requirements" time="0.366" /><testcase classname="harness.plugins.autosci.tests.test_autosci_skill_shim" name="test_autosci_skill_shim_paper_compile_pdf_inspection_satisfies_venue_readiness" time="0.376" /><testcase classname="harness.plugins.autosci.tests.test_autosci_skill_shim" name="test_autosci_skill_shim_paper_compile_submission_audit_marks_audit_ready" time="0.366" /><testcase classname="harness.plugins.autosci.tests.test_autosci_skill_shim" name="test_autosci_skill_shim_runs_ideate_from_wiki_and_discovery_sources" time="0.702" /><testcase classname="harness.plugins.autosci.tests.test_autosci_skill_shim" name="test_autosci_skill_shim_ideate_active_idea_dedup_filters_duplicate" time="0.371" /><testcase classname="harness.plugins.autosci.tests.test_autosci_skill_shim" name="test_autosci_skill_shim_ideate_uses_model_command_for_brainstorm" time="0.757" /><testcase classname="harness.plugins.autosci.tests.test_autosci_skill_shim" name="test_autosci_skill_shim_ideate_promotes_with_model_novelty_and_review_evidence" time="0.726" /><testcase classname="harness.plugins.autosci.tests.test_autosci_skill_shim" name="test_autosci_skill_shim_ideate_pilot_handoff_closes_phase5_and_allows_projection" time="0.713" /><testcase classname="harness.plugins.autosci.tests.test_autosci_skill_shim" name="test_autosci_skill_shim_wiki_state_resolver_parses_entities_and_edges" time="0.691" /><testcase classname="harness.plugins.autosci.tests.test_autosci_skill_shim" name="test_autosci_skill_shim_exp_status_resolves_wiki_experiment_without_default_fallback" time="0.375" /><testcase classname="harness.plugins.autosci.tests.test_autosci_skill_shim" name="test_autosci_skill_shim_ideate_without_sources_is_inconclusive_not_fixture" time="0.672" /><testcase classname="harness.plugins.autosci.tests.test_autosci_skill_shim" name="test_autosci_skill_shim_ideate_skip_validation_skips_evaluation_action" time="0.371" /><testcase classname="harness.plugins.autosci.tests.test_autosci_skill_shim" name="test_autosci_skill_shim_runs_novelty_target_with_local_sources" time="0.370" /><testcase classname="harness.plugins.autosci.tests.test_autosci_skill_shim" name="test_autosci_skill_shim_novelty_defaults_to_online_fetch_when_available" time="0.383"><failure message="AssertionError: assert 'file:///User...lar_mock.json' == 'file:///User...lar_mock.json'&#10;  &#10;  - file:///Users/jamesyuan/Developer/Github%20Repos%20%28On%20Git%29/BetterSolar/docs/testing/test-runs/20260710-0121-qa-full-audit/tmp/eligible-full-phase-v2/temp/eligible-0008/pytest/test_autosci_skill_shim_novelt0/semantic_scholar_mock.json&#10;  ?                                         ^^^     ^^^^^^  ^^^   ^^^&#10;  + file:///Users/jamesyuan/Developer/Github Repos (On Git)/BetterSolar/docs/testing/test-runs/20260710-0121-qa-full-audit/tmp/eligible-full-phase-v2/temp/eligible-0008/pytest/test_autosci_skill_shim_novelt0/semantic_scholar_mock.json&#10;  ?                                         ^     ^^  ^   ^">harness/plugins/autosci/tests/test_autosci_skill_shim.py:11355: in test_autosci_skill_shim_novelty_defaults_to_online_fetch_when_available
    assert provider_status["raw_payload_ref"] == semantic_payload.as_uri()
E   AssertionError: assert 'file:///User...lar_mock.json' == 'file:///User...lar_mock.json'
E     
E     - file:///Users/jamesyuan/Developer/Github%20Repos%20%28On%20Git%29/BetterSolar/docs/testing/test-runs/20260710-0121-qa-full-audit/tmp/eligible-full-phase-v2/temp/eligible-0008/pytest/test_autosci_skill_shim_novelt0/semantic_scholar_mock.json
E     ?                                         ^^^     ^^^^^^  ^^^   ^^^
E     + file:///Users/jamesyuan/Developer/Github Repos (On Git)/BetterSolar/docs/testing/test-runs/20260710-0121-qa-full-audit/tmp/eligible-full-phase-v2/temp/eligible-0008/pytest/test_autosci_skill_shim_novelt0/semantic_scholar_mock.json
E     ?                                         ^     ^^  ^   ^</failure></testcase><testcase classname="harness.plugins.autosci.tests.test_autosci_skill_shim" name="test_autosci_skill_shim_novelty_uses_supplied_external_evidence" time="0.399" /><testcase classname="harness.plugins.autosci.tests.test_autosci_skill_shim" name="test_autosci_skill_shim_novelty_write_skips_without_external_evidence" time="0.371" /><testcase classname="harness.plugins.autosci.tests.test_autosci_skill_shim" name="test_autosci_skill_shim_novelty_write_skips_without_review_llm_evidence" time="0.378" /><testcase classname="harness.plugins.autosci.tests.test_autosci_skill_shim" name="test_autosci_skill_shim_novelty_write_updates_with_external_and_review_llm_evidence" time="0.408" /><testcase classname="harness.plugins.autosci.tests.test_autosci_skill_shim" name="test_autosci_skill_shim_novelty_write_uses_review_llm_command_bridge" time="0.419" /><testcase classname="harness.plugins.autosci.tests.test_autosci_skill_shim" name="test_autosci_skill_shim_novelty_write_skips_external_without_provenance" time="0.391" /><testcase classname="harness.plugins.autosci.tests.test_autosci_skill_shim" name="test_autosci_skill_shim_runs_review_as_artifact_review" time="0.385" /><testcase classname="harness.plugins.autosci.tests.test_autosci_skill_shim" name="test_autosci_skill_shim_review_missing_slug_does_not_use_repo_workspace_fallback" time="0.382" /><testcase classname="harness.plugins.autosci.tests.test_autosci_skill_shim" name="test_autosci_skill_shim_review_resolves_harness_prefixed_workspace_path" time="0.385" /><testcase classname="harness.plugins.autosci.tests.test_autosci_skill_shim" name="test_autosci_skill_shim_review_uses_supplied_review_llm_evidence" time="0.361" /><testcase classname="harness.plugins.autosci.tests.test_autosci_skill_shim" name="test_autosci_skill_shim_review_uses_review_llm_command_bridge" time="0.394" /><testcase classname="harness.plugins.autosci.tests.test_autosci_skill_shim" name="test_autosci_skill_shim_setup_autosci_native_writes_explicit_dotenv_without_secret_leakage" time="0.377"><failure message="AssertionError: &#10;assert 2 == 0&#10; +  where 2 = CompletedProcess(args=['/Users/jamesyuan/Developer/Github Repos (On Git)/BetterSolar/docs/testing/test-runs/20260710-0...etup&quot;,\n  &quot;status&quot;: &quot;failed&quot;,\n  &quot;work_dir&quot;: &quot;artifacts/autosci/runs/shim-setup-autosci-native-write&quot;\n}\n', stderr='').returncode">harness/plugins/autosci/tests/test_autosci_skill_shim.py:12623: in test_autosci_skill_shim_setup_autosci_native_writes_explicit_dotenv_without_secret_leakage
    assert proc.returncode == 0, proc.stderr
E   AssertionError: 
E   assert 2 == 0
E    +  where 2 = CompletedProcess(args=['/Users/jamesyuan/Developer/Github Repos (On Git)/BetterSolar/docs/testing/test-runs/20260710-0...etup",\n  "status": "failed",\n  "work_dir": "artifacts/autosci/runs/shim-setup-autosci-native-write"\n}\n', stderr='').returncode</failure></testcase></testsuite></testsuites>