<?xml version="1.0" encoding="utf-8"?><testsuites name="pytest tests"><testsuite name="pytest" errors="0" failures="0" skipped="0" tests="2" time="0.048" timestamp="2026-07-10T10:07:26.459284-04:00" hostname="Jamess-MacBook-Pro.local"><testcase classname="harness.tests.test_skill_dispatch_operator" name="test_build_request_prefers_skill_surface" time="0.001" /><testcase classname="harness.tests.test_skill_dispatch_operator" name="test_validate_request_rejects_missing_skills" time="0.000" /></testsuite></testsuites>