<?xml version="1.0" encoding="utf-8"?><testsuites name="pytest tests"><testsuite name="pytest" errors="0" failures="0" skipped="0" tests="7" time="0.049" timestamp="2026-07-10T10:06:57.642937-04:00" hostname="Jamess-MacBook-Pro.local"><testcase classname="harness.tests.test-physical-operator-logical-selector" name="test_preferred_operator_override" time="0.000" /><testcase classname="harness.tests.test-physical-operator-logical-selector" name="test_task_type_matching" time="0.000" /><testcase classname="harness.tests.test-physical-operator-logical-selector" name="test_capability_scores" time="0.001" /><testcase classname="harness.tests.test-physical-operator-logical-selector" name="test_preferred_operator_classes" time="0.000" /><testcase classname="harness.tests.test-physical-operator-logical-selector" name="test_constraints" time="0.000" /><testcase classname="harness.tests.test-physical-operator-logical-selector" name="test_quota_reserve" time="0.000" /><testcase classname="harness.tests.test-physical-operator-logical-selector" name="test_verifier_conflict" time="0.000" /></testsuite></testsuites>