<?xml version="1.0" encoding="utf-8"?><testsuites name="pytest tests"><testsuite name="pytest" errors="0" failures="0" skipped="0" tests="2" time="0.055" timestamp="2026-07-10T10:06:57.915512-04:00" hostname="Jamess-MacBook-Pro.local"><testcase classname="harness.tests.test-status-server-thunderomlx" name="test_thunderomlx_status_reports_healthy_service" time="0.001" /><testcase classname="harness.tests.test-status-server-thunderomlx" name="test_start_thunderomlx_from_status_spawns_start_script" time="0.001" /></testsuite></testsuites>