<?xml version="1.0" encoding="utf-8"?><testsuites name="pytest tests"><testsuite name="pytest" errors="0" failures="1" skipped="0" tests="5" time="0.039" timestamp="2026-07-10T10:07:23.261453-04:00" hostname="Jamess-MacBook-Pro.local"><testcase classname="harness.tests.test_pane_handoff_evidence.TestOkWhenRefsPresent" name="test_ok_true_with_artifact_path" time="0.001"><failure message="AssertionError: assert False is True&#10; +  where False = ValidationResult(ok=False, refs={'event_ids': [], 'artifact_paths': [], 'action_ids': []}, claim_keywords=[], missing_refs=[], verified_event_ids=[], unverified_event_ids=[], events_lookup_timeout=False, events_lookup_sources=[]).ok">harness/tests/test_pane_handoff_evidence.py:115: in test_ok_true_with_artifact_path
    assert result.ok is True
E   AssertionError: assert False is True
E    +  where False = ValidationResult(ok=False, refs={'event_ids': [], 'artifact_paths': [], 'action_ids': []}, claim_keywords=[], missing_refs=[], verified_event_ids=[], unverified_event_ids=[], events_lookup_timeout=False, events_lookup_sources=[]).ok</failure></testcase><testcase classname="harness.tests.test_pane_handoff_evidence.TestPureClaimKeywordRejection" name="test_missing_refs_populated_on_failure" time="0.001" /><testcase classname="harness.tests.test_pane_handoff_evidence.TestPureClaimKeywordRejection" name="test_claim_with_nearby_ref_is_ok" time="0.001" /><testcase classname="harness.tests.test_pane_handoff_evidence.TestPureClaimKeywordRejection" name="test_all_claim_keywords_detected" time="0.000" /><testcase classname="harness.tests.test_pane_handoff_evidence.TestExtractRefs" name="test_no_refs_returns_empty_lists" time="0.000" /></testsuite></testsuites>