<?xml version="1.0" encoding="utf-8"?><testsuites name="pytest tests"><testsuite name="pytest" errors="0" failures="0" skipped="0" tests="2" time="0.031" timestamp="2026-07-10T10:07:18.086746-04:00" hostname="Jamess-MacBook-Pro.local"><testcase classname="harness.tests.test_gemini_enhanced_search_task_operator" name="test_build_request_reads_prompt_from_file" time="0.001" /><testcase classname="harness.tests.test_gemini_enhanced_search_task_operator" name="test_run_request_writes_result" time="0.001" /></testsuite></testsuites>