<?xml version="1.0" encoding="utf-8"?><testsuites name="pytest tests"><testsuite name="pytest" errors="0" failures="0" skipped="0" tests="7" time="0.828" timestamp="2026-07-10T10:07:24.998947-04:00" hostname="Jamess-MacBook-Pro.local"><testcase classname="harness.tests.test_s04_orchestration_routes" name="test_dashboard_payload_exposes_route_decision_and_blocked_reason" time="0.052" /><testcase classname="harness.tests.test_s04_orchestration_routes" name="test_dashboard_payload_reports_degraded_missing_task_graph" time="0.016" /><testcase classname="harness.tests.test_s04_orchestration_routes" name="test_plan_verdict_payload_validates_and_runs_safe_cli" time="0.542" /><testcase classname="harness.tests.test_s04_orchestration_routes" name="test_verdict_payload_rejects_unsafe_or_incomplete_requests" time="0.003" /><testcase classname="harness.tests.test_s04_orchestration_routes" name="test_handoff_submit_payload_is_supported_only_for_ready_handoff" time="0.181" /><testcase classname="harness.tests.test_s04_orchestration_routes" name="test_projection_events_are_scoped_and_normalized" time="0.002" /><testcase classname="harness.tests.test_s04_orchestration_routes" name="test_projection_narrative_dedups_and_humanizes" time="0.004" /></testsuite></testsuites>