<?xml version="1.0" encoding="utf-8"?><testsuites name="pytest tests"><testsuite name="pytest" errors="0" failures="0" skipped="0" tests="6" time="0.057" timestamp="2026-07-10T10:06:56.485774-04:00" hostname="Jamess-MacBook-Pro.local"><testcase classname="harness.tests.runtime.test_multi_task_runner_submit_path.TestSubmitPathRejection" name="test_falls_back_to_legacy_on_submit_runtime_error" time="0.005" /><testcase classname="harness.tests.runtime.test_multi_task_runner_submit_path.TestSubmitPathRejection" name="test_falls_back_to_legacy_on_submit_value_error" time="0.002" /><testcase classname="harness.tests.runtime.test_multi_task_runner_submit_path.TestSubmitPathFallback" name="test_legacy_path_when_no_operator_id" time="0.003" /><testcase classname="harness.tests.runtime.test_multi_task_runner_submit_path.TestSubmitPathFallback" name="test_legacy_path_when_operator_id_is_N_A" time="0.003" /><testcase classname="harness.tests.runtime.test_multi_task_runner_submit_path.TestSubmitPathFallback" name="test_legacy_path_when_feature_flag_disabled" time="0.002" /><testcase classname="harness.tests.runtime.test_multi_task_runner_submit_path.TestSubmitPathFallback" name="test_dry_run_skips_submit_path" time="0.002" /></testsuite></testsuites>