<?xml version="1.0" encoding="utf-8"?><testsuites name="pytest tests"><testsuite name="pytest" errors="0" failures="0" skipped="0" tests="7" time="0.057" timestamp="2026-07-10T10:06:35.258645-04:00" hostname="Jamess-MacBook-Pro.local"><testcase classname="harness.tests.graph.test_multi_task_runner_stale_schedulers" name="test_all_graphs_terminal_accepts_only_terminal_states" time="0.005" /><testcase classname="harness.tests.graph.test_multi_task_runner_stale_schedulers" name="test_all_graphs_terminal_rejects_reviewing_and_pending" time="0.001" /><testcase classname="harness.tests.graph.test_multi_task_runner_stale_schedulers" name="test_detect_stale_scheduler_runners_reports_required_fields" time="0.001" /><testcase classname="harness.tests.graph.test_multi_task_runner_stale_schedulers" name="test_detect_stale_scheduler_runners_apply_only_kills_exact_stale" time="0.002" /><testcase classname="harness.tests.graph.test_multi_task_runner_stale_schedulers" name="test_render_plain_surfaces_work_column" time="0.000" /><testcase classname="harness.tests.graph.test_multi_task_runner_stale_schedulers" name="test_start_loop_exits_when_explicit_graphs_terminal" time="0.011" /><testcase classname="harness.tests.graph.test_multi_task_runner_stale_schedulers" name="test_parser_exposes_stale_schedulers_subcommand" time="0.006" /></testsuite></testsuites>