<?xml version="1.0" encoding="utf-8"?><testsuites name="pytest tests"><testsuite name="pytest" errors="0" failures="0" skipped="0" tests="5" time="0.038" timestamp="2026-07-10T10:07:18.448505-04:00" hostname="Jamess-MacBook-Pro.local"><testcase classname="harness.tests.test_graph_scheduler_skill_aliases" name="test_spec_write_alias_matches_architecture_writing" time="0.000" /><testcase classname="harness.tests.test_graph_scheduler_skill_aliases" name="test_browser_automation_hyphen_alias_matches_browser_dot_skill" time="0.000" /><testcase classname="harness.tests.test_graph_scheduler_skill_aliases" name="test_backend_development_alias_matches_builder_impl_family" time="0.000" /><testcase classname="harness.tests.test_graph_scheduler_skill_aliases" name="test_assign_workers_prefers_planner_role_before_builder_fallback" time="0.010" /><testcase classname="harness.tests.test_graph_scheduler_skill_aliases" name="test_assign_workers_builder_node_does_not_match_planner_only_pane" time="0.001" /></testsuite></testsuites>