<?xml version="1.0" encoding="utf-8"?><testsuites name="pytest tests"><testsuite name="pytest" errors="0" failures="0" skipped="0" tests="5" time="0.037" timestamp="2026-07-10T10:06:50.698055-04:00" hostname="Jamess-MacBook-Pro.local"><testcase classname="harness.tests.research_integration.test_status_ui.TestDiscoverEvalFiles" name="test_returns_empty_for_no_match" time="0.001" /><testcase classname="harness.tests.research_integration.test_status_ui.TestLoadEval" name="test_loads_valid_json" time="0.000" /><testcase classname="harness.tests.research_integration.test_status_ui.TestLoadEval" name="test_returns_empty_on_missing" time="0.000" /><testcase classname="harness.tests.research_integration.test_status_ui.TestLoadEval" name="test_returns_empty_on_invalid_json" time="0.000" /><testcase classname="harness.tests.research_integration.test_status_ui.TestBuildResearchPayload" name="test_zero_division_safe" time="0.001" /></testsuite></testsuites>