<?xml version="1.0" encoding="utf-8"?><testsuites name="pytest tests"><testsuite name="pytest" errors="0" failures="0" skipped="0" tests="3" time="0.041" timestamp="2026-07-10T10:06:55.925007-04:00" hostname="Jamess-MacBook-Pro.local"><testcase classname="harness.tests.runtime.test_gemini_deep_research_operator" name="test_build_request_reads_prompt_file" time="0.001" /><testcase classname="harness.tests.runtime.test_gemini_deep_research_operator" name="test_run_request_writes_result" time="0.002" /><testcase classname="harness.tests.runtime.test_gemini_deep_research_operator" name="test_run_request_retries_on_failure" time="0.002" /></testsuite></testsuites>