<?xml version="1.0" encoding="utf-8"?><testsuites name="pytest tests"><testsuite name="pytest" errors="0" failures="0" skipped="0" tests="7" time="0.035" timestamp="2026-07-10T10:07:27.241797-04:00" hostname="Jamess-MacBook-Pro.local"><testcase classname="harness.tests.test_status_cmd_metrics.TestAcceptance1MetricsRendered" name="test_sprint_blocked_count_uses_directory" time="0.001" /><testcase classname="harness.tests.test_status_cmd_metrics.TestAcceptance2Fallback" name="test_main_json_emits_unavailable_status" time="0.001" /><testcase classname="harness.tests.test_status_cmd_metrics.TestAcceptance3JsonMode" name="test_json_payload_is_valid_json_with_schema_version" time="0.001" /><testcase classname="harness.tests.test_status_cmd_metrics.TestAcceptance3JsonMode" name="test_json_metric_shape" time="0.001" /><testcase classname="harness.tests.test_status_cmd_metrics.TestAcceptance3JsonMode" name="test_json_threshold_matches_observability_registry" time="0.001" /><testcase classname="harness.tests.test_status_cmd_metrics.TestAcceptance3JsonMode" name="test_default_text_mode_human_readable" time="0.001" /><testcase classname="harness.tests.test_status_cmd_metrics.TestLR01LazyImport" name="test_try_load_observability_success" time="0.000" /></testsuite></testsuites>