<?xml version="1.0" encoding="utf-8"?><testsuites name="pytest tests"><testsuite name="pytest" errors="0" failures="0" skipped="0" tests="4" time="0.038" timestamp="2026-07-10T10:02:37.583767-04:00" hostname="Jamess-MacBook-Pro.local"><testcase classname="harness.lib.social_browser_backend_x.test_lease_ratelimit.TestBrowserLeaseClientSixMethods" name="test_method_names_constant" time="0.000" /><testcase classname="harness.lib.social_browser_backend_x.test_lease_ratelimit.TestBrowserLeaseClientMockFallback" name="test_blocker_guard_exception_falls_back_to_mock" time="0.000" /><testcase classname="harness.lib.social_browser_backend_x.test_lease_ratelimit.TestRateLimiterBehaviour" name="test_record_success_resets_failures" time="0.000" /><testcase classname="harness.lib.social_browser_backend_x.test_lease_ratelimit.TestNoSecretLeaks" name="test_no_forbidden_token_usage" time="0.001" /></testsuite></testsuites>