<?xml version="1.0" encoding="utf-8"?><testsuites name="pytest tests"><testsuite name="pytest" errors="0" failures="0" skipped="0" tests="2" time="5.984" timestamp="2026-07-10T10:05:05.393266-04:00" hostname="Jamess-MacBook-Pro.local"><testcase classname="harness.plugins.autosci.tests.test_phase19_operator_smoke" name="test_skillgen_operator_smoke_binds_every_native_skill_and_runs_core_actions" time="5.967" /><testcase classname="harness.plugins.autosci.tests.test_phase19_operator_smoke" name="test_phase19_route_and_operator_statuses_stay_in_sync" time="0.000" /></testsuite></testsuites>