<?xml version="1.0" encoding="utf-8"?><testsuites name="pytest tests"><testsuite name="pytest" errors="0" failures="0" skipped="0" tests="6" time="0.022" timestamp="2026-07-10T10:07:31.613841-04:00" hostname="Jamess-MacBook-Pro.local"><testcase classname="skills.email-to-calendar.scripts.tests.test_activity_ops.TestStartSession" name="test_start_session_output" time="0.001" /><testcase classname="skills.email-to-calendar.scripts.tests.test_activity_ops.TestLogSkip" name="test_log_skip_without_session_raises_error" time="0.000" /><testcase classname="skills.email-to-calendar.scripts.tests.test_activity_ops.TestLogEvent" name="test_log_event_without_session_raises_error" time="0.000" /><testcase classname="skills.email-to-calendar.scripts.tests.test_activity_ops.TestEndSession" name="test_end_session_removes_session_file" time="0.001" /><testcase classname="skills.email-to-calendar.scripts.tests.test_activity_ops.TestEndSession" name="test_end_session_without_session_handles_gracefully" time="0.000" /><testcase classname="skills.email-to-calendar.scripts.tests.test_activity_ops.TestShowActivity" name="test_show_activity_empty" time="0.000" /></testsuite></testsuites>