<?xml version="1.0" encoding="utf-8"?><testsuites name="pytest tests"><testsuite name="pytest" errors="0" failures="3" skipped="0" tests="9" time="8.266" timestamp="2026-07-10T10:07:03.312489-04:00" hostname="Jamess-MacBook-Pro.local"><testcase classname="harness.tests.test_autosci_priority_b_demo_contracts" name="test_skills_product_entry_lists_route_statuses" time="0.314" /><testcase classname="harness.tests.test_autosci_priority_b_demo_contracts" name="test_research_scheduler_run_projects_human_lifecycle_summary" time="0.300"><failure message="AssertionError: usage: autosci_skill_shim.py [-h] {skills,skill} ...&#10;  autosci_skill_shim.py: error: unrecognized arguments: Repos (On Git)/BetterSolar/docs/testing/test-runs/20260710-0121-qa-full-audit/tmp/eligible-full-phase-v2/temp/eligible-0115/pytest/test_research_scheduler_run_pr0/harness/raw/priority-b-paper.md&#10;  &#10;assert 2 == 0&#10; +  where 2 = CompletedProcess(args=['bash', '/Users/jamesyuan/Developer/Github Repos (On Git)/BetterSolar/docs/testing/test-runs/20...mp/eligible-full-phase-v2/temp/eligible-0115/pytest/test_research_scheduler_run_pr0/harness/raw/priority-b-paper.md\n').returncode">harness/tests/test_autosci_priority_b_demo_contracts.py:99: in test_research_scheduler_run_projects_human_lifecycle_summary
    assert proc.returncode == 0, proc.stdout + proc.stderr
E   AssertionError: usage: autosci_skill_shim.py [-h] {skills,skill} ...
E     autosci_skill_shim.py: error: unrecognized arguments: Repos (On Git)/BetterSolar/docs/testing/test-runs/20260710-0121-qa-full-audit/tmp/eligible-full-phase-v2/temp/eligible-0115/pytest/test_research_scheduler_run_pr0/harness/raw/priority-b-paper.md
E     
E   assert 2 == 0
E    +  where 2 = CompletedProcess(args=['bash', '/Users/jamesyuan/Developer/Github Repos (On Git)/BetterSolar/docs/testing/test-runs/20...mp/eligible-full-phase-v2/temp/eligible-0115/pytest/test_research_scheduler_run_pr0/harness/raw/priority-b-paper.md\n').returncode</failure></testcase><testcase classname="harness.tests.test_autosci_priority_b_demo_contracts" name="test_review_projects_human_diagnostics_summary" time="0.635" /><testcase classname="harness.tests.test_autosci_priority_b_demo_contracts" name="test_discover_projects_human_shortlist_summary" time="0.785" /><testcase classname="harness.tests.test_autosci_priority_b_demo_contracts" name="test_ideate_projects_human_candidate_and_evaluation_summary" time="0.348"><failure message="AssertionError: usage: autosci_skill_shim.py [-h] {skills,skill} ...&#10;  autosci_skill_shim.py: error: unrecognized arguments: Repos (On Git)/BetterSolar/docs/testing/test-runs/20260710-0121-qa-full-audit/tmp/eligible-full-phase-v2/temp/eligible-0115/pytest/test_ideate_projects_human_can0/harness/artifacts/autosci/workspace/wiki Repos (On Git)/BetterSolar/docs/testing/test-runs/20260710-0121-qa-full-audit/tmp/eligible-full-phase-v2/temp/eligible-0115/pytest/test_ideate_projects_human_can0/harness/artifacts/autosci/runs/priority-b-discover-seed/literature_discovery.json&#10;  &#10;assert 2 == 0&#10; +  where 2 = CompletedProcess(args=['bash', '/Users/jamesyuan/Developer/Github Repos (On Git)/BetterSolar/docs/testing/test-runs/20...t/test_ideate_projects_human_can0/harness/artifacts/autosci/runs/priority-b-discover-seed/literature_discovery.json\n').returncode">harness/tests/test_autosci_priority_b_demo_contracts.py:310: in test_ideate_projects_human_candidate_and_evaluation_summary
    assert proc.returncode == 0, proc.stdout + proc.stderr
E   AssertionError: usage: autosci_skill_shim.py [-h] {skills,skill} ...
E     autosci_skill_shim.py: error: unrecognized arguments: Repos (On Git)/BetterSolar/docs/testing/test-runs/20260710-0121-qa-full-audit/tmp/eligible-full-phase-v2/temp/eligible-0115/pytest/test_ideate_projects_human_can0/harness/artifacts/autosci/workspace/wiki Repos (On Git)/BetterSolar/docs/testing/test-runs/20260710-0121-qa-full-audit/tmp/eligible-full-phase-v2/temp/eligible-0115/pytest/test_ideate_projects_human_can0/harness/artifacts/autosci/runs/priority-b-discover-seed/literature_discovery.json
E     
E   assert 2 == 0
E    +  where 2 = CompletedProcess(args=['bash', '/Users/jamesyuan/Developer/Github Repos (On Git)/BetterSolar/docs/testing/test-runs/20...t/test_ideate_projects_human_can0/harness/artifacts/autosci/runs/priority-b-discover-seed/literature_discovery.json\n').returncode</failure></testcase><testcase classname="harness.tests.test_autosci_priority_b_demo_contracts" name="test_paper_draft_projects_demo_visible_report_summary" time="0.687" /><testcase classname="harness.tests.test_autosci_priority_b_demo_contracts" name="test_exp_run_projects_demo_runtime_boundary_summary" time="3.506" /><testcase classname="harness.tests.test_autosci_priority_b_demo_contracts" name="test_workspace_index_explains_demo_entry_points" time="0.640" /><testcase classname="harness.tests.test_autosci_priority_b_demo_contracts" name="test_ingest_projects_human_paper_workspace_page" time="0.999"><failure message="AssertionError: {&#10;    &quot;action_count&quot;: 2,&#10;    &quot;autosci_command&quot;: &quot;/ingest&quot;,&#10;    &quot;evidence_path&quot;: &quot;/Users/jamesyuan/Developer/Github Repos (On Git)/BetterSolar/docs/testing/test-runs/20260710-0121-qa-full-audit/tmp/eligible-full-phase-v2/temp/eligible-0115/pytest/test_ingest_projects_human_pap0/harness/artifacts/autosci/runs/priority-b-ingest-workspace-71af6f71063c42629b992f82f6af34cd/autosci_skill_run.json&quot;,&#10;    &quot;execution_status&quot;: &quot;failed&quot;,&#10;    &quot;failed_count&quot;: 2,&#10;    &quot;ok&quot;: false,&#10;    &quot;passed_count&quot;: 0,&#10;    &quot;schema&quot;: &quot;autosci_skill_run.v1&quot;,&#10;    &quot;schema_only_count&quot;: 0,&#10;    &quot;side_effect_policy&quot;: &quot;dry_run_only&quot;,&#10;    &quot;skill&quot;: &quot;ingest&quot;,&#10;    &quot;status&quot;: &quot;failed&quot;,&#10;    &quot;work_dir&quot;: &quot;artifacts/autosci/runs/priority-b-ingest-workspace-71af6f71063c42629b992f82f6af34cd&quot;&#10;  }&#10;  &#10;assert 2 == 0&#10; +  where 2 = CompletedProcess(args=['bash', '/Users/jamesyuan/Developer/Github Repos (On Git)/BetterSolar/docs/testing/test-runs/20...\n  &quot;work_dir&quot;: &quot;artifacts/autosci/runs/priority-b-ingest-workspace-71af6f71063c42629b992f82f6af34cd&quot;\n}\n', stderr='').returncode">harness/tests/test_autosci_priority_b_demo_contracts.py:547: in test_ingest_projects_human_paper_workspace_page
    assert proc.returncode == 0, proc.stdout + proc.stderr
E   AssertionError: {
E       "action_count": 2,
E       "autosci_command": "/ingest",
E       "evidence_path": "/Users/jamesyuan/Developer/Github Repos (On Git)/BetterSolar/docs/testing/test-runs/20260710-0121-qa-full-audit/tmp/eligible-full-phase-v2/temp/eligible-0115/pytest/test_ingest_projects_human_pap0/harness/artifacts/autosci/runs/priority-b-ingest-workspace-71af6f71063c42629b992f82f6af34cd/autosci_skill_run.json",
E       "execution_status": "failed",
E       "failed_count": 2,
E       "ok": false,
E       "passed_count": 0,
E       "schema": "autosci_skill_run.v1",
E       "schema_only_count": 0,
E       "side_effect_policy": "dry_run_only",
E       "skill": "ingest",
E       "status": "failed",
E       "work_dir": "artifacts/autosci/runs/priority-b-ingest-workspace-71af6f71063c42629b992f82f6af34cd"
E     }
E     
E   assert 2 == 0
E    +  where 2 = CompletedProcess(args=['bash', '/Users/jamesyuan/Developer/Github Repos (On Git)/BetterSolar/docs/testing/test-runs/20...\n  "work_dir": "artifacts/autosci/runs/priority-b-ingest-workspace-71af6f71063c42629b992f82f6af34cd"\n}\n', stderr='').returncode</failure></testcase></testsuite></testsuites>