<?xml version="1.0" encoding="utf-8"?><testsuites name="pytest tests"><testsuite name="pytest" errors="0" failures="0" skipped="0" tests="2" time="0.054" timestamp="2026-07-10T10:07:12.285714-04:00" hostname="Jamess-MacBook-Pro.local"><testcase classname="harness.tests.test_capability_capsules_understand_anything" name="test_understand_anything_default_plan_for_codebase_understanding_goal" time="0.011" /><testcase classname="harness.tests.test_capability_capsules_understand_anything" name="test_skill_driven_override_maps_knowledge_graph_builder" time="0.014" /></testsuite></testsuites>