<?xml version="1.0" encoding="utf-8"?><testsuites name="pytest tests"><testsuite name="pytest" errors="0" failures="0" skipped="0" tests="2" time="0.034" timestamp="2026-07-10T10:05:15.197424-04:00" hostname="Jamess-MacBook-Pro.local"><testcase classname="harness.tests.data_plane.test_qmd_sources_reconcile.TestQMDProvenanceTraceability" name="test_no_migration_related_broken_links" time="0.004" /><testcase classname="harness.tests.data_plane.test_qmd_sources_reconcile.TestQMDEmbeddingIsBackground" name="test_no_foreground_embed_running" time="0.004" /></testsuite></testsuites>