<?xml version="1.0" encoding="utf-8"?><testsuites name="pytest tests"><testsuite name="pytest" errors="0" failures="0" skipped="0" tests="17" time="0.092" timestamp="2026-07-10T10:07:23.704514-04:00" hostname="Jamess-MacBook-Pro.local"><testcase classname="harness.tests.test_physical_operator_logical_selector" name="test_preferred_operator_override" time="0.000" /><testcase classname="harness.tests.test_physical_operator_logical_selector" name="test_task_type_matching" time="0.000" /><testcase classname="harness.tests.test_physical_operator_logical_selector" name="test_capability_scores" time="0.000" /><testcase classname="harness.tests.test_physical_operator_logical_selector" name="test_preferred_operator_classes" time="0.000" /><testcase classname="harness.tests.test_physical_operator_logical_selector" name="test_constraints" time="0.000" /><testcase classname="harness.tests.test_physical_operator_logical_selector" name="test_quota_reserve" time="0.000" /><testcase classname="harness.tests.test_physical_operator_logical_selector" name="test_verifier_conflict" time="0.000" /><testcase classname="harness.tests.test_physical_operator_logical_selector" name="test_profile_alias_builder_main_selects_builder" time="0.046" /><testcase classname="harness.tests.test_physical_operator_logical_selector" name="test_codex_only_capability_fallback_does_not_cross_to_claude" time="0.000" /><testcase classname="harness.tests.test_physical_operator_logical_selector" name="test_multi_task_auto_selection_skips_deprecated_operator" time="0.000" /><testcase classname="harness.tests.test_physical_operator_logical_selector" name="test_pm_dispatch_auto_selection_skips_deprecated_operator" time="0.001" /><testcase classname="harness.tests.test_physical_operator_logical_selector" name="test_quota_fallback_skips_blocked_anthropic_profile" time="0.000" /><testcase classname="harness.tests.test_physical_operator_logical_selector" name="test_quota_regex_matches_org_monthly_usage_limit" time="0.000" /><testcase classname="harness.tests.test_physical_operator_logical_selector" name="test_evaluator_graph_eval_uses_verification_capsule" time="0.000" /><testcase classname="harness.tests.test_physical_operator_logical_selector" name="test_graph_eval_pm_result_path_does_not_clobber_builder_result" time="0.000" /><testcase classname="harness.tests.test_physical_operator_logical_selector" name="test_verification_capsule_accepts_graph_eval" time="0.002" /><testcase classname="harness.tests.test_physical_operator_logical_selector" name="test_enabled_codex_and_claude_evaluators_accept_graph_eval" time="0.001" /></testsuite></testsuites>