<?xml version="1.0" encoding="utf-8"?><testsuites name="pytest tests"><testsuite name="pytest" errors="0" failures="12" skipped="7" tests="30" time="0.298" timestamp="2026-07-10T10:07:19.976572-04:00" hostname="Jamess-MacBook-Pro.local"><testcase classname="harness.tests.test_knowledge_v2.TestV1Schema" name="test_extract_jobs_has_schema_version" time="0.000"><skipped type="pytest.skip" message="DB not found: /Users/jamesyuan/Developer/Github Repos (On Git)/BetterSolar/docs/testing/test-runs/20260710-0121-qa-full-audit/tmp/final-home/Knowledge/_registry/knowledge_ingest.sqlite">/Users/jamesyuan/Developer/Github Repos (On Git)/BetterSolar/docs/testing/test-runs/20260710-0121-qa-full-audit/tmp/checkout/harness/tests/test_knowledge_v2.py:44: DB not found: /Users/jamesyuan/Developer/Github Repos (On Git)/BetterSolar/docs/testing/test-runs/20260710-0121-qa-full-audit/tmp/final-home/Knowledge/_registry/knowledge_ingest.sqlite</skipped></testcase><testcase classname="harness.tests.test_knowledge_v2.TestV1Schema" name="test_extract_outputs_has_latency_ms" time="0.000"><skipped type="pytest.skip" message="DB not found: /Users/jamesyuan/Developer/Github Repos (On Git)/BetterSolar/docs/testing/test-runs/20260710-0121-qa-full-audit/tmp/final-home/Knowledge/_registry/knowledge_ingest.sqlite">/Users/jamesyuan/Developer/Github Repos (On Git)/BetterSolar/docs/testing/test-runs/20260710-0121-qa-full-audit/tmp/checkout/harness/tests/test_knowledge_v2.py:55: DB not found: /Users/jamesyuan/Developer/Github Repos (On Git)/BetterSolar/docs/testing/test-runs/20260710-0121-qa-full-audit/tmp/final-home/Knowledge/_registry/knowledge_ingest.sqlite</skipped></testcase><testcase classname="harness.tests.test_knowledge_v2.TestV1Schema" name="test_migration_log_version_ge_2" time="0.000"><skipped type="pytest.skip" message="DB not found: /Users/jamesyuan/Developer/Github Repos (On Git)/BetterSolar/docs/testing/test-runs/20260710-0121-qa-full-audit/tmp/final-home/Knowledge/_registry/knowledge_ingest.sqlite">/Users/jamesyuan/Developer/Github Repos (On Git)/BetterSolar/docs/testing/test-runs/20260710-0121-qa-full-audit/tmp/checkout/harness/tests/test_knowledge_v2.py:64: DB not found: /Users/jamesyuan/Developer/Github Repos (On Git)/BetterSolar/docs/testing/test-runs/20260710-0121-qa-full-audit/tmp/final-home/Knowledge/_registry/knowledge_ingest.sqlite</skipped></testcase><testcase classname="harness.tests.test_knowledge_v2.TestV1Schema" name="test_tables_count" time="0.000"><skipped type="pytest.skip" message="DB not found: /Users/jamesyuan/Developer/Github Repos (On Git)/BetterSolar/docs/testing/test-runs/20260710-0121-qa-full-audit/tmp/final-home/Knowledge/_registry/knowledge_ingest.sqlite">/Users/jamesyuan/Developer/Github Repos (On Git)/BetterSolar/docs/testing/test-runs/20260710-0121-qa-full-audit/tmp/checkout/harness/tests/test_knowledge_v2.py:36: DB not found: /Users/jamesyuan/Developer/Github Repos (On Git)/BetterSolar/docs/testing/test-runs/20260710-0121-qa-full-audit/tmp/final-home/Knowledge/_registry/knowledge_ingest.sqlite</skipped></testcase><testcase classname="harness.tests.test_knowledge_v2.TestV2StateMachine" name="test_extract_failed_retryable_reachable_from_running" time="0.002" /><testcase classname="harness.tests.test_knowledge_v2.TestV2StateMachine" name="test_transition_document_callable" time="0.000" /><testcase classname="harness.tests.test_knowledge_v2.TestV2StateMachine" name="test_valid_transitions_contains_extract_failed_retryable" time="0.000" /><testcase classname="harness.tests.test_knowledge_v2.TestV3Naming" name="test_extracted_md_are_symlinks" time="0.000" /><testcase classname="harness.tests.test_knowledge_v2.TestV3Naming" name="test_extracted_md_symlinks_point_to_semantic" time="0.000" /><testcase classname="harness.tests.test_knowledge_v2.TestV3Naming" name="test_watermarks_contains_semantic_layer" time="0.000"><skipped type="pytest.skip" message="DB not found: /Users/jamesyuan/Developer/Github Repos (On Git)/BetterSolar/docs/testing/test-runs/20260710-0121-qa-full-audit/tmp/final-home/Knowledge/_registry/knowledge_ingest.sqlite">/Users/jamesyuan/Developer/Github Repos (On Git)/BetterSolar/docs/testing/test-runs/20260710-0121-qa-full-audit/tmp/checkout/harness/tests/test_knowledge_v2.py:201: DB not found: /Users/jamesyuan/Developer/Github Repos (On Git)/BetterSolar/docs/testing/test-runs/20260710-0121-qa-full-audit/tmp/final-home/Knowledge/_registry/knowledge_ingest.sqlite</skipped></testcase><testcase classname="harness.tests.test_knowledge_v2.TestV3Naming" name="test_watermarks_no_extracted_layer" time="0.000"><skipped type="pytest.skip" message="DB not found: /Users/jamesyuan/Developer/Github Repos (On Git)/BetterSolar/docs/testing/test-runs/20260710-0121-qa-full-audit/tmp/final-home/Knowledge/_registry/knowledge_ingest.sqlite">/Users/jamesyuan/Developer/Github Repos (On Git)/BetterSolar/docs/testing/test-runs/20260710-0121-qa-full-audit/tmp/checkout/harness/tests/test_knowledge_v2.py:211: DB not found: /Users/jamesyuan/Developer/Github Repos (On Git)/BetterSolar/docs/testing/test-runs/20260710-0121-qa-full-audit/tmp/final-home/Knowledge/_registry/knowledge_ingest.sqlite</skipped></testcase><testcase classname="harness.tests.test_knowledge_v2.TestV4AdapterCoverage" name="test_adapter_registry_count" time="0.000" /><testcase classname="harness.tests.test_knowledge_v2.TestV4AdapterCoverage" name="test_coverage_report_lists_source_kinds" time="0.003"><failure message="FileNotFoundError: [Errno 2] No such file or directory: '~/Solar/harness'">harness/tests/test_knowledge_v2.py:273: in test_coverage_report_lists_source_kinds
    result = subprocess.run(
/Users/jamesyuan/.local/share/mise/installs/python/3.14.2/lib/python3.14/subprocess.py:554: in run
    with Popen(*popenargs, **kwargs) as process:
         ^^^^^^^^^^^^^^^^^^^^^^^^^^^
/Users/jamesyuan/.local/share/mise/installs/python/3.14.2/lib/python3.14/subprocess.py:1038: in __init__
    self._execute_child(args, executable, preexec_fn, close_fds,
/Users/jamesyuan/.local/share/mise/installs/python/3.14.2/lib/python3.14/subprocess.py:1989: in _execute_child
    raise child_exception_type(errno_num, err_msg, err_filename)
E   FileNotFoundError: [Errno 2] No such file or directory: '~/Solar/harness'</failure></testcase><testcase classname="harness.tests.test_knowledge_v2.TestV4AdapterCoverage" name="test_discover_accepted_exits_0" time="0.004"><failure message="AssertionError: 1 != 0 : discover-accepted --limit 1 should exit 0">harness/tests/test_knowledge_v2.py:261: in test_discover_accepted_exits_0
    self.assertEqual(exit_code &gt;&gt; 8, 0, "discover-accepted --limit 1 should exit 0")
E   AssertionError: 1 != 0 : discover-accepted --limit 1 should exit 0</failure></testcase><testcase classname="harness.tests.test_knowledge_v2.TestV4AdapterCoverage" name="test_discover_github_exits_0" time="0.003"><failure message="AssertionError: 1 != 0 : discover-github --limit 1 should exit 0">harness/tests/test_knowledge_v2.py:247: in test_discover_github_exits_0
    self.assertEqual(exit_code &gt;&gt; 8, 0, "discover-github --limit 1 should exit 0")
E   AssertionError: 1 != 0 : discover-github --limit 1 should exit 0</failure></testcase><testcase classname="harness.tests.test_knowledge_v2.TestV4AdapterCoverage" name="test_discover_pdf_exits_0" time="0.004"><failure message="AssertionError: 1 != 0 : discover-pdf --limit 1 should exit 0">harness/tests/test_knowledge_v2.py:254: in test_discover_pdf_exits_0
    self.assertEqual(exit_code &gt;&gt; 8, 0, "discover-pdf --limit 1 should exit 0")
E   AssertionError: 1 != 0 : discover-pdf --limit 1 should exit 0</failure></testcase><testcase classname="harness.tests.test_knowledge_v2.TestV4AdapterCoverage" name="test_discover_solar_exits_0" time="0.004"><failure message="AssertionError: 1 != 0 : discover-solar --limit 1 should exit 0">harness/tests/test_knowledge_v2.py:268: in test_discover_solar_exits_0
    self.assertEqual(exit_code &gt;&gt; 8, 0, "discover-solar --limit 1 should exit 0")
E   AssertionError: 1 != 0 : discover-solar --limit 1 should exit 0</failure></testcase><testcase classname="harness.tests.test_knowledge_v2.TestV4AdapterCoverage" name="test_discover_youtube_exits_0" time="0.003"><failure message="AssertionError: 1 != 0 : discover-youtube --limit 1 should exit 0">harness/tests/test_knowledge_v2.py:240: in test_discover_youtube_exits_0
    self.assertEqual(exit_code &gt;&gt; 8, 0, "discover-youtube --limit 1 should exit 0")
E   AssertionError: 1 != 0 : discover-youtube --limit 1 should exit 0</failure></testcase><testcase classname="harness.tests.test_knowledge_v2.TestV5GroundingHook" name="test_ground_returns_list_with_correct_keys" time="0.011" /><testcase classname="harness.tests.test_knowledge_v2.TestV5GroundingHook" name="test_missing_span_claim_kept_with_low_confidence" time="0.006" /><testcase classname="harness.tests.test_knowledge_v2.TestV5GroundingHook" name="test_no_span_confidence_05_semantic" time="0.005" /><testcase classname="harness.tests.test_knowledge_v2.TestV6Dashboard" name="test_dashboard_json_exits_0" time="0.002"><failure message="FileNotFoundError: [Errno 2] No such file or directory: '~/Solar/harness'">harness/tests/test_knowledge_v2.py:390: in test_dashboard_json_exits_0
    result = subprocess.run(
/Users/jamesyuan/.local/share/mise/installs/python/3.14.2/lib/python3.14/subprocess.py:554: in run
    with Popen(*popenargs, **kwargs) as process:
         ^^^^^^^^^^^^^^^^^^^^^^^^^^^
/Users/jamesyuan/.local/share/mise/installs/python/3.14.2/lib/python3.14/subprocess.py:1038: in __init__
    self._execute_child(args, executable, preexec_fn, close_fds,
/Users/jamesyuan/.local/share/mise/installs/python/3.14.2/lib/python3.14/subprocess.py:1989: in _execute_child
    raise child_exception_type(errno_num, err_msg, err_filename)
E   FileNotFoundError: [Errno 2] No such file or directory: '~/Solar/harness'</failure></testcase><testcase classname="harness.tests.test_knowledge_v2.TestV6Dashboard" name="test_dashboard_json_has_source_coverage" time="0.002"><failure message="FileNotFoundError: [Errno 2] No such file or directory: '~/Solar/harness'">harness/tests/test_knowledge_v2.py:431: in test_dashboard_json_has_source_coverage
    result = subprocess.run(
/Users/jamesyuan/.local/share/mise/installs/python/3.14.2/lib/python3.14/subprocess.py:554: in run
    with Popen(*popenargs, **kwargs) as process:
         ^^^^^^^^^^^^^^^^^^^^^^^^^^^
/Users/jamesyuan/.local/share/mise/installs/python/3.14.2/lib/python3.14/subprocess.py:1038: in __init__
    self._execute_child(args, executable, preexec_fn, close_fds,
/Users/jamesyuan/.local/share/mise/installs/python/3.14.2/lib/python3.14/subprocess.py:1989: in _execute_child
    raise child_exception_type(errno_num, err_msg, err_filename)
E   FileNotFoundError: [Errno 2] No such file or directory: '~/Solar/harness'</failure></testcase><testcase classname="harness.tests.test_knowledge_v2.TestV6Dashboard" name="test_dashboard_json_has_state_counts" time="0.002"><failure message="FileNotFoundError: [Errno 2] No such file or directory: '~/Solar/harness'">harness/tests/test_knowledge_v2.py:418: in test_dashboard_json_has_state_counts
    result = subprocess.run(
/Users/jamesyuan/.local/share/mise/installs/python/3.14.2/lib/python3.14/subprocess.py:554: in run
    with Popen(*popenargs, **kwargs) as process:
         ^^^^^^^^^^^^^^^^^^^^^^^^^^^
/Users/jamesyuan/.local/share/mise/installs/python/3.14.2/lib/python3.14/subprocess.py:1038: in __init__
    self._execute_child(args, executable, preexec_fn, close_fds,
/Users/jamesyuan/.local/share/mise/installs/python/3.14.2/lib/python3.14/subprocess.py:1989: in _execute_child
    raise child_exception_type(errno_num, err_msg, err_filename)
E   FileNotFoundError: [Errno 2] No such file or directory: '~/Solar/harness'</failure></testcase><testcase classname="harness.tests.test_knowledge_v2.TestV6Dashboard" name="test_dashboard_json_has_watermarks" time="0.002"><failure message="FileNotFoundError: [Errno 2] No such file or directory: '~/Solar/harness'">harness/tests/test_knowledge_v2.py:403: in test_dashboard_json_has_watermarks
    result = subprocess.run(
/Users/jamesyuan/.local/share/mise/installs/python/3.14.2/lib/python3.14/subprocess.py:554: in run
    with Popen(*popenargs, **kwargs) as process:
         ^^^^^^^^^^^^^^^^^^^^^^^^^^^
/Users/jamesyuan/.local/share/mise/installs/python/3.14.2/lib/python3.14/subprocess.py:1038: in __init__
    self._execute_child(args, executable, preexec_fn, close_fds,
/Users/jamesyuan/.local/share/mise/installs/python/3.14.2/lib/python3.14/subprocess.py:1989: in _execute_child
    raise child_exception_type(errno_num, err_msg, err_filename)
E   FileNotFoundError: [Errno 2] No such file or directory: '~/Solar/harness'</failure></testcase><testcase classname="harness.tests.test_knowledge_v2.TestV7NegativeControls" name="test_no_quarantined_to_extracted_qmd_transition" time="0.000" /><testcase classname="harness.tests.test_knowledge_v2.TestV7NegativeControls" name="test_validator_error_codes_count" time="0.003" /><testcase classname="harness.tests.test_knowledge_v2.TestV8BaselineRegression" name="test_qmd_watermarks_exits_0" time="0.002"><failure message="FileNotFoundError: [Errno 2] No such file or directory: '~/Solar/harness'">harness/tests/test_knowledge_v2.py:558: in test_qmd_watermarks_exits_0
    result = subprocess.run(
/Users/jamesyuan/.local/share/mise/installs/python/3.14.2/lib/python3.14/subprocess.py:554: in run
    with Popen(*popenargs, **kwargs) as process:
         ^^^^^^^^^^^^^^^^^^^^^^^^^^^
/Users/jamesyuan/.local/share/mise/installs/python/3.14.2/lib/python3.14/subprocess.py:1038: in __init__
    self._execute_child(args, executable, preexec_fn, close_fds,
/Users/jamesyuan/.local/share/mise/installs/python/3.14.2/lib/python3.14/subprocess.py:1989: in _execute_child
    raise child_exception_type(errno_num, err_msg, err_filename)
E   FileNotFoundError: [Errno 2] No such file or directory: '~/Solar/harness'</failure></testcase><testcase classname="harness.tests.test_knowledge_v2.TestV8BaselineRegression" name="test_sqlite_tables_count" time="0.000"><skipped type="pytest.skip" message="DB not found: /Users/jamesyuan/Developer/Github Repos (On Git)/BetterSolar/docs/testing/test-runs/20260710-0121-qa-full-audit/tmp/final-home/Knowledge/_registry/knowledge_ingest.sqlite">/Users/jamesyuan/Developer/Github Repos (On Git)/BetterSolar/docs/testing/test-runs/20260710-0121-qa-full-audit/tmp/checkout/harness/tests/test_knowledge_v2.py:513: DB not found: /Users/jamesyuan/Developer/Github Repos (On Git)/BetterSolar/docs/testing/test-runs/20260710-0121-qa-full-audit/tmp/final-home/Knowledge/_registry/knowledge_ingest.sqlite</skipped></testcase><testcase classname="harness.tests.test_knowledge_v2.TestV8BaselineRegression" name="test_status_json_exits_0" time="0.002"><failure message="FileNotFoundError: [Errno 2] No such file or directory: '~/Solar/harness'">harness/tests/test_knowledge_v2.py:524: in test_status_json_exits_0
    result = subprocess.run(
/Users/jamesyuan/.local/share/mise/installs/python/3.14.2/lib/python3.14/subprocess.py:554: in run
    with Popen(*popenargs, **kwargs) as process:
         ^^^^^^^^^^^^^^^^^^^^^^^^^^^
/Users/jamesyuan/.local/share/mise/installs/python/3.14.2/lib/python3.14/subprocess.py:1038: in __init__
    self._execute_child(args, executable, preexec_fn, close_fds,
/Users/jamesyuan/.local/share/mise/installs/python/3.14.2/lib/python3.14/subprocess.py:1989: in _execute_child
    raise child_exception_type(errno_num, err_msg, err_filename)
E   FileNotFoundError: [Errno 2] No such file or directory: '~/Solar/harness'</failure></testcase></testsuite></testsuites>