<?xml version="1.0" encoding="utf-8"?><testsuites name="pytest tests"><testsuite name="pytest" errors="0" failures="0" skipped="0" tests="5" time="0.046" timestamp="2026-07-10T10:06:46.971337-04:00" hostname="Jamess-MacBook-Pro.local"><testcase classname="harness.tests.livework.test_dispatch_visibility.TestPartialReady" name="test_partial_ready_nodes" time="0.001" /><testcase classname="harness.tests.livework.test_dispatch_visibility.TestPartialReady" name="test_capability_use_aggregated" time="0.001" /><testcase classname="harness.tests.livework.test_dispatch_visibility.TestAllBlocked" name="test_all_nodes_blocked_by_unmet_deps" time="0.001" /><testcase classname="harness.tests.livework.test_dispatch_visibility.TestAllBlocked" name="test_passed_nodes_excluded_from_ready_and_blocked" time="0.000" /><testcase classname="harness.tests.livework.test_dispatch_visibility.TestEventsMissing" name="test_unreadable_graph_degrades_gracefully" time="0.000" /></testsuite></testsuites>