<?xml version="1.0" encoding="utf-8"?><testsuites name="pytest tests"><testsuite name="pytest" errors="0" failures="0" skipped="0" tests="9" time="0.059" timestamp="2026-07-10T10:07:24.170331-04:00" hostname="Jamess-MacBook-Pro.local"><testcase classname="harness.tests.test_pm_dispatch" name="test_select_operator_by_role_prefers_capsule_operator_constraints" time="0.005" /><testcase classname="harness.tests.test_pm_dispatch" name="test_cmd_submit_reads_task_graph_capsule_metadata" time="0.009" /><testcase classname="harness.tests.test_pm_dispatch" name="test_cmd_submit_canonicalizes_analysis_audit_node_before_submit" time="0.002" /><testcase classname="harness.tests.test_pm_dispatch" name="test_cmd_compile_request_rejects_invalid_compiled_package" time="0.001" /><testcase classname="harness.tests.test_pm_dispatch" name="test_cmd_submit_persists_failed_record_when_no_operator_available" time="0.001" /><testcase classname="harness.tests.test_pm_dispatch" name="test_pending_pm_backlog_count_ignores_failed_variants" time="0.001" /><testcase classname="harness.tests.test_pm_dispatch" name="test_codex_operator_health_accepts_path_resolved_codex" time="0.001" /><testcase classname="harness.tests.test_pm_dispatch" name="test_builder_pool_backlog_includes_latent_planning_complete" time="0.010" /><testcase classname="harness.tests.test_pm_dispatch" name="test_drain_builder_ready_submits_and_marks_graph" time="0.003" /></testsuite></testsuites>