<?xml version="1.0" encoding="utf-8"?><testsuites name="pytest tests"><testsuite name="pytest" errors="0" failures="0" skipped="0" tests="6" time="0.048" timestamp="2026-07-10T10:07:26.241643-04:00" hostname="Jamess-MacBook-Pro.local"><testcase classname="harness.tests.test_skill_capsule_bridge" name="test_canonical_skill_id_normalizes_names" time="0.000" /><testcase classname="harness.tests.test_skill_capsule_bridge" name="test_build_skill_bridge_payload_filters_unready_skills" time="0.000" /><testcase classname="harness.tests.test_skill_capsule_bridge" name="test_load_skill_bridge_catalog_dedupes_same_skill_id" time="0.002" /><testcase classname="harness.tests.test_skill_capsule_bridge" name="test_load_skill_bridge_catalog_routes_data_sheet_analysis" time="0.001" /><testcase classname="harness.tests.test_skill_capsule_bridge" name="test_build_skill_bridge_payload_prefers_exact_required_matches" time="0.000" /><testcase classname="harness.tests.test_skill_capsule_bridge" name="test_build_skill_bridge_payload_carries_template_profile_summary" time="0.000" /></testsuite></testsuites>