<?xml version="1.0" encoding="utf-8"?><testsuites name="pytest tests"><testsuite name="pytest" errors="0" failures="0" skipped="0" tests="8" time="0.123" timestamp="2026-07-10T10:06:48.331543-04:00" hostname="Jamess-MacBook-Pro.local"><testcase classname="harness.tests.orchestration.test_orchestration_routes.TestListEpics" name="test_lists_epic_ids" time="0.009" /><testcase classname="harness.tests.orchestration.test_orchestration_routes.TestDashboard" name="test_dashboard_payload_reports_missing_task_graph_guidance" time="0.027" /><testcase classname="harness.tests.orchestration.test_orchestration_routes.TestGetEpic" name="test_degraded_sources_when_no_task_graph" time="0.003" /><testcase classname="harness.tests.orchestration.test_orchestration_routes.TestGetSprint" name="test_sprint_degraded_when_no_task_graph" time="0.004" /><testcase classname="harness.tests.orchestration.test_orchestration_routes.TestGetPanes" name="test_returns_panes_list" time="0.004" /><testcase classname="harness.tests.orchestration.test_orchestration_routes.TestGetPanes" name="test_pane_has_required_fields" time="0.004" /><testcase classname="harness.tests.orchestration.test_orchestration_routes.TestGetEvents" name="test_returns_capability_events" time="0.003" /><testcase classname="harness.tests.orchestration.test_orchestration_routes.TestGetEvents" name="test_sse_content_type_when_accept_header" time="0.003" /></testsuite></testsuites>