<?xml version="1.0" encoding="utf-8"?><testsuites name="pytest tests"><testsuite name="pytest" errors="0" failures="0" skipped="0" tests="7" time="0.031" timestamp="2026-07-10T10:06:39.436803-04:00" hostname="Jamess-MacBook-Pro.local"><testcase classname="harness.tests.integrations.gepa_optimizer.test_adapter" name="test_config_default_validates" time="0.000" /><testcase classname="harness.tests.integrations.gepa_optimizer.test_adapter" name="test_config_rejects_zero_iterations" time="0.000" /><testcase classname="harness.tests.integrations.gepa_optimizer.test_adapter" name="test_config_rejects_negative_temperature" time="0.000" /><testcase classname="harness.tests.integrations.gepa_optimizer.test_adapter" name="test_config_rejects_negative_refiner_rounds" time="0.000" /><testcase classname="harness.tests.integrations.gepa_optimizer.test_adapter" name="test_adapter_requires_gepaconfig" time="0.000" /><testcase classname="harness.tests.integrations.gepa_optimizer.test_adapter" name="test_adapter_when_gepa_absent_raises_adapter_error" time="0.000" /><testcase classname="harness.tests.integrations.gepa_optimizer.test_adapter" name="test_wrap_evaluator_passthrough" time="0.000" /></testsuite></testsuites>