<?xml version="1.0" encoding="utf-8"?><testsuites name="pytest tests"><testsuite name="pytest" errors="0" failures="2" skipped="0" tests="2" time="0.071" timestamp="2026-07-10T10:06:47.700775-04:00" hostname="Jamess-MacBook-Pro.local"><testcase classname="harness.tests.livework.test_negative_control.TestDeadlockHookFailOpen" name="test_hook_exits_0_on_python_syntax_error" time="0.011"><failure message="assert 2 == 0&#10; +  where 2 = CompletedProcess(args=['bash', '/Users/jamesyuan/Developer/Github Repos (On Git)/BetterSolar/docs/testing/test-runs/20.../tmp/eligible-full-phase-v2/temp/eligible-0062/pytest/test_hook_exits_0_on_python_sy0/bad.py 2&gt;/dev/null || exit 0'\n&quot;).returncode">harness/tests/livework/test_negative_control.py:186: in test_hook_exits_0_on_python_syntax_error
    assert result.returncode == 0
E   assert 2 == 0
E    +  where 2 = CompletedProcess(args=['bash', '/Users/jamesyuan/Developer/Github Repos (On Git)/BetterSolar/docs/testing/test-runs/20.../tmp/eligible-full-phase-v2/temp/eligible-0062/pytest/test_hook_exits_0_on_python_sy0/bad.py 2&gt;/dev/null || exit 0'\n").returncode</failure></testcase><testcase classname="harness.tests.livework.test_negative_control.TestDeadlockHookFailOpen" name="test_hook_exits_0_on_import_error" time="0.009"><failure message="assert 2 == 0&#10; +  where 2 = CompletedProcess(args=['bash', '/Users/jamesyuan/Developer/Github Repos (On Git)/BetterSolar/docs/testing/test-runs/20...igible-full-phase-v2/temp/eligible-0062/pytest/test_hook_exits_0_on_import_er0/importfail.py 2&gt;/dev/null || exit 0'\n&quot;).returncode">harness/tests/livework/test_negative_control.py:200: in test_hook_exits_0_on_import_error
    assert result.returncode == 0
E   assert 2 == 0
E    +  where 2 = CompletedProcess(args=['bash', '/Users/jamesyuan/Developer/Github Repos (On Git)/BetterSolar/docs/testing/test-runs/20...igible-full-phase-v2/temp/eligible-0062/pytest/test_hook_exits_0_on_import_er0/importfail.py 2&gt;/dev/null || exit 0'\n").returncode</failure></testcase></testsuite></testsuites>