<?xml version="1.0" encoding="utf-8"?><testsuites name="pytest tests"><testsuite name="pytest" errors="0" failures="0" skipped="0" tests="2" time="0.046" timestamp="2026-07-10T10:05:16.009405-04:00" hostname="Jamess-MacBook-Pro.local"><testcase classname="harness.tests.evaluators.scientific.test_phase17_naming_cleanup" name="test_scientific_runtime_capability_ids_are_research_named" time="0.017" /><testcase classname="harness.tests.evaluators.scientific.test_phase17_naming_cleanup" name="test_lifecycle_black_box_policy_is_backend_generic" time="0.001" /></testsuite></testsuites>