<?xml version="1.0" encoding="utf-8"?><testsuites name="pytest tests"><testsuite name="pytest" errors="0" failures="0" skipped="0" tests="5" time="0.029" timestamp="2026-07-10T10:07:24.415403-04:00" hostname="Jamess-MacBook-Pro.local"><testcase classname="harness.tests.test_policy" name="test_risk_class_values_are_canonical" time="0.000" /><testcase classname="harness.tests.test_policy" name="test_row4_shell_pip_install_medium" time="0.000" /><testcase classname="harness.tests.test_policy" name="test_row4_shell_npm_install_medium" time="0.000" /><testcase classname="harness.tests.test_policy" name="test_row6_shell_intent_match_low" time="0.000" /><testcase classname="harness.tests.test_policy" name="test_write_scope_exact_path_match_pass" time="0.000" /></testsuite></testsuites>