<?xml version="1.0" encoding="utf-8"?><testsuites name="pytest tests"><testsuite name="pytest" errors="0" failures="0" skipped="0" tests="2" time="0.036" timestamp="2026-07-10T10:06:55.074890-04:00" hostname="Jamess-MacBook-Pro.local"><testcase classname="harness.tests.research_unit.test_storage.TestVerifySpan" name="test_exact_match" time="0.000" /><testcase classname="harness.tests.research_unit.test_storage.TestVerifySpan" name="test_fuzzy_match_tolerance" time="0.000" /></testsuite></testsuites>