<?xml version="1.0" encoding="utf-8"?><testsuites name="pytest tests"><testsuite name="pytest" errors="0" failures="0" skipped="0" tests="2" time="0.048" timestamp="2026-07-10T10:07:31.430288-04:00" hostname="Jamess-MacBook-Pro.local"><testcase classname="harness.tools.research.test_figure_grounding" name="test_evaluate_figures_grounding_success" time="0.001" /><testcase classname="harness.tools.research.test_figure_grounding" name="test_evaluate_figures_grounding_failures" time="0.002" /></testsuite></testsuites>