<?xml version="1.0" encoding="utf-8"?><testsuites name="pytest tests"><testsuite name="pytest" errors="0" failures="1" skipped="0" tests="2" time="0.344" timestamp="2026-07-10T10:07:22.313446-04:00" hostname="Jamess-MacBook-Pro.local"><testcase classname="harness.tests.test_operatord_daemon.TestDaemonOnce" name="test_recovers_expired_lease_and_processes_task" time="0.121"><failure message="AssertionError: assert False&#10; +  where False = exists()&#10; +    where exists = PosixPath('/Users/jamesyuan/Developer/Github Repos (On Git)/BetterSolar/docs/testing/test-runs/20260710-0121-qa-full-a...e-0152/pytest/test_recovers_expired_lease_an0/run/operator-results/test-local-builder/T-expired-lease-001/result.json').exists">harness/tests/test_operatord_daemon.py:525: in test_recovers_expired_lease_and_processes_task
    assert result_json.exists()
E   AssertionError: assert False
E    +  where False = exists()
E    +    where exists = PosixPath('/Users/jamesyuan/Developer/Github Repos (On Git)/BetterSolar/docs/testing/test-runs/20260710-0121-qa-full-a...e-0152/pytest/test_recovers_expired_lease_an0/run/operator-results/test-local-builder/T-expired-lease-001/result.json').exists</failure></testcase><testcase classname="harness.tests.test_operatord_daemon.TestDaemonOnce" name="test_signal_leaves_final_status" time="0.181" /></testsuite></testsuites>