<?xml version="1.0" encoding="utf-8"?><testsuites name="pytest tests"><testsuite name="pytest" errors="0" failures="0" skipped="0" tests="3" time="0.066" timestamp="2026-07-10T10:07:17.466353-04:00" hostname="Jamess-MacBook-Pro.local"><testcase classname="harness.tests.test_execution_broker" name="test_production_package_import_works" time="0.001" /><testcase classname="harness.tests.test_execution_broker" name="test_event_payloads_carry_action_id" time="0.010" /><testcase classname="harness.tests.test_execution_broker" name="test_state_coverage_matrix" time="0.024" /></testsuite></testsuites>