<?xml version="1.0" encoding="utf-8"?><testsuites name="pytest tests"><testsuite name="pytest" errors="0" failures="0" skipped="0" tests="5" time="0.047" timestamp="2026-07-10T10:07:18.694886-04:00" hostname="Jamess-MacBook-Pro.local"><testcase classname="harness.tests.test_hf_paper_insight_schema.TestPaperStore" name="test_init_creates_schema" time="0.004" /><testcase classname="harness.tests.test_hf_paper_insight_schema.TestPaperStateMachine" name="test_event_log" time="0.001" /><testcase classname="harness.tests.test_hf_paper_insight_schema.TestCompatBridge" name="test_ingest_legacy_batch" time="0.004" /><testcase classname="harness.tests.test_hf_paper_insight_schema.TestCompatBridge" name="test_ingest_skips_invalid" time="0.004" /><testcase classname="harness.tests.test_hf_paper_insight_schema.TestCompatBridge" name="test_ingest_missing_file" time="0.000" /></testsuite></testsuites>