<?xml version="1.0" encoding="utf-8"?><testsuites name="pytest tests"><testsuite name="pytest" errors="0" failures="0" skipped="0" tests="2" time="0.036" timestamp="2026-07-10T10:06:49.337062-04:00" hostname="Jamess-MacBook-Pro.local"><testcase classname="harness.tests.research.survey.explorer.test_log_writer" name="test_append_multiple_records_preserves_order" time="0.001" /><testcase classname="harness.tests.research.survey.explorer.test_log_writer" name="test_resume_after_reopen_preserves_records" time="0.001" /></testsuite></testsuites>