<?xml version="1.0" encoding="utf-8"?><testsuites name="pytest tests"><testsuite name="pytest" errors="0" failures="0" skipped="0" tests="8" time="0.041" timestamp="2026-07-10T10:06:48.658185-04:00" hostname="Jamess-MacBook-Pro.local"><testcase classname="harness.tests.remote.test_remote_dispatch_core.TestManifest" name="test_generate_manifest_has_checksums" time="0.001" /><testcase classname="harness.tests.remote.test_remote_dispatch_core.TestManifest" name="test_manifest_checksum_correctness" time="0.001" /><testcase classname="harness.tests.remote.test_remote_dispatch_core.TestManifest" name="test_manifest_has_manifest_sha256" time="0.001" /><testcase classname="harness.tests.remote.test_remote_dispatch_core.TestManifest" name="test_write_manifest_creates_file" time="0.001" /><testcase classname="harness.tests.remote.test_remote_dispatch_core.TestManifest" name="test_manifest_deterministic" time="0.001" /><testcase classname="harness.tests.remote.test_remote_dispatch_core.TestChecksumVerification" name="test_verify_all_match" time="0.001" /><testcase classname="harness.tests.remote.test_remote_dispatch_core.TestChecksumVerification" name="test_verify_mismatch_fails" time="0.001" /><testcase classname="harness.tests.remote.test_remote_dispatch_core.TestChecksumVerification" name="test_verify_missing_file_fails" time="0.001" /></testsuite></testsuites>