<?xml version="1.0" encoding="utf-8"?><testsuites name="pytest tests"><testsuite name="pytest" errors="0" failures="2" skipped="0" tests="3" time="0.123" timestamp="2026-07-10T10:05:14.332403-04:00" hostname="Jamess-MacBook-Pro.local"><testcase classname="harness.tests.benchmark.test_terminal_bench_adapter" name="test_agent_not_in_allowlist_yields_error_verdict" time="0.001" /><testcase classname="harness.tests.benchmark.test_terminal_bench_adapter" name="test_missing_prereqs_yields_pending_verdict_not_ok" time="0.063"><failure message="AssertionError: assert 'harbor_cli' in ('dataset_registry', 'docker')&#10; +  where ('dataset_registry', 'docker') = BenchmarkRunResult(schema_version='benchmark.run.v1', run_id='bench-20260710140514-21c4dfa9', benchmark='terminal-benc...nding', failure_modes=('dataset_registry', 'docker'), limitations=('Missing prerequisites: dataset_registry, docker',)).failure_modes">harness/tests/benchmark/test_terminal_bench_adapter.py:171: in test_missing_prereqs_yields_pending_verdict_not_ok
    assert "harbor_cli" in result.failure_modes
E   AssertionError: assert 'harbor_cli' in ('dataset_registry', 'docker')
E    +  where ('dataset_registry', 'docker') = BenchmarkRunResult(schema_version='benchmark.run.v1', run_id='bench-20260710140514-21c4dfa9', benchmark='terminal-benc...nding', failure_modes=('dataset_registry', 'docker'), limitations=('Missing prerequisites: dataset_registry, docker',)).failure_modes</failure></testcase><testcase classname="harness.tests.benchmark.test_terminal_bench_adapter" name="test_empty_missing_prereqs_allows_dry_run_ok" time="0.012"><failure message="AssertionError: assert 'pending' == 'ok'&#10;  &#10;  - ok&#10;  + pending">harness/tests/benchmark/test_terminal_bench_adapter.py:192: in test_empty_missing_prereqs_allows_dry_run_ok
    assert result.verdict == "ok"
E   AssertionError: assert 'pending' == 'ok'
E     
E     - ok
E     + pending</failure></testcase></testsuite></testsuites>