<?xml version="1.0" encoding="utf-8"?><testsuites name="pytest tests"><testsuite name="pytest" errors="0" failures="0" skipped="0" tests="32" time="0.058" timestamp="2026-07-10T10:02:37.373240-04:00" hostname="Jamess-MacBook-Pro.local"><testcase classname="harness.lib.social_browser_backend_x.test_extract_dedup.TestPostExtractorFullExtraction" name="test_anthropic_single_link" time="0.001" /><testcase classname="harness.lib.social_browser_backend_x.test_extract_dedup.TestPostExtractorFullExtraction" name="test_extract_via_mock_backend_round_trip" time="0.000" /><testcase classname="harness.lib.social_browser_backend_x.test_extract_dedup.TestPostExtractorFullExtraction" name="test_field_names_count" time="0.000" /><testcase classname="harness.lib.social_browser_backend_x.test_extract_dedup.TestPostExtractorFullExtraction" name="test_karpathy_concrete_values" time="0.001" /><testcase classname="harness.lib.social_browser_backend_x.test_extract_dedup.TestPostExtractorFullExtraction" name="test_links_extracted_from_tweet_text" time="0.000" /><testcase classname="harness.lib.social_browser_backend_x.test_extract_dedup.TestPostExtractorFullExtraction" name="test_three_fixtures_all_extract_cleanly" time="0.003" /><testcase classname="harness.lib.social_browser_backend_x.test_extract_dedup.TestPostExtractorFullExtraction" name="test_unreasonable_metric_noise_is_ignored" time="0.000" /><testcase classname="harness.lib.social_browser_backend_x.test_extract_dedup.TestPostExtractorPlaceholders" name="test_empty_html_returns_all_placeholders" time="0.000" /><testcase classname="harness.lib.social_browser_backend_x.test_extract_dedup.TestPostExtractorPlaceholders" name="test_missing_handle_uses_hint" time="0.000" /><testcase classname="harness.lib.social_browser_backend_x.test_extract_dedup.TestPostExtractorPlaceholders" name="test_missing_url_falls_back_to_na" time="0.000" /><testcase classname="harness.lib.social_browser_backend_x.test_extract_dedup.TestPostExtractorPlaceholders" name="test_na_constant_is_string" time="0.000" /><testcase classname="harness.lib.social_browser_backend_x.test_extract_dedup.TestPostExtractorPlaceholders" name="test_partial_article_missing_metrics_sets_zero_and_no_placeholder_for_ints" time="0.000" /><testcase classname="harness.lib.social_browser_backend_x.test_extract_dedup.TestDedupQueueCanonicalUrl" name="test_canonical_url_helper" time="0.001" /><testcase classname="harness.lib.social_browser_backend_x.test_extract_dedup.TestDedupQueueCanonicalUrl" name="test_canonical_url_none_when_handle_missing" time="0.000" /><testcase classname="harness.lib.social_browser_backend_x.test_extract_dedup.TestDedupQueueCanonicalUrl" name="test_default_window_is_24h" time="0.000" /><testcase classname="harness.lib.social_browser_backend_x.test_extract_dedup.TestDedupQueueCanonicalUrl" name="test_first_record_is_not_duplicate" time="0.000" /><testcase classname="harness.lib.social_browser_backend_x.test_extract_dedup.TestDedupQueueCanonicalUrl" name="test_record_outside_window_is_not_duplicate" time="0.000" /><testcase classname="harness.lib.social_browser_backend_x.test_extract_dedup.TestDedupQueueCanonicalUrl" name="test_second_seen_within_window_is_duplicate_by_url" time="0.000" /><testcase classname="harness.lib.social_browser_backend_x.test_extract_dedup.TestDedupQueueSha256Fallback" name="test_check_uses_sha256_when_url_unavailable" time="0.000" /><testcase classname="harness.lib.social_browser_backend_x.test_extract_dedup.TestDedupQueueSha256Fallback" name="test_second_orphan_is_duplicate_by_sha256" time="0.000" /><testcase classname="harness.lib.social_browser_backend_x.test_extract_dedup.TestDedupQueueSha256Fallback" name="test_sha256_changes_when_text_changes" time="0.000" /><testcase classname="harness.lib.social_browser_backend_x.test_extract_dedup.TestDedupQueueSha256Fallback" name="test_sha256_deterministic_with_same_inputs" time="0.000" /><testcase classname="harness.lib.social_browser_backend_x.test_extract_dedup.TestDedupQueueSha256Fallback" name="test_whitespace_normalised_text_dedups" time="0.000" /><testcase classname="harness.lib.social_browser_backend_x.test_extract_dedup.TestDedupQueueUrlConflict" name="test_alias_persistence_round_trip" time="0.000" /><testcase classname="harness.lib.social_browser_backend_x.test_extract_dedup.TestDedupQueueUrlConflict" name="test_derive_keys_returns_both_when_url_available" time="0.000" /><testcase classname="harness.lib.social_browser_backend_x.test_extract_dedup.TestDedupQueueUrlConflict" name="test_sha256_collision_with_url_mismatch_dedups" time="0.000" /><testcase classname="harness.lib.social_browser_backend_x.test_extract_dedup.TestNoSecretLeaksC3" name="test_no_forbidden_tokens_in_module_sources" time="0.003" /></testsuite></testsuites>