<?xml version="1.0" encoding="utf-8"?><testsuites name="pytest tests"><testsuite name="pytest" errors="0" failures="0" skipped="0" tests="6" time="0.036" timestamp="2026-07-10T10:06:56.255549-04:00" hostname="Jamess-MacBook-Pro.local"><testcase classname="harness.tests.runtime.test_logical_operator_router" name="test_all_17_operators" time="0.000" /><testcase classname="harness.tests.runtime.test_logical_operator_router" name="test_binding_changes_actor" time="0.001" /><testcase classname="harness.tests.runtime.test_logical_operator_router" name="test_fallback_candidate_ordering" time="0.001" /><testcase classname="harness.tests.runtime.test_logical_operator_router" name="test_quota_blocked_fallback" time="0.001" /><testcase classname="harness.tests.runtime.test_logical_operator_router" name="test_risk_denied_fallback" time="0.001" /><testcase classname="harness.tests.runtime.test_logical_operator_router" name="test_all_operators_bound" time="0.001" /></testsuite></testsuites>