<?xml version="1.0" encoding="utf-8"?><testsuites name="pytest tests"><testsuite name="pytest" errors="0" failures="1" skipped="0" tests="1" time="1.098" timestamp="2026-07-10T10:06:36.844605-04:00" hostname="Jamess-MacBook-Pro.local"><testcase classname="harness.tests.integration.test_autosci_ingest_demo" name="test_product_autosci_ingest_writes_research_paper_evidence" time="1.052"><failure message="AssertionError: {&#10;  &quot;action_count&quot;: 2,&#10;  &quot;autosci_command&quot;: &quot;/ingest&quot;,&#10;  &quot;evidence_path&quot;: &quot;/Users/jamesyuan/Developer/Github Repos (On Git)/BetterSolar/docs/testing/test-runs/20260710-0121-qa-full-audit/tmp/eligible-full-phase-v2/temp/eligible-0051/pytest/test_product_autosci_ingest_wr0/harness/artifacts/autosci/runs/phase-c-ingest-689c2655c35e434e91181debf81fd7ec/autosci_skill_run.json&quot;,&#10;  &quot;execution_status&quot;: &quot;failed&quot;,&#10;  &quot;failed_count&quot;: 2,&#10;  &quot;ok&quot;: false,&#10;  &quot;passed_count&quot;: 0,&#10;  &quot;schema&quot;: &quot;autosci_skill_run.v1&quot;,&#10;  &quot;schema_only_count&quot;: 0,&#10;  &quot;side_effect_policy&quot;: &quot;dry_run_only&quot;,&#10;  &quot;skill&quot;: &quot;ingest&quot;,&#10;  &quot;status&quot;: &quot;failed&quot;,&#10;  &quot;work_dir&quot;: &quot;artifacts/autosci/runs/phase-c-ingest-689c2655c35e434e91181debf81fd7ec&quot;&#10;}">harness/tests/integration/test_autosci_ingest_demo.py:22: in test_product_autosci_ingest_writes_research_paper_evidence
    proc = run_autosci(harness_dir, f"$ingest --paper {paper} --run-id {run_id}")
           ^^^^^^^^^^^^^^^^^^^^^^^^^^^^^^^^^^^^^^^^^^^^^^^^^^^^^^^^^^^^^^^^^^^^^^
harness/tests/integration/autosci_product_smoke_helpers.py:61: in run_autosci
    assert proc.returncode == 0, proc.stdout + proc.stderr
           ^^^^^^^^^^^^^^^^^^^^
E   AssertionError: {
E     "action_count": 2,
E     "autosci_command": "/ingest",
E     "evidence_path": "/Users/jamesyuan/Developer/Github Repos (On Git)/BetterSolar/docs/testing/test-runs/20260710-0121-qa-full-audit/tmp/eligible-full-phase-v2/temp/eligible-0051/pytest/test_product_autosci_ingest_wr0/harness/artifacts/autosci/runs/phase-c-ingest-689c2655c35e434e91181debf81fd7ec/autosci_skill_run.json",
E     "execution_status": "failed",
E     "failed_count": 2,
E     "ok": false,
E     "passed_count": 0,
E     "schema": "autosci_skill_run.v1",
E     "schema_only_count": 0,
E     "side_effect_policy": "dry_run_only",
E     "skill": "ingest",
E     "status": "failed",
E     "work_dir": "artifacts/autosci/runs/phase-c-ingest-689c2655c35e434e91181debf81fd7ec"
E   }</failure></testcase></testsuite></testsuites>