<?xml version="1.0" encoding="utf-8"?><testsuites name="pytest tests"><testsuite name="pytest" errors="0" failures="1" skipped="0" tests="4" time="0.040" timestamp="2026-07-10T10:05:15.386903-04:00" hostname="Jamess-MacBook-Pro.local"><testcase classname="harness.tests.data_plane.test_source_manifest.TestScaffoldDirs" name="test_meta_dir_exists" time="0.000"><failure message="AssertionError: assert False&#10; +  where False = exists()&#10; +    where exists = ((PosixPath('/Users/jamesyuan/Developer/Github Repos (On Git)/BetterSolar/docs/testing/test-runs/20260710-0121-qa-full-audit/tmp/final-home') / 'Knowledge') / '_meta').exists&#10; +      where PosixPath('/Users/jamesyuan/Developer/Github Repos (On Git)/BetterSolar/docs/testing/test-runs/20260710-0121-qa-full-audit/tmp/final-home') = home()&#10; +        where home = Path.home">harness/tests/data_plane/test_source_manifest.py:47: in test_meta_dir_exists
    assert (Path.home() / "Knowledge" / "_meta").exists()
E   AssertionError: assert False
E    +  where False = exists()
E    +    where exists = ((PosixPath('/Users/jamesyuan/Developer/Github Repos (On Git)/BetterSolar/docs/testing/test-runs/20260710-0121-qa-full-audit/tmp/final-home') / 'Knowledge') / '_meta').exists
E    +      where PosixPath('/Users/jamesyuan/Developer/Github Repos (On Git)/BetterSolar/docs/testing/test-runs/20260710-0121-qa-full-audit/tmp/final-home') = home()
E    +        where home = Path.home</failure></testcase><testcase classname="harness.tests.data_plane.test_source_manifest.TestGenerateManifest" name="test_generate_dry_run_no_files_created" time="0.002" /><testcase classname="harness.tests.data_plane.test_source_manifest.TestGenerateManifest" name="test_generate_apply_creates_jsonl" time="0.002" /><testcase classname="harness.tests.data_plane.test_source_manifest.TestGenerateManifest" name="test_generate_missing_raw_dir_returns_error" time="0.000" /></testsuite></testsuites>