<?xml version="1.0" encoding="utf-8"?><testsuites name="pytest tests"><testsuite name="pytest" errors="0" failures="0" skipped="0" tests="3" time="0.030" timestamp="2026-07-10T10:07:21.150183-04:00" hostname="Jamess-MacBook-Pro.local"><testcase classname="harness.tests.test_operator_naming.TestPaneTitle" name="test_explicit_vendor_override" time="0.000" /><testcase classname="harness.tests.test_operator_naming.TestPaneTitle" name="test_explicit_model_override" time="0.000" /><testcase classname="harness.tests.test_operator_naming.TestApplyPaneTitle" name="test_explicit_pane_id" time="0.001" /></testsuite></testsuites>