<?xml version="1.0" encoding="utf-8"?><testsuites name="pytest tests"><testsuite name="pytest" errors="0" failures="1" skipped="0" tests="2" time="0.034" timestamp="2026-07-10T10:07:24.594901-04:00" hostname="Jamess-MacBook-Pro.local"><testcase classname="harness.tests.test_reasonix_advisory_routing" name="test_reasonix_physical_operators_are_advisory_only" time="0.001"><failure message="AssertionError: mini-reasonix-deepseek-v4-flash-builder-1: Reasonix must not advertise builder role&#10;assert 'builder' not in {'builder'}">harness/tests/test_reasonix_advisory_routing.py:46: in test_reasonix_physical_operators_are_advisory_only
    assert "builder" not in roles, f"{op_id}: Reasonix must not advertise builder role"
E   AssertionError: mini-reasonix-deepseek-v4-flash-builder-1: Reasonix must not advertise builder role
E   assert 'builder' not in {'builder'}</failure></testcase><testcase classname="harness.tests.test_reasonix_advisory_routing" name="test_reasonix_not_bound_to_code_logical_operators" time="0.000" /></testsuite></testsuites>