<?xml version="1.0" encoding="utf-8"?><testsuites name="pytest tests"><testsuite name="pytest" errors="0" failures="1" skipped="0" tests="1" time="0.039" timestamp="2026-07-10T10:06:34.641087-04:00" hostname="Jamess-MacBook-Pro.local"><testcase classname="harness.tests.graph.test_multi_task_runner_auto_close" name="test_runner_script_auto_closes_terminal_window" time="0.001"><failure message="assert 'AUTO_CLOSE_TERMINAL_WINDOWS=1' in '#!/usr/bin/env bash\nset -u\nTASK_DIR=\'/Users/jamesyuan/Developer/Github Repos (On Git)/BetterSolar/docs/testing/tes...s multi-task] sid=$SID node=$NODE_ID exit=$rc end=$(date -u +%Y-%m-%dT%H:%M:%SZ)&quot; | tee -a &quot;$OUTPUT_LOG&quot;\nexit &quot;$rc&quot;\n'">harness/tests/graph/test_multi_task_runner_auto_close.py:36: in test_runner_script_auto_closes_terminal_window
    assert "AUTO_CLOSE_TERMINAL_WINDOWS=1" in script
E   assert 'AUTO_CLOSE_TERMINAL_WINDOWS=1' in '#!/usr/bin/env bash\nset -u\nTASK_DIR=\'/Users/jamesyuan/Developer/Github Repos (On Git)/BetterSolar/docs/testing/tes...s multi-task] sid=$SID node=$NODE_ID exit=$rc end=$(date -u +%Y-%m-%dT%H:%M:%SZ)" | tee -a "$OUTPUT_LOG"\nexit "$rc"\n'</failure></testcase></testsuite></testsuites>