<?xml version="1.0" encoding="utf-8"?><testsuites name="pytest tests"><testsuite name="pytest" errors="0" failures="0" skipped="0" tests="3" time="0.032" timestamp="2026-07-10T10:06:40.231428-04:00" hostname="Jamess-MacBook-Pro.local"><testcase classname="harness.tests.integrations.gepa_optimizer.test_package" name="test_package_loads_clean_and_exposes_version_and_all" time="0.001" /><testcase classname="harness.tests.integrations.gepa_optimizer.test_package" name="test_lazy_resolution_does_not_load_submodule_until_accessed" time="0.002" /><testcase classname="harness.tests.integrations.gepa_optimizer.test_package" name="test_attribute_error_on_unknown_name" time="0.000" /></testsuite></testsuites>