<?xml version="1.0" encoding="utf-8"?><testsuites name="pytest tests"><testsuite name="pytest" errors="0" failures="0" skipped="0" tests="2" time="0.055" timestamp="2026-07-10T10:06:56.755199-04:00" hostname="Jamess-MacBook-Pro.local"><testcase classname="harness.tests.runtime.test_operator_runtime" name="test_running_lease_with_dead_recorded_process_is_recovered" time="0.004" /><testcase classname="harness.tests.runtime.test_operator_runtime" name="test_running_status_with_dead_recorded_process_is_recovered" time="0.002" /></testsuite></testsuites>