<?xml version="1.0" encoding="utf-8"?><testsuites name="pytest tests"><testsuite name="pytest" errors="0" failures="0" skipped="0" tests="10" time="0.039" timestamp="2026-07-10T10:06:39.675857-04:00" hostname="Jamess-MacBook-Pro.local"><testcase classname="harness.tests.integrations.gepa_optimizer.test_budgets.TestStopReason" name="test_fields_accessible" time="0.000" /><testcase classname="harness.tests.integrations.gepa_optimizer.test_budgets.TestStopReason" name="test_default_details_empty_dict" time="0.000" /><testcase classname="harness.tests.integrations.gepa_optimizer.test_budgets.TestBudget" name="test_zero_evals_raises" time="0.000" /><testcase classname="harness.tests.integrations.gepa_optimizer.test_budgets.TestBudget" name="test_zero_spend_raises" time="0.000" /><testcase classname="harness.tests.integrations.gepa_optimizer.test_budgets.TestBudget" name="test_zero_walltime_raises" time="0.000" /><testcase classname="harness.tests.integrations.gepa_optimizer.test_budgets.TestSpendStopper" name="test_zero_spend_returns_none" time="0.000" /><testcase classname="harness.tests.integrations.gepa_optimizer.test_budgets.TestEvalStopper" name="test_zero_evals_returns_none" time="0.000" /><testcase classname="harness.tests.integrations.gepa_optimizer.test_budgets.TestPlateauStopper" name="test_empty_history_returns_none" time="0.000" /><testcase classname="harness.tests.integrations.gepa_optimizer.test_budgets.TestPlateauStopper" name="test_zero_patience_raises" time="0.000" /><testcase classname="harness.tests.integrations.gepa_optimizer.test_budgets.TestPlateauStopper" name="test_zero_epsilon_allowed" time="0.000" /></testsuite></testsuites>