<?xml version="1.0" encoding="utf-8"?><testsuites name="pytest tests"><testsuite name="pytest" errors="0" failures="0" skipped="0" tests="5" time="0.029" timestamp="2026-07-10T10:06:54.103599-04:00" hostname="Jamess-MacBook-Pro.local"><testcase classname="harness.tests.research_unit.test_ids.TestDomainIds" name="test_connector_id_prefix_and_timestamp_hex" time="0.000" /><testcase classname="harness.tests.research_unit.test_ids.TestDomainIds" name="test_link_id_prefix_and_length" time="0.000" /><testcase classname="harness.tests.research_unit.test_ids.TestDomainIds" name="test_citation_id_prefix" time="0.000" /><testcase classname="harness.tests.research_unit.test_ids.TestDomainIds" name="test_id_prefixes_registry_complete" time="0.000" /><testcase classname="harness.tests.research_unit.test_ids.TestNoCrossContamination" name="test_different_helpers_different_prefixes" time="0.000" /></testsuite></testsuites>