<?xml version="1.0" encoding="utf-8"?><testsuites name="pytest tests"><testsuite name="pytest" errors="0" failures="0" skipped="0" tests="2" time="0.200" timestamp="2026-07-10T10:05:12.700319-04:00" hostname="Jamess-MacBook-Pro.local"><testcase classname="harness.plugins.autosci.tests.test_root_tool_abi" name="test_feature_parity_routes_reference_existing_root_tools" time="0.001" /><testcase classname="harness.plugins.autosci.tests.test_root_tool_abi" name="test_poster_tool_supports_native_template_outline_pipeline" time="0.167" /></testsuite></testsuites>