<?xml version="1.0" encoding="utf-8"?><testsuites name="pytest tests"><testsuite name="pytest" errors="0" failures="0" skipped="0" tests="3" time="0.057" timestamp="2026-07-10T10:06:39.981738-04:00" hostname="Jamess-MacBook-Pro.local"><testcase classname="harness.tests.integrations.gepa_optimizer.test_hard_policy_checker" name="test_hard_policy_checker_rejects_relaxed_safety" time="0.000" /><testcase classname="harness.tests.integrations.gepa_optimizer.test_hard_policy_checker" name="test_hard_policy_checker_detects_frozen_section_changes" time="0.000" /><testcase classname="harness.tests.integrations.gepa_optimizer.test_hard_policy_checker" name="test_hard_policy_checker_allows_denied_only_payload" time="0.000" /></testsuite></testsuites>