<?xml version="1.0" encoding="utf-8"?><testsuites name="pytest tests"><testsuite name="pytest" errors="0" failures="1" skipped="0" tests="11" time="2.343" timestamp="2026-07-10T10:07:13.153404-04:00" hostname="Jamess-MacBook-Pro.local"><testcase classname="harness.tests.test_codex_pm_router" name="test_build_pm_intake_emits_capsule_plan_for_standard_request" time="0.272" /><testcase classname="harness.tests.test_codex_pm_router" name="test_build_pm_intake_emits_capsule_plan_for_research_request" time="0.002"><failure message="KeyError: 'capability_capsule_id'">harness/tests/test_codex_pm_router.py:92: in test_build_pm_intake_emits_capsule_plan_for_research_request
    assert by_id["R1"]["capability_capsule_id"] == "cap.requirement-research-scout"
           ^^^^^^^^^^^^^^^^^^^^^^^^^^^^^^^^^^^^
E   KeyError: 'capability_capsule_id'</failure></testcase><testcase classname="harness.tests.test_codex_pm_router" name="test_browser_agent_operator_request_is_standard_implementation_not_research" time="0.315" /><testcase classname="harness.tests.test_codex_pm_router" name="test_convergence_request_uses_parallel_spec_dag" time="0.302" /><testcase classname="harness.tests.test_codex_pm_router" name="test_productization_request_uses_parallel_spec_dag" time="0.302" /><testcase classname="harness.tests.test_codex_pm_router" name="test_plain_paper_research_request_still_uses_research_dag" time="0.002" /><testcase classname="harness.tests.test_codex_pm_router" name="test_code_understanding_request_rewrites_standard_graph_goals" time="0.220" /><testcase classname="harness.tests.test_codex_pm_router" name="test_code_understanding_request_rewrites_research_graph_goals" time="0.104" /><testcase classname="harness.tests.test_codex_pm_router" name="test_solar_handoff_view_uses_sprint_root_artifacts_for_sprint_packages" time="0.323" /><testcase classname="harness.tests.test_codex_pm_router" name="test_build_pm_intake_sanitizes_rawintent_consumer_payload" time="0.210" /><testcase classname="harness.tests.test_codex_pm_router" name="test_validate_compiled_package_rejects_raw_metadata_pollution" time="0.254" /></testsuite></testsuites>