<?xml version="1.0" encoding="utf-8"?><testsuites name="pytest tests"><testsuite name="pytest" errors="0" failures="0" skipped="0" tests="2" time="0.339" timestamp="2026-07-10T10:06:52.029426-04:00" hostname="Jamess-MacBook-Pro.local"><testcase classname="harness.tests.research_survey.test_import_results" name="test_import_survey_search_results_cli_continue_finalize_preserves_target_chars" time="0.163" /><testcase classname="harness.tests.research_survey.test_import_results" name="test_import_survey_search_results_cli_continue_finalize_accepts_narrative_args" time="0.138" /></testsuite></testsuites>