<?xml version="1.0" encoding="utf-8"?><testsuites name="pytest tests"><testsuite name="pytest" errors="0" failures="0" skipped="0" tests="13" time="0.039" timestamp="2026-07-10T10:07:21.926681-04:00" hostname="Jamess-MacBook-Pro.local"><testcase classname="harness.tests.test_operator_state_machine.TestStateDefinitions" name="test_initial_state_is_pending" time="0.000" /><testcase classname="harness.tests.test_operator_state_machine.TestLegalTransitions" name="test_pending_to_running" time="0.000" /><testcase classname="harness.tests.test_operator_state_machine.TestLegalTransitions" name="test_running_to_success" time="0.000" /><testcase classname="harness.tests.test_operator_state_machine.TestLegalTransitions" name="test_running_to_partial" time="0.000" /><testcase classname="harness.tests.test_operator_state_machine.TestLegalTransitions" name="test_running_to_failed" time="0.000" /><testcase classname="harness.tests.test_operator_state_machine.TestLegalTransitions" name="test_full_lifecycle_pending_running_success" time="0.000" /><testcase classname="harness.tests.test_operator_state_machine.TestIllegalTransitions" name="test_pending_to_success_raises" time="0.000" /><testcase classname="harness.tests.test_operator_state_machine.TestIllegalTransitions" name="test_pending_to_partial_raises" time="0.000" /><testcase classname="harness.tests.test_operator_state_machine.TestIllegalTransitions" name="test_pending_to_failed_raises" time="0.000" /><testcase classname="harness.tests.test_operator_state_machine.TestIllegalTransitions" name="test_success_to_running_raises" time="0.000" /><testcase classname="harness.tests.test_operator_state_machine.TestIllegalTransitions" name="test_failed_to_running_raises" time="0.000" /><testcase classname="harness.tests.test_operator_state_machine.TestIllegalTransitions" name="test_running_to_pending_raises" time="0.000" /><testcase classname="harness.tests.test_operator_state_machine.TestEventLog" name="test_append_creates_parent_dirs" time="0.001" /></testsuite></testsuites>