<?xml version="1.0" encoding="utf-8"?><testsuites name="pytest tests"><testsuite name="pytest" errors="0" failures="0" skipped="0" tests="9" time="0.199" timestamp="2026-07-10T10:06:53.317007-04:00" hostname="Jamess-MacBook-Pro.local"><testcase classname="harness.tests.research_unit.test_cli.TestCliParser" name="test_help_exits_zero" time="0.013" /><testcase classname="harness.tests.research_unit.test_cli.TestInit" name="test_init_creates_db" time="0.026" /><testcase classname="harness.tests.research_unit.test_cli.TestInit" name="test_init_rejects_existing" time="0.019" /><testcase classname="harness.tests.research_unit.test_cli.TestHumanSearchLoop" name="test_import_search_normalizes_profile_source_type_aliases" time="0.000" /><testcase classname="harness.tests.research_unit.test_cli.TestHumanSearchLoop" name="test_profile_aware_online_search_writes_profile_source_types" time="0.023" /><testcase classname="harness.tests.research_unit.test_cli.TestTechnicalArchitectureProfile" name="test_continue_pipeline_rewrites_sections_when_claims_already_exist" time="0.034" /><testcase classname="harness.tests.research_unit.test_cli.TestPolicyCli" name="test_policy_explain_scores_arxiv_paper" time="0.005" /><testcase classname="harness.tests.research_unit.test_cli.TestPolicyCli" name="test_source_audit_writes_gap_handoff" time="0.007" /><testcase classname="harness.tests.research_unit.test_cli.TestPolicyCli" name="test_source_audit_enqueue_followup_writes_real_queue" time="0.031" /></testsuite></testsuites>