<?xml version="1.0" encoding="utf-8"?><testsuites name="pytest tests"><testsuite name="pytest" errors="0" failures="0" skipped="0" tests="8" time="64.650" timestamp="2026-07-10T10:05:16.197712-04:00" hostname="Jamess-MacBook-Pro.local"><testcase classname="harness.tests.evaluators.scientific.test_scientific_lifecycle_runtime_smoke" name="test_scientific_lifecycle_smoke_blocks_configured_publication_tail_without_external_evidence" time="8.107" /><testcase classname="harness.tests.evaluators.scientific.test_scientific_lifecycle_runtime_smoke" name="test_scientific_lifecycle_smoke_strict_production_dispatch_rejects_smoke_boundary" time="7.973" /><testcase classname="harness.tests.evaluators.scientific.test_scientific_lifecycle_runtime_smoke" name="test_scientific_lifecycle_smoke_can_record_external_blocked_nodes" time="7.988" /><testcase classname="harness.tests.evaluators.scientific.test_scientific_lifecycle_runtime_smoke" name="test_scientific_lifecycle_smoke_strict_workflow_config_alignment_rejects_drift" time="7.987" /><testcase classname="harness.tests.evaluators.scientific.test_scientific_lifecycle_runtime_smoke" name="test_scientific_lifecycle_smoke_strict_online_mode_rejects_offline_fixture" time="0.560" /><testcase classname="harness.tests.evaluators.scientific.test_scientific_lifecycle_runtime_smoke" name="test_scientific_lifecycle_smoke_accepts_combined_full_external_evidence" time="11.112" /><testcase classname="harness.tests.evaluators.scientific.test_scientific_lifecycle_runtime_smoke" name="test_scientific_lifecycle_smoke_uses_experiment_runtime_evidence" time="7.996" /><testcase classname="harness.tests.evaluators.scientific.test_scientific_lifecycle_runtime_smoke" name="test_scientific_lifecycle_smoke_can_resume_external_blocked_nodes" time="12.868" /></testsuite></testsuites>