<?xml version="1.0" encoding="utf-8"?><testsuites name="pytest tests"><testsuite name="pytest" errors="0" failures="0" skipped="0" tests="17" time="0.096" timestamp="2026-07-10T10:06:36.406317-04:00" hostname="Jamess-MacBook-Pro.local"><testcase classname="harness.tests.graph.test_worker_assignment_reasons" name="test_queue_reason_distinguishes_capacity_from_no_matching_worker" time="0.009" /><testcase classname="harness.tests.graph.test_worker_assignment_reasons" name="test_skill_short_worker_is_assignable_but_capability_short_strands" time="0.002" /><testcase classname="harness.tests.graph.test_worker_assignment_reasons" name="test_busy_matching_worker_is_queued_instead_of_assigned" time="0.001" /><testcase classname="harness.tests.graph.test_worker_assignment_reasons" name="test_queue_reason_runtime_not_running_when_matching_worker_is_shell_residue" time="0.001" /><testcase classname="harness.tests.graph.test_worker_assignment_reasons" name="test_unavailable_matching_worker_is_not_assigned_even_when_not_busy" time="0.001" /><testcase classname="harness.tests.graph.test_worker_assignment_reasons" name="test_enriched_dag_capabilities_are_assignable" time="0.001" /><testcase classname="harness.tests.graph.test_worker_assignment_reasons" name="test_skill_labels_can_satisfy_required_capabilities" time="0.001" /><testcase classname="harness.tests.graph.test_worker_assignment_reasons" name="test_control_plane_aliases_can_bind_specialized_builder_nodes" time="0.001" /><testcase classname="harness.tests.graph.test_worker_assignment_reasons" name="test_product_analytics_nodes_bind_general_builder_workers" time="0.001" /><testcase classname="harness.tests.graph.test_worker_assignment_reasons" name="test_rag_reporting_nodes_bind_general_builder_workers" time="0.001" /><testcase classname="harness.tests.graph.test_worker_assignment_reasons" name="test_social_signal_nodes_bind_browser_collector_workers" time="0.001" /><testcase classname="harness.tests.graph.test_worker_assignment_reasons" name="test_sqlite_alias_nodes_bind_sqlite3_workers" time="0.001" /><testcase classname="harness.tests.graph.test_worker_assignment_reasons" name="test_observability_skill_nodes_bind_observability_builders" time="0.001" /><testcase classname="harness.tests.graph.test_worker_assignment_reasons" name="test_capability_match_accepts_any_alias_per_required_label" time="0.001" /><testcase classname="harness.tests.graph.test_worker_assignment_reasons" name="test_enqueue_ready_marks_no_matching_worker_nodes_as_worker_blocked" time="0.014" /><testcase classname="harness.tests.graph.test_worker_assignment_reasons" name="test_worker_blocked_nodes_are_retryable_after_capability_fix" time="0.014" /><testcase classname="harness.tests.graph.test_worker_assignment_reasons" name="test_worker_blocked_node_becomes_queued_when_matching_worker_is_pane_busy" time="0.014" /></testsuite></testsuites>