<?xml version="1.0" encoding="utf-8"?><testsuites name="pytest tests"><testsuite name="pytest" errors="0" failures="0" skipped="0" tests="4" time="0.030" timestamp="2026-07-10T10:07:20.919855-04:00" hostname="Jamess-MacBook-Pro.local"><testcase classname="harness.tests.test_observability_metrics.TestBrokerCoveragePct" name="test_partial_coverage" time="0.000" /><testcase classname="harness.tests.test_observability_metrics.TestPolicyDeniedRate" name="test_non_verdict_events_ignored" time="0.000" /><testcase classname="harness.tests.test_observability_metrics.TestSprintBlockedCount" name="test_counts_blocked_by_list" time="0.001" /><testcase classname="harness.tests.test_observability_metrics.TestSprintBlockedCount" name="test_corrupted_status_json_skipped" time="0.001" /></testsuite></testsuites>