<?xml version="1.0" encoding="utf-8"?><testsuites name="pytest tests"><testsuite name="pytest" errors="0" failures="0" skipped="0" tests="5" time="0.038" timestamp="2026-07-10T10:02:36.612729-04:00" hostname="Jamess-MacBook-Pro.local"><testcase classname="harness.lib.capabilities.gemini_deep_research.tests.test_core.TestSchemas" name="test_empty_question_rejected" time="0.001" /><testcase classname="harness.lib.capabilities.gemini_deep_research.tests.test_core.TestSchemas" name="test_oversized_question_rejected" time="0.000" /><testcase classname="harness.lib.capabilities.gemini_deep_research.tests.test_core.TestSchemas" name="test_valid_request_roundtrip" time="0.000" /><testcase classname="harness.lib.capabilities.gemini_deep_research.tests.test_core.TestPersistence" name="test_read_missing_run_empty" time="0.000" /><testcase classname="harness.lib.capabilities.gemini_deep_research.tests.test_core.TestControllerPaths" name="test_done_but_incomplete_marks_failed" time="0.001" /></testsuite></testsuites>