<?xml version="1.0" encoding="utf-8"?><testsuites name="pytest tests"><testsuite name="pytest" errors="0" failures="7" skipped="0" tests="13" time="2.130" timestamp="2026-07-10T10:02:34.120182-04:00" hostname="Jamess-MacBook-Pro.local"><testcase classname="tests.test_cli.OpenSolarCliTests" name="test_help_contains_install_commands_examples_and_warnings" time="0.000" /><testcase classname="tests.test_cli.OpenSolarCliTests" name="test_install_accepts_file_url_get_solar_override" time="0.033" /><testcase classname="tests.test_cli.OpenSolarCliTests" name="test_install_accepts_legacy_get_solar_override" time="0.032" /><testcase classname="tests.test_cli.OpenSolarCliTests" name="test_install_forwards_arguments_exactly_and_preserves_env" time="0.031" /><testcase classname="tests.test_cli.OpenSolarCliTests" name="test_installed_solar_commands_delegate_to_lifecycle" time="1.016"><failure message="AssertionError: 1 != 0">distribution/pipx/tests/test_cli.py:177: in test_installed_solar_commands_delegate_to_lifecycle
    self.assertEqual(cli.main(["update"]), 0)
E   AssertionError: 1 != 0</failure></testcase><testcase classname="tests.test_cli.OpenSolarCliTests" name="test_missing_installed_solar_has_clear_error_for_lifecycle_commands" time="0.986"><failure message="AssertionError: 0 == 0">distribution/pipx/tests/test_cli.py:200: in test_missing_installed_solar_has_clear_error_for_lifecycle_commands
    self.assertNotEqual(code, 0)
E   AssertionError: 0 == 0</failure><failure message="AssertionError: 0 == 0">distribution/pipx/tests/test_cli.py:200: in test_missing_installed_solar_has_clear_error_for_lifecycle_commands
    self.assertNotEqual(code, 0)
E   AssertionError: 0 == 0</failure><failure message="AssertionError: 0 == 0">distribution/pipx/tests/test_cli.py:200: in test_missing_installed_solar_has_clear_error_for_lifecycle_commands
    self.assertNotEqual(code, 0)
E   AssertionError: 0 == 0</failure><failure message="AssertionError: '/Users/jamesyuan/Developer/Github Repos (On Git)/BetterSolar/docs/testing/test-runs/20260710-0121-qa-full-audit/tmp/eligible-full-phase-v2/temp/eligible-0001/tmpyq0w5204/home/.solar/bin/solar' not found in ''">distribution/pipx/tests/test_cli.py:202: in test_missing_installed_solar_has_clear_error_for_lifecycle_commands
    self.assertIn(str(home / ".solar" / "bin" / "solar"), text)
E   AssertionError: '/Users/jamesyuan/Developer/Github Repos (On Git)/BetterSolar/docs/testing/test-runs/20260710-0121-qa-full-audit/tmp/eligible-full-phase-v2/temp/eligible-0001/tmpyq0w5204/home/.solar/bin/solar' not found in ''</failure><failure message="AssertionError: '/Users/jamesyuan/Developer/Github Repos (On Git)/BetterSolar/docs/testing/test-runs/20260710-0121-qa-full-audit/tmp/eligible-full-phase-v2/temp/eligible-0001/tmpajck82kl/home/.solar/bin/solar' not found in ''">distribution/pipx/tests/test_cli.py:202: in test_missing_installed_solar_has_clear_error_for_lifecycle_commands
    self.assertIn(str(home / ".solar" / "bin" / "solar"), text)
E   AssertionError: '/Users/jamesyuan/Developer/Github Repos (On Git)/BetterSolar/docs/testing/test-runs/20260710-0121-qa-full-audit/tmp/eligible-full-phase-v2/temp/eligible-0001/tmpajck82kl/home/.solar/bin/solar' not found in ''</failure><failure message="AssertionError: '/Users/jamesyuan/Developer/Github Repos (On Git)/BetterSolar/docs/testing/test-runs/20260710-0121-qa-full-audit/tmp/eligible-full-phase-v2/temp/eligible-0001/tmpkaqi_9pd/home/.solar/bin/solar' not found in ''">distribution/pipx/tests/test_cli.py:202: in test_missing_installed_solar_has_clear_error_for_lifecycle_commands
    self.assertIn(str(home / ".solar" / "bin" / "solar"), text)
E   AssertionError: '/Users/jamesyuan/Developer/Github Repos (On Git)/BetterSolar/docs/testing/test-runs/20260710-0121-qa-full-audit/tmp/eligible-full-phase-v2/temp/eligible-0001/tmpkaqi_9pd/home/.solar/bin/solar' not found in ''</failure></testcase><testcase classname="tests.test_cli.OpenSolarCliTests" name="test_source_not_found_is_nonzero" time="0.001" /></testsuite></testsuites>