<?xml version="1.0" encoding="utf-8"?><testsuites name="pytest tests"><testsuite name="pytest" errors="0" failures="0" skipped="0" tests="3" time="0.052" timestamp="2026-07-10T10:07:24.780446-04:00" hostname="Jamess-MacBook-Pro.local"><testcase classname="harness.tests.test_s04_activation_graph_route" name="test_activation_decision_routes_ready_child_graph_to_builder" time="0.005" /><testcase classname="harness.tests.test_s04_activation_graph_route" name="test_activation_decision_blocks_when_parent_dependency_is_not_passed" time="0.001" /><testcase classname="harness.tests.test_s04_activation_graph_route" name="test_autopilot_does_not_dispatch_when_dependency_blocked" time="0.020" /></testsuite></testsuites>