<?xml version="1.0" encoding="utf-8"?><testsuites name="pytest tests"><testsuite name="pytest" errors="0" failures="0" skipped="0" tests="2" time="0.074" timestamp="2026-07-10T10:06:50.276404-04:00" hostname="Jamess-MacBook-Pro.local"><testcase classname="harness.tests.research_integration.test_cli_full.TestHelpListing" name="test_help_output_contains_all" time="0.007" /><testcase classname="harness.tests.research_integration.test_cli_full.TestS03Subcommands" name="test_init_rejects_existing" time="0.024" /></testsuite></testsuites>