<?xml version="1.0" encoding="utf-8"?><testsuites name="pytest tests"><testsuite name="pytest" errors="0" failures="0" skipped="0" tests="2" time="0.103" timestamp="2026-07-10T10:06:47.155775-04:00" hostname="Jamess-MacBook-Pro.local"><testcase classname="harness.tests.livework.test_e2e_user_flow.TestO1NoActiveWork" name="test_idle_state_shows_no_active_work" time="0.007" /><testcase classname="harness.tests.livework.test_e2e_user_flow.TestO3SubmitRequirement" name="test_rejects_vague_requirement" time="0.001" /></testsuite></testsuites>