<?xml version="1.0" encoding="utf-8"?><testsuites name="pytest tests"><testsuite name="pytest" errors="0" failures="0" skipped="0" tests="7" time="0.156" timestamp="2026-07-10T10:07:19.266102-04:00" hostname="Jamess-MacBook-Pro.local"><testcase classname="harness.tests.test_init_pane_hygiene.TestInitFromPaneIds" name="test_init_five_panes" time="0.019" /><testcase classname="harness.tests.test_init_pane_hygiene.TestInitFromPaneIds" name="test_all_panes_clean_after_init" time="0.018" /><testcase classname="harness.tests.test_init_pane_hygiene.TestInitFromPaneIds" name="test_roles_assigned" time="0.015" /><testcase classname="harness.tests.test_init_pane_hygiene.TestInitFromPaneIds" name="test_models_assigned" time="0.016" /><testcase classname="harness.tests.test_init_pane_hygiene.TestInitWithMockTmux" name="test_discover_from_mock_tmux" time="0.017" /><testcase classname="harness.tests.test_init_pane_hygiene.TestInitWithMockTmux" name="test_empty_tmux_returns_zero" time="0.013" /><testcase classname="harness.tests.test_init_pane_hygiene.TestIdempotent" name="test_reinit_skips_existing" time="0.025" /></testsuite></testsuites>