<?xml version="1.0" encoding="utf-8"?><testsuites name="pytest tests"><testsuite name="pytest" errors="0" failures="0" skipped="0" tests="24" time="0.034" timestamp="2026-07-10T10:06:49.896201-04:00" hostname="Jamess-MacBook-Pro.local"><testcase classname="harness.tests.research.unit.test_schemas.TestSchemaConstants" name="test_connector_types_is_frozenset" time="0.000" /><testcase classname="harness.tests.research.unit.test_schemas.TestSchemaConstants" name="test_evidence_types_covers_spec" time="0.000" /><testcase classname="harness.tests.research.unit.test_schemas.TestSchemaConstants" name="test_report_statuses_covers_full_lifecycle" time="0.000" /><testcase classname="harness.tests.research.unit.test_schemas.TestSourceConnector" name="test_rejects_unknown_connector_type" time="0.000" /><testcase classname="harness.tests.research.unit.test_schemas.TestSourceConnector" name="test_rejects_zero_depth_tier" time="0.000" /><testcase classname="harness.tests.research.unit.test_schemas.TestSourceConnector" name="test_rejects_empty_capabilities" time="0.000" /><testcase classname="harness.tests.research.unit.test_schemas.TestSourceConnector" name="test_rejects_unknown_capabilities" time="0.000" /><testcase classname="harness.tests.research.unit.test_schemas.TestSourceConnector" name="test_auth_config_valid_type" time="0.000" /><testcase classname="harness.tests.research.unit.test_schemas.TestSourceConnector" name="test_auth_config_invalid_type" time="0.000" /><testcase classname="harness.tests.research.unit.test_schemas.TestSourceHit" name="test_rejects_empty_query" time="0.000" /><testcase classname="harness.tests.research.unit.test_schemas.TestSourceHit" name="test_rejects_oversized_query" time="0.000" /><testcase classname="harness.tests.research.unit.test_schemas.TestSourceHit" name="test_failed_requires_error" time="0.000" /><testcase classname="harness.tests.research.unit.test_schemas.TestSourceDocument" name="test_rejects_empty_text" time="0.000" /><testcase classname="harness.tests.research.unit.test_schemas.TestEvidenceItem" name="test_rejects_empty_source_id" time="0.000" /><testcase classname="harness.tests.research.unit.test_schemas.TestEvidenceItem" name="test_rejects_unknown_source_type" time="0.000" /><testcase classname="harness.tests.research.unit.test_schemas.TestEvidenceItem" name="test_rejects_empty_span_text" time="0.000" /><testcase classname="harness.tests.research.unit.test_schemas.TestEvidenceItem" name="test_rejects_unknown_evidence_type" time="0.000" /><testcase classname="harness.tests.research.unit.test_schemas.TestClaim" name="test_valid_claim" time="0.000" /><testcase classname="harness.tests.research.unit.test_schemas.TestClaim" name="test_rejects_empty_text" time="0.000" /><testcase classname="harness.tests.research.unit.test_schemas.TestClaim" name="test_rejects_unknown_claim_type" time="0.000" /><testcase classname="harness.tests.research.unit.test_schemas.TestClaim" name="test_confidence_bounds" time="0.000" /><testcase classname="harness.tests.research.unit.test_schemas.TestClaim" name="test_rejects_confidence_out_of_range" time="0.000" /><testcase classname="harness.tests.research.unit.test_schemas.TestClaimEvidenceLink" name="test_rejects_unknown_link_type" time="0.000" /><testcase classname="harness.tests.research.unit.test_schemas.TestCitationSpan" name="test_rejects_empty_span_text" time="0.000" /></testsuite></testsuites>