<?xml version="1.0" encoding="utf-8"?><testsuites name="pytest tests"><testsuite name="pytest" errors="0" failures="0" skipped="0" tests="16" time="0.030" timestamp="2026-07-10T10:02:37.106708-04:00" hostname="Jamess-MacBook-Pro.local"><testcase classname="harness.lib.social_browser_backend_x.test_cli_status.TestCliArgs" name="test_parse_args_each_backend" time="0.003" /><testcase classname="harness.lib.social_browser_backend_x.test_cli_status.TestCliArgs" name="test_parse_args_json_only_flag" time="0.000" /><testcase classname="harness.lib.social_browser_backend_x.test_cli_status.TestCliArgs" name="test_parse_args_minimum" time="0.000" /><testcase classname="harness.lib.social_browser_backend_x.test_cli_status.TestCliArgs" name="test_parse_args_with_limit" time="0.000" /><testcase classname="harness.lib.social_browser_backend_x.test_cli_status.TestCliExitCodes" name="test_exit_three_on_unknown_backend" time="0.000" /><testcase classname="harness.lib.social_browser_backend_x.test_cli_status.TestCliExitCodes" name="test_exit_zero_on_success" time="0.000" /><testcase classname="harness.lib.social_browser_backend_x.test_cli_status.TestCliExitCodes" name="test_invalid_exit_code_from_callback_maps_to_config_error" time="0.000" /><testcase classname="harness.lib.social_browser_backend_x.test_cli_status.TestStatusSurface" name="test_browser_ready_zero_when_not_ready" time="0.000" /><testcase classname="harness.lib.social_browser_backend_x.test_cli_status.TestStatusSurface" name="test_invalid_scan_state_raises" time="0.000" /><testcase classname="harness.lib.social_browser_backend_x.test_cli_status.TestStatusSurface" name="test_render_includes_by_backend_count_map" time="0.000" /><testcase classname="harness.lib.social_browser_backend_x.test_cli_status.TestStatusSurface" name="test_valid_scan_states_inventory" time="0.000" /></testsuite></testsuites>