<?xml version="1.0" encoding="utf-8"?><testsuites name="pytest tests"><testsuite name="pytest" errors="0" failures="3" skipped="0" tests="4" time="0.052" timestamp="2026-07-10T10:07:19.737984-04:00" hostname="Jamess-MacBook-Pro.local"><testcase classname="harness.tests.test_knowledge_semantic_extract_health" name="test_thunderomlx_health_resolves_legacy_mini_alias_to_loaded_qwen" time="0.008"><failure message="AssertionError: assert False is True&#10; +  where False = &lt;function thunderomlx_healthy at 0x10bc03270&gt;(Namespace(endpoint='http://127.0.0.1:8002', proxy_model='mini-thunderomlx-qwen36-knowledge', local_model='Qwen3.6-35b-a3b'))&#10; +    where &lt;function thunderomlx_healthy at 0x10bc03270&gt; = &lt;module 'knowledge_semantic_extract' from '/Users/jamesyuan/Developer/Github Repos (On Git)/BetterSolar/docs/testing/test-runs/20260710-0121-qa-full-audit/tmp/checkout/harness/lib/knowledge-semantic-extract.py'&gt;.thunderomlx_healthy">harness/tests/test_knowledge_semantic_extract_health.py:52: in test_thunderomlx_health_resolves_legacy_mini_alias_to_loaded_qwen
    assert mod.thunderomlx_healthy(args) is True
E   AssertionError: assert False is True
E    +  where False = &lt;function thunderomlx_healthy at 0x10bc03270&gt;(Namespace(endpoint='http://127.0.0.1:8002', proxy_model='mini-thunderomlx-qwen36-knowledge', local_model='Qwen3.6-35b-a3b'))
E    +    where &lt;function thunderomlx_healthy at 0x10bc03270&gt; = &lt;module 'knowledge_semantic_extract' from '/Users/jamesyuan/Developer/Github Repos (On Git)/BetterSolar/docs/testing/test-runs/20260710-0121-qa-full-audit/tmp/checkout/harness/lib/knowledge-semantic-extract.py'&gt;.thunderomlx_healthy</failure></testcase><testcase classname="harness.tests.test_knowledge_semantic_extract_health" name="test_thunderomlx_health_rejects_unknown_alias_without_qwen" time="0.001" /><testcase classname="harness.tests.test_knowledge_semantic_extract_health" name="test_registry_query_indexes_created" time="0.001"><failure message="AttributeError: module 'knowledge_semantic_extract' has no attribute 'ensure_registry_query_indexes'">harness/tests/test_knowledge_semantic_extract_health.py:88: in test_registry_query_indexes_created
    mod.ensure_registry_query_indexes(conn)
    ^^^^^^^^^^^^^^^^^^^^^^^^^^^^^^^^^
E   AttributeError: module 'knowledge_semantic_extract' has no attribute 'ensure_registry_query_indexes'</failure></testcase><testcase classname="harness.tests.test_knowledge_semantic_extract_health" name="test_registry_doc_id_prefers_duplicate_path_with_completed_extract" time="0.001"><failure message="AssertionError: assert 'raw:duplicate' == 'raw_chatgpt:canonical'&#10;  &#10;  - raw_chatgpt:canonical&#10;  + raw:duplicate">harness/tests/test_knowledge_semantic_extract_health.py:123: in test_registry_doc_id_prefers_duplicate_path_with_completed_extract
    assert mod.registry_doc_id(conn, source, "sha", Path("/tmp")) == "raw_chatgpt:canonical"
E   AssertionError: assert 'raw:duplicate' == 'raw_chatgpt:canonical'
E     
E     - raw_chatgpt:canonical
E     + raw:duplicate</failure></testcase></testsuite></testsuites>