<?xml version="1.0" encoding="utf-8"?><testsuites name="pytest tests"><testsuite name="pytest" errors="0" failures="0" skipped="0" tests="40" time="0.108" timestamp="2026-07-10T10:07:23.442700-04:00" hostname="Jamess-MacBook-Pro.local"><testcase classname="harness.tests.test_pane_hygiene_registry.TestFSMStructure" name="test_six_states" time="0.000" /><testcase classname="harness.tests.test_pane_hygiene_registry.TestFSMStructure" name="test_eleven_legal_transitions" time="0.000" /><testcase classname="harness.tests.test_pane_hygiene_registry.TestFSMStructure" name="test_four_forbidden_transitions" time="0.000" /><testcase classname="harness.tests.test_pane_hygiene_registry.TestLegalTransitions" name="test_legal_transition_succeeds[clean-running]" time="0.003" /><testcase classname="harness.tests.test_pane_hygiene_registry.TestLegalTransitions" name="test_legal_transition_succeeds[running-dirty]" time="0.002" /><testcase classname="harness.tests.test_pane_hygiene_registry.TestLegalTransitions" name="test_legal_transition_succeeds[running-needs_recover]" time="0.003" /><testcase classname="harness.tests.test_pane_hygiene_registry.TestLegalTransitions" name="test_legal_transition_succeeds[dirty-clean]" time="0.002" /><testcase classname="harness.tests.test_pane_hygiene_registry.TestLegalTransitions" name="test_legal_transition_succeeds[dirty-cooling]" time="0.003" /><testcase classname="harness.tests.test_pane_hygiene_registry.TestLegalTransitions" name="test_legal_transition_succeeds[dirty-needs_recover]" time="0.002" /><testcase classname="harness.tests.test_pane_hygiene_registry.TestLegalTransitions" name="test_legal_transition_succeeds[cooling-needs_recover]" time="0.003" /><testcase classname="harness.tests.test_pane_hygiene_registry.TestLegalTransitions" name="test_legal_transition_succeeds[cooling-dirty]" time="0.002" /><testcase classname="harness.tests.test_pane_hygiene_registry.TestLegalTransitions" name="test_legal_transition_succeeds[needs_recover-running]" time="0.002" /><testcase classname="harness.tests.test_pane_hygiene_registry.TestLegalTransitions" name="test_legal_transition_succeeds[needs_recover-needs_respawn]" time="0.002" /><testcase classname="harness.tests.test_pane_hygiene_registry.TestLegalTransitions" name="test_legal_transition_succeeds[needs_respawn-running]" time="0.002" /><testcase classname="harness.tests.test_pane_hygiene_registry.TestLegalTransitions" name="test_clean_to_running_via_dispatch" time="0.002" /><testcase classname="harness.tests.test_pane_hygiene_registry.TestForbiddenTransitions" name="test_forbidden_raises[clean-dirty]" time="0.002" /><testcase classname="harness.tests.test_pane_hygiene_registry.TestForbiddenTransitions" name="test_forbidden_raises[running-clean]" time="0.002" /><testcase classname="harness.tests.test_pane_hygiene_registry.TestForbiddenTransitions" name="test_forbidden_raises[cooling-running]" time="0.002" /><testcase classname="harness.tests.test_pane_hygiene_registry.TestForbiddenTransitions" name="test_forbidden_raises[needs_respawn-clean]" time="0.002" /><testcase classname="harness.tests.test_pane_hygiene_registry.TestForbiddenTransitions" name="test_cooling_to_running_forbidden" time="0.002" /><testcase classname="harness.tests.test_pane_hygiene_registry.TestForbiddenTransitions" name="test_self_transition_forbidden" time="0.002" /><testcase classname="harness.tests.test_pane_hygiene_registry.TestRegisterUnregister" name="test_register_creates_entry" time="0.001" /><testcase classname="harness.tests.test_pane_hygiene_registry.TestRegisterUnregister" name="test_register_duplicate_raises" time="0.002" /><testcase classname="harness.tests.test_pane_hygiene_registry.TestRegisterUnregister" name="test_unregister_removes" time="0.002" /><testcase classname="harness.tests.test_pane_hygiene_registry.TestRegisterUnregister" name="test_unregister_missing_raises" time="0.002" /><testcase classname="harness.tests.test_pane_hygiene_registry.TestRegisterUnregister" name="test_get_missing_raises" time="0.002" /><testcase classname="harness.tests.test_pane_hygiene_registry.TestQuery" name="test_query_clean_returns_all_clean" time="0.002" /><testcase classname="harness.tests.test_pane_hygiene_registry.TestQuery" name="test_query_clean_filters_role" time="0.002" /><testcase classname="harness.tests.test_pane_hygiene_registry.TestQuery" name="test_query_clean_excludes" time="0.002" /><testcase classname="harness.tests.test_pane_hygiene_registry.TestQuery" name="test_query_clean_skips_non_clean" time="0.002" /><testcase classname="harness.tests.test_pane_hygiene_registry.TestQuery" name="test_list_all_panes" time="0.002" /><testcase classname="harness.tests.test_pane_hygiene_registry.TestFailCounter" name="test_increment_fail" time="0.003" /><testcase classname="harness.tests.test_pane_hygiene_registry.TestFailCounter" name="test_reset_fail" time="0.003" /><testcase classname="harness.tests.test_pane_hygiene_registry.TestContextFields" name="test_update_context_hash" time="0.002" /><testcase classname="harness.tests.test_pane_hygiene_registry.TestContextFields" name="test_update_persona" time="0.002" /><testcase classname="harness.tests.test_pane_hygiene_registry.TestAtomicWrite" name="test_file_written_after_transition" time="0.002" /><testcase classname="harness.tests.test_pane_hygiene_registry.TestAtomicWrite" name="test_file_valid_json_after_concurrent_writes" time="0.005" /><testcase classname="harness.tests.test_pane_hygiene_registry.TestAtomicWrite" name="test_load_from_existing_file" time="0.001" /><testcase classname="harness.tests.test_pane_hygiene_registry.TestSeedFixture" name="test_seed_loads_into_registry" time="0.001" /><testcase classname="harness.tests.test_pane_hygiene_registry.TestSeedFixture" name="test_seed_all_clean" time="0.000" /></testsuite></testsuites>