<?xml version="1.0" encoding="utf-8"?><testsuites name="pytest tests"><testsuite name="pytest" errors="0" failures="1" skipped="0" tests="15" time="1.067" timestamp="2026-07-10T10:05:11.486248-04:00" hostname="Jamess-MacBook-Pro.local"><testcase classname="harness.plugins.autosci.tests.test_phase19_parity_bridge" name="test_resolve_output_keeps_repo_relative_harness_paths" time="0.000" /><testcase classname="harness.plugins.autosci.tests.test_phase19_parity_bridge" name="test_wiki_mutation_requirement_honors_explicit_no_wiki_mutation_text" time="0.000" /><testcase classname="harness.plugins.autosci.tests.test_phase19_parity_bridge" name="test_inventory_routes_every_native_autosci_skill" time="0.118"><failure message="AssertionError: {&#10;    &quot;evidence_status&quot;: &quot;completed&quot;,&#10;    &quot;ok&quot;: false,&#10;    &quot;path&quot;: &quot;/Users/jamesyuan/Developer/Github Repos (On Git)/BetterSolar/docs/testing/test-runs/20260710-0121-qa-full-audit/tmp/eligible-full-phase-v2/temp/eligible-0015/pytest/test_inventory_routes_every_na0/artifacts/autosci/phase19/parity.json&quot;,&#10;    &quot;reasons&quot;: [&#10;      &quot;items[25] has missing primary tool/config references&quot;,&#10;      &quot;items[25].missing_primary_tools must be empty: .env.example&quot;&#10;    ],&#10;    &quot;schema&quot;: &quot;autosci_feature_parity.v1&quot;,&#10;    &quot;status&quot;: &quot;failed&quot;,&#10;    &quot;warnings&quot;: [&#10;      &quot;parity inventory includes non-full routes; downstream execution must respect limitations&quot;,&#10;      &quot;semantic parity includes non-full routes; proof levels and remaining requirements are authoritative&quot;&#10;    ]&#10;  }&#10;  &#10;assert 2 == 0&#10; +  where 2 = CompletedProcess(args=['/Users/jamesyuan/Developer/Github Repos (On Git)/BetterSolar/docs/testing/test-runs/20260710-0...ntic parity includes non-full routes; proof levels and remaining requirements are authoritative&quot;\n  ]\n}\n', stderr='').returncode">harness/plugins/autosci/tests/test_phase19_parity_bridge.py:118: in test_inventory_routes_every_native_autosci_skill
    assert gate.returncode == 0, gate.stdout + gate.stderr
E   AssertionError: {
E       "evidence_status": "completed",
E       "ok": false,
E       "path": "/Users/jamesyuan/Developer/Github Repos (On Git)/BetterSolar/docs/testing/test-runs/20260710-0121-qa-full-audit/tmp/eligible-full-phase-v2/temp/eligible-0015/pytest/test_inventory_routes_every_na0/artifacts/autosci/phase19/parity.json",
E       "reasons": [
E         "items[25] has missing primary tool/config references",
E         "items[25].missing_primary_tools must be empty: .env.example"
E       ],
E       "schema": "autosci_feature_parity.v1",
E       "status": "failed",
E       "warnings": [
E         "parity inventory includes non-full routes; downstream execution must respect limitations",
E         "semantic parity includes non-full routes; proof levels and remaining requirements are authoritative"
E       ]
E     }
E     
E   assert 2 == 0
E    +  where 2 = CompletedProcess(args=['/Users/jamesyuan/Developer/Github Repos (On Git)/BetterSolar/docs/testing/test-runs/20260710-0...ntic parity includes non-full routes; proof levels and remaining requirements are authoritative"\n  ]\n}\n', stderr='').returncode</failure></testcase><testcase classname="harness.plugins.autosci.tests.test_phase19_parity_bridge" name="test_route_writes_single_skill_parity_evidence" time="0.047" /><testcase classname="harness.plugins.autosci.tests.test_phase19_parity_bridge" name="test_route_declares_optional_external_model_proof_for_pure_route" time="0.131" /><testcase classname="harness.plugins.autosci.tests.test_phase19_parity_bridge" name="test_inventory_marks_semantic_equivalence_requirement_supplied_without_auto_promotion" time="0.048" /><testcase classname="harness.plugins.autosci.tests.test_phase19_parity_bridge" name="test_inventory_promotes_verified_full_semantic_audit" time="0.119" /><testcase classname="harness.plugins.autosci.tests.test_phase19_parity_bridge" name="test_daily_arxiv_delivery_finality_does_not_require_optional_wiki_mutation" time="0.112" /><testcase classname="harness.plugins.autosci.tests.test_phase19_parity_bridge" name="test_route_accepts_direct_semantic_audit_path" time="0.047" /><testcase classname="harness.plugins.autosci.tests.test_phase19_parity_bridge" name="test_inventory_discovers_semantic_audit_dir_without_promoting_partial_audits" time="0.052" /><testcase classname="harness.plugins.autosci.tests.test_phase19_parity_bridge" name="test_route_promotes_coverage_when_all_full_parity_proofs_are_verified" time="0.116" /><testcase classname="harness.plugins.autosci.tests.test_phase19_parity_bridge" name="test_direct_semantic_audit_resolves_configured_native_and_evidence_roots" time="0.048" /><testcase classname="harness.plugins.autosci.tests.test_phase19_parity_bridge" name="test_research_route_promotes_to_e4_when_lifecycle_proofs_are_verified" time="0.110" /><testcase classname="harness.plugins.autosci.tests.test_phase19_parity_bridge" name="test_overclaimed_smoke_routes_are_marked_partial" time="0.000" /><testcase classname="harness.plugins.autosci.tests.test_phase19_parity_bridge" name="test_inventory_fails_when_autosci_adds_unmapped_native_skill" time="0.046" /></testsuite></testsuites>