<?xml version="1.0" encoding="utf-8"?><testsuites name="pytest tests"><testsuite name="pytest" errors="0" failures="0" skipped="0" tests="3" time="0.028" timestamp="2026-07-10T10:05:15.821826-04:00" hostname="Jamess-MacBook-Pro.local"><testcase classname="harness.tests.evaluators.scientific.test_common_schema_fallback" name="test_import_jsonschema_preserves_module_not_found_when_dependency_is_unavailable" time="0.000" /><testcase classname="harness.tests.evaluators.scientific.test_common_schema_fallback" name="test_validate_schema_uses_limited_fallback_when_jsonschema_is_missing" time="0.000" /><testcase classname="harness.tests.evaluators.scientific.test_common_schema_fallback" name="test_validate_schema_fallback_still_rejects_missing_required_fields" time="0.000" /></testsuite></testsuites>