<?xml version="1.0" encoding="utf-8"?><testsuites name="pytest tests"><testsuite name="pytest" errors="0" failures="0" skipped="0" tests="7" time="0.039" timestamp="2026-07-10T10:07:15.627463-04:00" hostname="Jamess-MacBook-Pro.local"><testcase classname="harness.tests.test_compile_eval.TestASITrace" name="test_init_creates_table" time="0.004" /><testcase classname="harness.tests.test_compile_eval.TestASITrace" name="test_query_by_task_type" time="0.003" /><testcase classname="harness.tests.test_compile_eval.TestHardValidators" name="test_hv1_ir_schema_missing_fields" time="0.002" /><testcase classname="harness.tests.test_compile_eval.TestLoader" name="test_load_from_json_missing_returns_none" time="0.002" /><testcase classname="harness.tests.test_compile_eval.TestGoldenCases" name="test_load_golden_cases_with_empty_dir" time="0.001" /><testcase classname="harness.tests.test_compile_eval.TestGoldenCases" name="test_load_golden_cases_with_nonexistent_dir" time="0.000" /><testcase classname="harness.tests.test_compile_eval.TestGoldenCases" name="test_load_respects_limit" time="0.001" /></testsuite></testsuites>