<?xml version="1.0" encoding="utf-8"?><testsuites name="pytest tests"><testsuite name="pytest" errors="0" failures="0" skipped="0" tests="3" time="0.032" timestamp="2026-07-10T10:06:53.913488-04:00" hostname="Jamess-MacBook-Pro.local"><testcase classname="harness.tests.research_unit.test_evidence_ledger.TestWriteReadEvidence" name="test_write_preserves_content_hash_integrity" time="0.001" /><testcase classname="harness.tests.research_unit.test_evidence_ledger.TestUnsupportedClaims" name="test_unsupported_claim_rejected" time="0.001" /><testcase classname="harness.tests.research_unit.test_evidence_ledger.TestUnsupportedClaims" name="test_supported_claim_passes" time="0.001" /></testsuite></testsuites>