<?xml version="1.0" encoding="utf-8"?><testsuites name="pytest tests"><testsuite name="pytest" errors="0" failures="0" skipped="0" tests="6" time="0.043" timestamp="2026-07-10T10:06:49.517608-04:00" hostname="Jamess-MacBook-Pro.local"><testcase classname="harness.tests.research.survey.test_schemas" name="test_source_quality_distribution_roundtrip_with_nested_alert" time="0.000" /><testcase classname="harness.tests.research.survey.test_schemas" name="test_argument_density_profile_roundtrip_with_nested_indicators" time="0.000" /><testcase classname="harness.tests.research.survey.test_schemas" name="test_elimination_record_minimal_optional_fields" time="0.000" /><testcase classname="harness.tests.research.survey.test_schemas" name="test_exploration_direction_with_elimination_record_nested" time="0.000" /><testcase classname="harness.tests.research.survey.test_schemas" name="test_exploration_direction_with_source_matrix_nested" time="0.000" /><testcase classname="harness.tests.research.survey.test_schemas" name="test_new_dataclasses_carry_schema_version_field" time="0.000" /></testsuite></testsuites>