<?xml version="1.0" encoding="utf-8"?><testsuites name="pytest tests"><testsuite name="pytest" errors="0" failures="0" skipped="0" tests="5" time="0.040" timestamp="2026-07-10T10:06:54.547646-04:00" hostname="Jamess-MacBook-Pro.local"><testcase classname="harness.tests.research_unit.test_search_providers" name="test_serper_usage_meter_blocks_over_limit" time="0.002" /><testcase classname="harness.tests.research_unit.test_search_providers" name="test_serper_shared_usage_read_failure_does_not_block_local_snapshot" time="0.001" /><testcase classname="harness.tests.research_unit.test_search_providers" name="test_auto_search_uses_cse_element_after_json_failure" time="0.000" /><testcase classname="harness.tests.research_unit.test_search_providers" name="test_auto_search_uses_cse_oauth_after_json_failure" time="0.000" /><testcase classname="harness.tests.research_unit.test_search_providers" name="test_deepresearch_doctor_does_not_block_on_optional_google_when_serper_works" time="0.000" /></testsuite></testsuites>