<?xml version="1.0" encoding="utf-8"?><testsuites name="pytest tests"><testsuite name="pytest" errors="0" failures="0" skipped="0" tests="2" time="0.037" timestamp="2026-07-10T10:05:13.724450-04:00" hostname="Jamess-MacBook-Pro.local"><testcase classname="harness.tests.benchmark.test_benchmark_registry" name="test_seeded_discovery_terminal_bench_present" time="0.005" /><testcase classname="harness.tests.benchmark.test_benchmark_registry" name="test_list_adapters_returns_sorted_unique" time="0.000" /></testsuite></testsuites>