<?xml version="1.0" encoding="utf-8"?><testsuites name="pytest tests"><testsuite name="pytest" errors="0" failures="0" skipped="0" tests="10" time="0.229" timestamp="2026-07-10T10:07:26.854138-04:00" hostname="Jamess-MacBook-Pro.local"><testcase classname="harness.tests.test_social_account_registry" name="test_normalize_handle_www_prefix" time="0.000" /><testcase classname="harness.tests.test_social_account_registry" name="test_compute_snapshot_deltas_delta_never_negative" time="0.001" /><testcase classname="harness.tests.test_social_account_registry" name="test_social_link_type_model_card" time="0.189" /><testcase classname="harness.tests.test_social_account_registry" name="test_registry_upsert_updates_existing" time="0.001" /><testcase classname="harness.tests.test_social_account_registry" name="test_registry_get_returns_none_for_missing" time="0.000" /><testcase classname="harness.tests.test_social_account_registry" name="test_registry_list_enabled" time="0.001" /><testcase classname="harness.tests.test_social_account_registry" name="test_registry_list_enabled_filter_tier" time="0.000" /><testcase classname="harness.tests.test_social_account_registry" name="test_registry_list_enabled_filter_category" time="0.001" /><testcase classname="harness.tests.test_social_account_registry" name="test_registry_import_manual_string_handles" time="0.001" /><testcase classname="harness.tests.test_social_account_registry" name="test_registry_import_manual_dict_entries" time="0.000" /></testsuite></testsuites>