<?xml version="1.0" encoding="utf-8"?><testsuites name="pytest tests"><testsuite name="pytest" errors="0" failures="1" skipped="0" tests="8" time="0.145" timestamp="2026-07-10T10:06:52.722942-04:00" hostname="Jamess-MacBook-Pro.local"><testcase classname="harness.tests.research_survey.test_section_compiler" name="test_run_ready_sections_batches_without_manual_continue" time="0.017" /><testcase classname="harness.tests.research_survey.test_section_compiler" name="test_human_packet_backend_waits_for_response" time="0.010" /><testcase classname="harness.tests.research_survey.test_section_compiler" name="test_human_packet_backend_consumes_response" time="0.012" /><testcase classname="harness.tests.research_survey.test_section_compiler" name="test_human_packet_fallback_keeps_automation_running" time="0.012" /><testcase classname="harness.tests.research_survey.test_section_compiler" name="test_local_command_backend_records_real_usage_json" time="0.018"><failure message="assert False is True">harness/tests/research_survey/test_section_compiler.py:277: in test_local_command_backend_records_real_usage_json
    assert result["ok"] is True
E   assert False is True</failure></testcase><testcase classname="harness.tests.research_survey.test_section_compiler" name="test_pane_packet_send_rejects_product_delivery_main_pane" time="0.000" /><testcase classname="harness.tests.research_survey.test_section_compiler" name="test_pane_packet_fallback_keeps_automation_running" time="0.014" /><testcase classname="harness.tests.research_survey.test_section_compiler" name="test_watch_pane_responses_finalizes_existing_response" time="0.013" /></testsuite></testsuites>