<?xml version="1.0" encoding="utf-8"?><testsuites name="pytest tests"><testsuite name="pytest" errors="0" failures="0" skipped="0" tests="11" time="0.051" timestamp="2026-07-10T10:07:25.987029-04:00" hostname="Jamess-MacBook-Pro.local"><testcase classname="harness.tests.test_schemas.TestActionContractFields" name="test_required_fields_count" time="0.001" /><testcase classname="harness.tests.test_schemas.TestActionContractFields" name="test_optional_fields_exist" time="0.000" /><testcase classname="harness.tests.test_schemas.TestActionContractFields" name="test_valid_fixture_passes" time="0.001" /><testcase classname="harness.tests.test_schemas.TestEventFields" name="test_required_fields_count" time="0.000" /><testcase classname="harness.tests.test_schemas.TestEventFields" name="test_legacy_fixture_passes" time="0.000" /><testcase classname="harness.tests.test_schemas.TestBrokerEventFields" name="test_required_fields_count" time="0.000" /><testcase classname="harness.tests.test_schemas.TestBrokerEventFields" name="test_optional_fields_count" time="0.000" /><testcase classname="harness.tests.test_schemas.TestBrokerEventFields" name="test_valid_fixture_passes" time="0.001" /><testcase classname="harness.tests.test_schemas.TestBrokerCoverageFields" name="test_required_fields_count" time="0.000" /><testcase classname="harness.tests.test_schemas.TestPlanIRFields" name="test_required_fields" time="0.000" /><testcase classname="harness.tests.test_schemas.TestPlanIRFields" name="test_valid_fixture_passes" time="0.001" /></testsuite></testsuites>