<?xml version="1.0" encoding="utf-8"?><testsuites name="pytest tests"><testsuite name="pytest" errors="0" failures="2" skipped="0" tests="3" time="0.071" timestamp="2026-07-10T10:06:47.448869-04:00" hostname="Jamess-MacBook-Pro.local"><testcase classname="harness.tests.livework.test_heartbeat_hook.TestHookFailOpen" name="test_hook_exits_0_when_runner_missing" time="0.008" /><testcase classname="harness.tests.livework.test_heartbeat_hook.TestHookFailOpen" name="test_hook_exits_0_when_runner_fails" time="0.008"><failure message="assert 2 == 0&#10; +  where 2 = CompletedProcess(args=['bash', '/Users/jamesyuan/Developer/Github Repos (On Git)/BetterSolar/docs/testing/test-runs/20...igible-full-phase-v2/temp/eligible-0061/pytest/test_hook_exits_0_when_runner_1/bad_runner.py 2&gt;/dev/null || exit 0'\n&quot;).returncode">harness/tests/livework/test_heartbeat_hook.py:55: in test_hook_exits_0_when_runner_fails
    assert result.returncode == 0
E   assert 2 == 0
E    +  where 2 = CompletedProcess(args=['bash', '/Users/jamesyuan/Developer/Github Repos (On Git)/BetterSolar/docs/testing/test-runs/20...igible-full-phase-v2/temp/eligible-0061/pytest/test_hook_exits_0_when_runner_1/bad_runner.py 2&gt;/dev/null || exit 0'\n").returncode</failure></testcase><testcase classname="harness.tests.livework.test_heartbeat_hook.TestHookFailOpen" name="test_hook_exits_0_when_python_crashes" time="0.008"><failure message="assert 2 == 0&#10; +  where 2 = CompletedProcess(args=['bash', '/Users/jamesyuan/Developer/Github Repos (On Git)/BetterSolar/docs/testing/test-runs/20...mp/eligible-full-phase-v2/temp/eligible-0061/pytest/test_hook_exits_0_when_python_0/crash.py 2&gt;/dev/null || exit 0'\n&quot;).returncode">harness/tests/livework/test_heartbeat_hook.py:71: in test_hook_exits_0_when_python_crashes
    assert result.returncode == 0
E   assert 2 == 0
E    +  where 2 = CompletedProcess(args=['bash', '/Users/jamesyuan/Developer/Github Repos (On Git)/BetterSolar/docs/testing/test-runs/20...mp/eligible-full-phase-v2/temp/eligible-0061/pytest/test_hook_exits_0_when_python_0/crash.py 2&gt;/dev/null || exit 0'\n").returncode</failure></testcase></testsuite></testsuites>