<?xml version="1.0" encoding="utf-8"?><testsuites name="pytest tests"><testsuite name="pytest" errors="0" failures="0" skipped="0" tests="7" time="0.047" timestamp="2026-07-10T10:07:16.548575-04:00" hostname="Jamess-MacBook-Pro.local"><testcase classname="harness.tests.test_dispatcher_env_passthrough.TestBrokerEnv" name="test_defaults_when_env_empty" time="0.019" /><testcase classname="harness.tests.test_dispatcher_env_passthrough.TestBrokerEnv" name="test_broker_enabled_zero_forwarded" time="0.000" /><testcase classname="harness.tests.test_dispatcher_env_passthrough.TestBrokerEnabledZeroDispatchPath" name="test_broker_env_zero_does_not_block_env_copy" time="0.000" /><testcase classname="harness.tests.test_dispatcher_env_passthrough.TestGraphSchedulerSignatureUnchanged" name="test_graph_scheduler_public_functions_present" time="0.000" /><testcase classname="harness.tests.test_dispatcher_env_passthrough.TestGraphSchedulerSignatureUnchanged" name="test_graph_scheduler_signature_load_graph" time="0.000" /><testcase classname="harness.tests.test_dispatcher_env_passthrough.TestGraphSchedulerSignatureUnchanged" name="test_graph_scheduler_signature_ready_nodes" time="0.000" /><testcase classname="harness.tests.test_dispatcher_env_passthrough.TestGraphSchedulerSignatureUnchanged" name="test_graph_scheduler_signature_assign_ready" time="0.000" /></testsuite></testsuites>