<?xml version="1.0" encoding="utf-8"?><testsuites name="pytest tests"><testsuite name="pytest" errors="0" failures="0" skipped="0" tests="3" time="0.045" timestamp="2026-07-10T10:06:55.260985-04:00" hostname="Jamess-MacBook-Pro.local"><testcase classname="harness.tests.runtime.test_actor_lease" name="test_lease_state_fields" time="0.000" /><testcase classname="harness.tests.runtime.test_actor_lease" name="test_ready_to_leased_to_running_to_finalizing_to_ready" time="0.002" /><testcase classname="harness.tests.runtime.test_actor_lease" name="test_no_tmux_scheduler_calls" time="0.000" /></testsuite></testsuites>