<?xml version="1.0" encoding="utf-8"?><testsuites name="pytest tests"><testsuite name="pytest" errors="0" failures="0" skipped="2" tests="2" time="0.031" timestamp="2026-07-10T10:06:50.508054-04:00" hostname="Jamess-MacBook-Pro.local"><testcase classname="harness.tests.research_integration.test_dag_router.TestLoadTemplate" name="test_substitutes_research_sid_in_write_scope" time="0.000"><skipped type="pytest.skip" message="dag-template.json not found">/Users/jamesyuan/Developer/Github Repos (On Git)/BetterSolar/docs/testing/test-runs/20260710-0121-qa-full-audit/tmp/checkout/harness/tests/research_integration/test_dag_router.py:78: dag-template.json not found</skipped></testcase><testcase classname="harness.tests.research_integration.test_dag_router.TestFanOutExpansion" name="test_write_scope_has_section_specific_paths" time="0.000"><skipped type="pytest.skip" message="dag-template.json not found">/Users/jamesyuan/Developer/Github Repos (On Git)/BetterSolar/docs/testing/test-runs/20260710-0121-qa-full-audit/tmp/checkout/harness/tests/research_integration/test_dag_router.py:133: dag-template.json not found</skipped></testcase></testsuite></testsuites>