<?xml version="1.0" encoding="utf-8"?><testsuites name="pytest tests"><testsuite name="pytest" errors="0" failures="0" skipped="0" tests="9" time="0.029" timestamp="2026-07-10T10:06:49.703641-04:00" hostname="Jamess-MacBook-Pro.local"><testcase classname="harness.tests.research.unit.test_ids.TestIdPrefixes" name="test_all_helpers_have_prefix" time="0.000" /><testcase classname="harness.tests.research.unit.test_ids.TestIdPrefixes" name="test_connector_id_prefix" time="0.000" /><testcase classname="harness.tests.research.unit.test_ids.TestIdPrefixes" name="test_hit_id_prefix" time="0.000" /><testcase classname="harness.tests.research.unit.test_ids.TestIdPrefixes" name="test_doc_id_prefix" time="0.000" /><testcase classname="harness.tests.research.unit.test_ids.TestIdPrefixes" name="test_evidence_id_prefix" time="0.000" /><testcase classname="harness.tests.research.unit.test_ids.TestIdPrefixes" name="test_claim_id_prefix" time="0.000" /><testcase classname="harness.tests.research.unit.test_ids.TestIdPrefixes" name="test_link_id_prefix" time="0.000" /><testcase classname="harness.tests.research.unit.test_ids.TestIdPrefixes" name="test_citation_id_prefix" time="0.000" /><testcase classname="harness.tests.research.unit.test_ids.TestIdPrefixes" name="test_ast_id_prefix" time="0.000" /></testsuite></testsuites>