<?xml version="1.0" encoding="utf-8"?><testsuites name="pytest tests"><testsuite name="pytest" errors="0" failures="0" skipped="0" tests="5" time="8.873" timestamp="2026-07-10T10:06:21.491942-04:00" hostname="Jamess-MacBook-Pro.local"><testcase classname="harness.tests.graph.test_autosci_eval_dispatch" name="test_dispatch_node_evals_routes_autosci_contract_to_autosci_evaluator_green" time="1.290" /><testcase classname="harness.tests.graph.test_autosci_eval_dispatch" name="test_normal_intake_autosci_graph_dispatches_autosci_evaluator_after_handoff" time="2.698" /><testcase classname="harness.tests.graph.test_autosci_eval_dispatch" name="test_normal_intake_autosci_dispatch_ready_uses_exact_autosci_operator" time="0.954" /><testcase classname="harness.tests.graph.test_autosci_eval_dispatch" name="test_autosci_operator_direct_dispatch_submits_to_operator_runtime" time="2.221" /><testcase classname="harness.tests.graph.test_autosci_eval_dispatch" name="test_dispatch_node_evals_autosci_fail_blocks_stage_red" time="1.677" /></testsuite></testsuites>