<?xml version="1.0" encoding="utf-8"?><testsuites name="pytest tests"><testsuite name="pytest" errors="0" failures="1" skipped="0" tests="21" time="49.489" timestamp="2026-07-10T09:58:35.020652-04:00" hostname="Jamess-MacBook-Pro.local"><testcase classname="harness.plugins.autosci.tests.test_autosci_skill_shim" name="test_autosci_skill_shim_lists_configured_skills" time="0.112" /><testcase classname="harness.plugins.autosci.tests.test_autosci_skill_shim" name="test_autosci_skill_shim_lists_skills_with_dollar_alias" time="0.051" /><testcase classname="harness.plugins.autosci.tests.test_autosci_skill_shim" name="test_autosci_skill_shim_runs_ingest_and_gate" time="1.250" /><testcase classname="harness.plugins.autosci.tests.test_autosci_skill_shim" name="test_autosci_skill_shim_runs_ingest_with_dollar_skill_alias" time="1.078" /><testcase classname="harness.plugins.autosci.tests.test_autosci_skill_shim" name="test_autosci_skill_shim_runs_direct_dollar_skill" time="1.063" /><testcase classname="harness.plugins.autosci.tests.test_autosci_skill_shim" name="test_autosci_skill_shim_runs_single_token_dollar_command_with_flags" time="4.397" /><testcase classname="harness.plugins.autosci.tests.test_autosci_skill_shim" name="test_autosci_skill_shim_runs_text_dollar_command" time="1.075" /><testcase classname="harness.plugins.autosci.tests.test_autosci_skill_shim" name="test_autosci_skill_shim_maps_positional_ingest_source" time="1.062" /><testcase classname="harness.plugins.autosci.tests.test_autosci_skill_shim" name="test_autosci_skill_shim_ingests_pdf_with_extracted_text_and_no_fixture_leakage" time="1.175"><failure message="AssertionError: assert 'ingest_sourc...on_incomplete' == 'ingest_sourc...tration_ready'&#10;  &#10;  - ingest_source_registration_ready&#10;  ?                            ^ ^^^&#10;  + ingest_source_registration_incomplete&#10;  ?                            ^^^^^^^ ^^">harness/plugins/autosci/tests/test_autosci_skill_shim.py:456: in test_autosci_skill_shim_ingests_pdf_with_extracted_text_and_no_fixture_leakage
    assert boundary["status"] == "ingest_source_registration_ready"
E   AssertionError: assert 'ingest_sourc...on_incomplete' == 'ingest_sourc...tration_ready'
E     
E     - ingest_source_registration_ready
E     ?                            ^ ^^^
E     + ingest_source_registration_incomplete
E     ?                            ^^^^^^^ ^^</failure></testcase><testcase classname="harness.plugins.autosci.tests.test_autosci_skill_shim" name="test_autosci_skill_shim_ingest_final_source_registration_boundary_ready_with_wiki_state" time="1.074" /><testcase classname="harness.plugins.autosci.tests.test_autosci_skill_shim" name="test_autosci_skill_shim_accepts_original_ingest_followup_flags" time="1.074" /><testcase classname="harness.plugins.autosci.tests.test_autosci_skill_shim" name="test_autosci_skill_shim_accepts_discover_from_wiki_limit" time="0.559" /><testcase classname="harness.plugins.autosci.tests.test_autosci_skill_shim" name="test_autosci_skill_shim_runs_research_pipeline" time="6.273" /><testcase classname="harness.plugins.autosci.tests.test_autosci_skill_shim" name="test_autosci_skill_shim_research_start_from_writes_pipeline_artifacts" time="0.399" /><testcase classname="harness.plugins.autosci.tests.test_autosci_skill_shim" name="test_autosci_skill_shim_research_lifecycle_completes_from_verified_stage_evidence" time="0.391" /><testcase classname="harness.plugins.autosci.tests.test_autosci_skill_shim" name="test_autosci_skill_shim_research_lifecycle_ignores_weak_scheduler_summary" time="0.368" /><testcase classname="harness.plugins.autosci.tests.test_autosci_skill_shim" name="test_autosci_skill_shim_research_lifecycle_completes_from_strict_scheduler_summary" time="0.407" /><testcase classname="harness.plugins.autosci.tests.test_autosci_skill_shim" name="test_autosci_skill_shim_research_scheduler_run_attaches_blocked_summary" time="1.254" /><testcase classname="harness.plugins.autosci.tests.test_autosci_skill_shim" name="test_autosci_skill_shim_research_scheduler_demo_uses_multi_node_preset" time="3.409" /><testcase classname="harness.plugins.autosci.tests.test_autosci_skill_shim" name="test_autosci_skill_shim_research_legacy_scheduler_run_attaches_blocked_summary" time="8.504" /><testcase classname="harness.plugins.autosci.tests.test_autosci_skill_shim" name="test_autosci_skill_shim_research_scheduler_strict_workflow_config_alignment_fails" time="8.778" /><testcase time="0.001" /></testsuite></testsuites>