<?xml version="1.0" encoding="utf-8"?><testsuites name="pytest tests"><testsuite name="pytest" errors="1" failures="0" skipped="0" tests="1" time="0.059" timestamp="2026-07-10T09:58:33.400345-04:00" hostname="Jamess-MacBook-Pro.local"><testcase classname="" name="harness.integrations.gemini_deep_research.orchestration.test_auto_activation" time="0.000"><error message="collection failure">ImportError while importing test module '/Users/jamesyuan/Developer/Github Repos (On Git)/BetterSolar/docs/testing/test-runs/20260710-0121-qa-full-audit/tmp/checkout/harness/integrations/gemini_deep_research/orchestration/test_auto_activation.py'.
Hint: make sure your test modules/packages have valid Python names.
Traceback:
/Users/jamesyuan/.local/share/mise/installs/python/3.14.2/lib/python3.14/importlib/__init__.py:88: in import_module
    return _bootstrap._gcd_import(name[level:], package, level)
           ^^^^^^^^^^^^^^^^^^^^^^^^^^^^^^^^^^^^^^^^^^^^^^^^^^^^
harness/integrations/gemini_deep_research/orchestration/__init__.py:3: in &lt;module&gt;
    from .auto_activation import (
harness/integrations/gemini_deep_research/orchestration/auto_activation.py:30: in &lt;module&gt;
    from gemini_deep_research.core.state_machine import ControllerState  # noqa: E402
    ^^^^^^^^^^^^^^^^^^^^^^^^^^^^^^^^^^^^^^^^^^^^^^^^^^^^^^^^^^^^^^^^^^^
E   ModuleNotFoundError: No module named 'gemini_deep_research.core'</error></testcase></testsuite></testsuites>