<?xml version="1.0" encoding="utf-8"?><testsuites name="pytest tests"><testsuite name="pytest" errors="0" failures="0" skipped="0" tests="37" time="0.035" timestamp="2026-07-10T09:58:34.144163-04:00" hostname="Jamess-MacBook-Pro.local"><testcase classname="harness.lib.social_browser_backend_x.test_cli_status.TestCliArgs" name="test_cli_backend_maps_to_schema_backend" time="0.000" /><testcase classname="harness.lib.social_browser_backend_x.test_cli_status.TestCliArgs" name="test_five_backend_choices_present" time="0.000" /><testcase classname="harness.lib.social_browser_backend_x.test_cli_status.TestCliArgs" name="test_parse_args_each_backend" time="0.001" /><testcase classname="harness.lib.social_browser_backend_x.test_cli_status.TestCliArgs" name="test_parse_args_json_only_flag" time="0.000" /><testcase classname="harness.lib.social_browser_backend_x.test_cli_status.TestCliArgs" name="test_parse_args_minimum" time="0.000" /><testcase classname="harness.lib.social_browser_backend_x.test_cli_status.TestCliArgs" name="test_parse_args_with_limit" time="0.000" /><testcase classname="harness.lib.social_browser_backend_x.test_cli_status.TestCliExitCodes" name="test_default_callback_returns_lease_fallback" time="0.000" /><testcase classname="harness.lib.social_browser_backend_x.test_cli_status.TestCliExitCodes" name="test_exit_code_set" time="0.000" /><testcase classname="harness.lib.social_browser_backend_x.test_cli_status.TestCliExitCodes" name="test_exit_one_on_lease_fallback" time="0.000" /><testcase classname="harness.lib.social_browser_backend_x.test_cli_status.TestCliExitCodes" name="test_exit_three_on_missing_required_arg" time="0.000" /><testcase classname="harness.lib.social_browser_backend_x.test_cli_status.TestCliExitCodes" name="test_exit_three_on_negative_limit" time="0.000" /><testcase classname="harness.lib.social_browser_backend_x.test_cli_status.TestCliExitCodes" name="test_exit_three_on_unknown_backend" time="0.000" /><testcase classname="harness.lib.social_browser_backend_x.test_cli_status.TestCliExitCodes" name="test_exit_three_when_pipeline_raises" time="0.000" /><testcase classname="harness.lib.social_browser_backend_x.test_cli_status.TestCliExitCodes" name="test_exit_two_on_rate_limit" time="0.000" /><testcase classname="harness.lib.social_browser_backend_x.test_cli_status.TestCliExitCodes" name="test_exit_zero_on_success" time="0.000" /><testcase classname="harness.lib.social_browser_backend_x.test_cli_status.TestCliExitCodes" name="test_invalid_exit_code_from_callback_maps_to_config_error" time="0.000" /><testcase classname="harness.lib.social_browser_backend_x.test_cli_status.TestStatusSurface" name="test_browser_ready_zero_when_not_ready" time="0.000" /><testcase classname="harness.lib.social_browser_backend_x.test_cli_status.TestStatusSurface" name="test_enabled_exceeds_total_raises" time="0.000" /><testcase classname="harness.lib.social_browser_backend_x.test_cli_status.TestStatusSurface" name="test_fallback_count_excludes_primary" time="0.000" /><testcase classname="harness.lib.social_browser_backend_x.test_cli_status.TestStatusSurface" name="test_invalid_scan_state_raises" time="0.000" /><testcase classname="harness.lib.social_browser_backend_x.test_cli_status.TestStatusSurface" name="test_negative_parse_fail_raises" time="0.000" /><testcase classname="harness.lib.social_browser_backend_x.test_cli_status.TestStatusSurface" name="test_primary_backend_constant" time="0.000" /><testcase classname="harness.lib.social_browser_backend_x.test_cli_status.TestStatusSurface" name="test_render_concrete_values" time="0.000" /><testcase classname="harness.lib.social_browser_backend_x.test_cli_status.TestStatusSurface" name="test_render_emits_all_seven_keys" time="0.000" /><testcase classname="harness.lib.social_browser_backend_x.test_cli_status.TestStatusSurface" name="test_render_includes_by_backend_count_map" time="0.000" /><testcase classname="harness.lib.social_browser_backend_x.test_cli_status.TestStatusSurface" name="test_render_json_round_trip" time="0.000" /><testcase classname="harness.lib.social_browser_backend_x.test_cli_status.TestStatusSurface" name="test_seven_indicators" time="0.000" /><testcase classname="harness.lib.social_browser_backend_x.test_cli_status.TestStatusSurface" name="test_valid_scan_states_inventory" time="0.000" /><testcase classname="harness.lib.social_browser_backend_x.test_cli_status.TestCliEndToEnd" name="test_full_envelope_shape_ok_path" time="0.000" /><testcase classname="harness.lib.social_browser_backend_x.test_cli_status.TestNoSecretLeaksC5" name="test_no_forbidden_tokens_in_module_sources" time="0.002" /></testsuite></testsuites>