<?xml version="1.0" encoding="utf-8"?><testsuites name="pytest tests"><testsuite name="pytest" errors="0" failures="0" skipped="0" tests="14" time="0.950" timestamp="2026-07-10T09:58:32.144683-04:00" hostname="Jamess-MacBook-Pro.local"><testcase classname="tests.test_cli.OpenSolarCliTests" name="test_help_contains_install_commands_examples_and_warnings" time="0.000" /><testcase classname="tests.test_cli.OpenSolarCliTests" name="test_install_accepts_file_url_get_solar_override" time="0.025" /><testcase classname="tests.test_cli.OpenSolarCliTests" name="test_install_accepts_legacy_get_solar_override" time="0.024" /><testcase classname="tests.test_cli.OpenSolarCliTests" name="test_install_forwards_arguments_exactly_and_preserves_env" time="0.025" /><testcase classname="tests.test_cli.OpenSolarCliTests" name="test_installed_solar_commands_delegate_to_lifecycle" time="0.853" /><testcase classname="tests.test_cli.OpenSolarCliTests" name="test_missing_installed_solar_has_clear_error_for_lifecycle_commands" time="0.002" /><testcase classname="tests.test_cli.OpenSolarCliTests" name="test_native_windows_guard_fails_loud" time="0.000" /><testcase classname="tests.test_cli.OpenSolarCliTests" name="test_source_not_found_is_nonzero" time="0.000" /></testsuite></testsuites>