<?xml version="1.0" encoding="utf-8"?><testsuites name="pytest tests"><testsuite name="pytest" errors="0" failures="0" skipped="0" tests="15" time="0.034" timestamp="2026-07-10T09:58:34.518086-04:00" hostname="Jamess-MacBook-Pro.local"><testcase classname="harness.lib.social_browser_backend_x.test_lease_ratelimit.TestMockFixtureSurface" name="test_fixture_lookup_by_url" time="0.000" /><testcase classname="harness.lib.social_browser_backend_x.test_lease_ratelimit.TestMockFixtureSurface" name="test_fixtures_have_unique_handles_and_dom_hashes" time="0.000" /><testcase classname="harness.lib.social_browser_backend_x.test_lease_ratelimit.TestMockFixtureSurface" name="test_mock_mode_env" time="0.000" /><testcase classname="harness.lib.social_browser_backend_x.test_lease_ratelimit.TestBrowserLeaseClientSixMethods" name="test_method_names_constant" time="0.000" /><testcase classname="harness.lib.social_browser_backend_x.test_lease_ratelimit.TestBrowserLeaseClientSixMethods" name="test_open_unknown_url_returns_ok_false" time="0.000" /><testcase classname="harness.lib.social_browser_backend_x.test_lease_ratelimit.TestBrowserLeaseClientMockFallback" name="test_blocker_guard_exception_falls_back_to_mock" time="0.000" /><testcase classname="harness.lib.social_browser_backend_x.test_lease_ratelimit.TestBrowserLeaseClientMockFallback" name="test_env_mock_mode_picks_mock" time="0.000" /><testcase classname="harness.lib.social_browser_backend_x.test_lease_ratelimit.TestBrowserLeaseClientMockFallback" name="test_explicit_backend_overrides" time="0.000" /><testcase classname="harness.lib.social_browser_backend_x.test_lease_ratelimit.TestBrowserLeaseClientMockFallback" name="test_real_factory_raises_operator_not_ready" time="0.000" /><testcase classname="harness.lib.social_browser_backend_x.test_lease_ratelimit.TestRateLimiterBehaviour" name="test_non_block_acquire_in_cooldown_raises" time="0.000" /><testcase classname="harness.lib.social_browser_backend_x.test_lease_ratelimit.TestRateLimiterBehaviour" name="test_record_success_resets_failures" time="0.000" /><testcase classname="harness.lib.social_browser_backend_x.test_lease_ratelimit.TestOperatorLeaseManagerBlocker" name="test_blocker_guard_exception_treated_as_unmet" time="0.000" /><testcase classname="harness.lib.social_browser_backend_x.test_lease_ratelimit.TestOperatorLeaseManagerBlocker" name="test_blocker_unmet_can_grant_mock_without_env_when_opt_in" time="0.000" /><testcase classname="harness.lib.social_browser_backend_x.test_lease_ratelimit.TestOperatorLeaseManagerBlocker" name="test_blocker_unmet_grants_mock_under_env_mock_mode" time="0.000" /><testcase classname="harness.lib.social_browser_backend_x.test_lease_ratelimit.TestNoSecretLeaks" name="test_no_forbidden_token_usage" time="0.001" /></testsuite></testsuites>